<?xml version="1.0" encoding="UTF-8"?>
<!-- Generated by org.testng.reporters.JUnitXMLReporter -->
<testsuite ignored="50" hostname="DESKTOP-SMCKNS5" failures="1" tests="1" name="Default test(failed)" time="225.78" errors="0" timestamp="2025-12-30T12:39:42 IST">
  <testcase classname="quickTestPointMasterTest.QuickMastersTest" name="TC_CD_014NegativeDeltaValueImpactInQuarterlyAndHalfYearlyCustomerAllocationForNegative" time="219.424">
    <failure type="org.openqa.selenium.TimeoutException" message="Expected condition failed: waiting for visibility of element located by By.xpath: //select[@id=&amp;apos;CustomerSpecificDelta&amp;apos;]/following-sibling::div//input[@type=&amp;apos;search&amp;apos;] (tried for 60 second(s) with 500 milliseconds interval)
Build info: version: &amp;apos;4.25.0&amp;apos;, revision: &amp;apos;8a8aea2337&amp;apos;
System info: os.name: &amp;apos;Windows 11&amp;apos;, os.arch: &amp;apos;amd64&amp;apos;, os.version: &amp;apos;10.0&amp;apos;, java.version: &amp;apos;21.0.7&amp;apos;
Driver info: org.openqa.selenium.chrome.ChromeDriver
Capabilities {acceptInsecureCerts: false, browserName: chrome, browserVersion: 143.0.7499.170, chrome: {chromedriverVersion: 143.0.7499.169 (164b20aab62..., userDataDir: C:\Users\Cma-018\AppData\Lo...}, fedcm:accounts: true, goog:chromeOptions: {debuggerAddress: localhost:49213}, goog:processID: 1496, networkConnectionEnabled: false, pageLoadStrategy: normal, platformName: windows, proxy: Proxy(), se:cdp: ws://localhost:49213/devtoo..., se:cdpVersion: 143.0.7499.170, setWindowRect: true, strictFileInteractability: false, timeouts: {implicit: 0, pageLoad: 300000, script: 30000}, unhandledPromptBehavior: dismiss and notify, webauthn:extension:credBlob: true, webauthn:extension:largeBlob: true, webauthn:extension:minPinLength: true, webauthn:extension:prf: true, webauthn:virtualAuthenticators: true}
Session ID: 003d47e04746112a068398425f67f7b7">
      <![CDATA[org.openqa.selenium.TimeoutException: Expected condition failed: waiting for visibility of element located by By.xpath: //select[@id='CustomerSpecificDelta']/following-sibling::div//input[@type='search'] (tried for 60 second(s) with 500 milliseconds interval)
Build info: version: '4.25.0', revision: '8a8aea2337'
System info: os.name: 'Windows 11', os.arch: 'amd64', os.version: '10.0', java.version: '21.0.7'
Driver info: org.openqa.selenium.chrome.ChromeDriver
Capabilities {acceptInsecureCerts: false, browserName: chrome, browserVersion: 143.0.7499.170, chrome: {chromedriverVersion: 143.0.7499.169 (164b20aab62..., userDataDir: C:\Users\Cma-018\AppData\Lo...}, fedcm:accounts: true, goog:chromeOptions: {debuggerAddress: localhost:49213}, goog:processID: 1496, networkConnectionEnabled: false, pageLoadStrategy: normal, platformName: windows, proxy: Proxy(), se:cdp: ws://localhost:49213/devtoo..., se:cdpVersion: 143.0.7499.170, setWindowRect: true, strictFileInteractability: false, timeouts: {implicit: 0, pageLoad: 300000, script: 30000}, unhandledPromptBehavior: dismiss and notify, webauthn:extension:credBlob: true, webauthn:extension:largeBlob: true, webauthn:extension:minPinLength: true, webauthn:extension:prf: true, webauthn:virtualAuthenticators: true}
Session ID: 003d47e04746112a068398425f67f7b7
at org.openqa.selenium.support.ui.WebDriverWait.timeoutException(WebDriverWait.java:84)
at org.openqa.selenium.support.ui.FluentWait.until(FluentWait.java:228)
at com.helper.Base.waitForExpectedElement(Base.java:412)
at com.Pages.CommodityDetailsPage.enterRmandScrapvalueForcalculatingRmAndScrapvalueforcustomerAllocation(CommodityDetailsPage.java:6329)
at quickTestPointMasterTest.QuickMastersTest.TC_CD_014NegativeDeltaValueImpactInQuarterlyAndHalfYearlyCustomerAllocationForNegative(QuickMastersTest.java:1005)
at java.base/java.util.ArrayList.forEach(ArrayList.java:1596)
... Removed 25 stack frames]]>
    </failure>
  </testcase> <!-- TC_CD_014NegativeDeltaValueImpactInQuarterlyAndHalfYearlyCustomerAllocationForNegative -->
  <testcase classname="quickTestPointMasterTest.QuickMastersTest" name="TC_CD_098ViewSearchResultHalfValuesWithSpecialCharacter" time="0.0">
    <ignored/>
  </testcase> <!-- TC_CD_098ViewSearchResultHalfValuesWithSpecialCharacter -->
  <testcase classname="quickTestPointMasterTest.QuickMastersTest" name="TC_BOP_012VerifyEditBopFunctionalityForStandard" time="0.0">
    <ignored/>
  </testcase> <!-- TC_BOP_012VerifyEditBopFunctionalityForStandard -->
  <testcase classname="quickTestPointMasterTest.QuickMastersTest" name="TC_CD_026ExportGroupDirectCost" time="0.0">
    <ignored/>
  </testcase> <!-- TC_CD_026ExportGroupDirectCost -->
  <testcase classname="quickTestPointMasterTest.QuickMastersTest" name="Sup_007VerifyDuplicateEntryBusinessSegment" time="0.0">
    <ignored/>
  </testcase> <!-- Sup_007VerifyDuplicateEntryBusinessSegment -->
  <testcase classname="quickTestPointMasterTest.QuickMastersTest" name="TC_COM_014ExportFormatAndFilterValidation" time="0.0">
    <ignored/>
  </testcase> <!-- TC_COM_014ExportFormatAndFilterValidation -->
  <testcase classname="quickTestPointMasterTest.QuickMastersTest" name="TC_CD_004MandatoryFieldValidationSaveWithEmptyFieldsWithOutShape" time="0.0">
    <ignored/>
  </testcase> <!-- TC_CD_004MandatoryFieldValidationSaveWithEmptyFieldsWithOutShape -->
  <testcase classname="quickTestPointMasterTest.QuickMastersTest" name="TC_BOP_010VerifySuccessfulBopSaveForInhouse" time="0.0">
    <ignored/>
  </testcase> <!-- TC_BOP_010VerifySuccessfulBopSaveForInhouse -->
  <testcase classname="quickTestPointMasterTest.QuickMastersTest" name="TC_CD_028ImportNewGradeAdditionExcelFileAndValidateAllDataHasBeenLoadedCorrectlyOrNot" time="0.0">
    <ignored/>
  </testcase> <!-- TC_CD_028ImportNewGradeAdditionExcelFileAndValidateAllDataHasBeenLoadedCorrectlyOrNot -->
  <testcase classname="quickTestPointMasterTest.QuickMastersTest" name="Sup018AfterCreatingANewSupplierInTheSupplierMasterTheUserShouldBeAbleToAllocateRawMaterial" time="0.0">
    <ignored/>
  </testcase> <!-- Sup018AfterCreatingANewSupplierInTheSupplierMasterTheUserShouldBeAbleToAllocateRawMaterial -->
  <testcase classname="quickTestPointMasterTest.QuickMastersTest" name="TC_CD_015SaveAsNew" time="0.0">
    <ignored/>
  </testcase> <!-- TC_CD_015SaveAsNew -->
  <testcase classname="quickTestPointMasterTest.QuickMastersTest" name="TC_CD_015SaveCommodityDetails" time="0.0">
    <ignored/>
  </testcase> <!-- TC_CD_015SaveCommodityDetails -->
  <testcase classname="quickTestPointMasterTest.QuickMastersTest" name="TC_BOP_010VerifySuccessfulBopSaveForStandard" time="0.0">
    <ignored/>
  </testcase> <!-- TC_BOP_010VerifySuccessfulBopSaveForStandard -->
  <testcase classname="quickTestPointMasterTest.QuickMastersTest" name="TC_CD_012DeltaPricesValidationWith3To4DecimalPrecision" time="0.0">
    <ignored/>
  </testcase> <!-- TC_CD_012DeltaPricesValidationWith3To4DecimalPrecision -->
  <testcase classname="quickTestPointMasterTest.QuickMastersTest" name="TC_COM_019PostImportViewTableValidation" time="0.0">
    <ignored/>
  </testcase> <!-- TC_COM_019PostImportViewTableValidation -->
  <testcase classname="quickTestPointMasterTest.QuickMastersTest" name="TC_CD_024ExportPriceUpdate" time="0.0">
    <ignored/>
  </testcase> <!-- TC_CD_024ExportPriceUpdate -->
  <testcase classname="quickTestPointMasterTest.QuickMastersTest" name="verifyEditButtonIsWorkingOrNotWithBusinessDomain" time="0.0">
    <ignored/>
  </testcase> <!-- verifyEditButtonIsWorkingOrNotWithBusinessDomain -->
  <testcase classname="quickTestPointMasterTest.QuickMastersTest" name="TC_CD_010SaveNegativeValuesForRmAndScrap" time="0.0">
    <ignored/>
  </testcase> <!-- TC_CD_010SaveNegativeValuesForRmAndScrap -->
  <testcase classname="quickTestPointMasterTest.QuickMastersTest" name="TC_CD_014NegativeDeltaValueImpactInQuarterlyAndHalfYearly" time="0.0">
    <ignored/>
  </testcase> <!-- TC_CD_014NegativeDeltaValueImpactInQuarterlyAndHalfYearly -->
  <testcase classname="quickTestPointMasterTest.QuickMastersTest" name="TC_CD_011QuarterlyAndHalfYearlyCalculationsForRmAndScrap" time="0.0">
    <ignored/>
  </testcase> <!-- TC_CD_011QuarterlyAndHalfYearlyCalculationsForRmAndScrap -->
  <testcase classname="quickTestPointMasterTest.QuickMastersTest" name="TC_CD_004MandatoryFieldValidationSaveWithEmptyFieldsWithOutYear" time="0.0">
    <ignored/>
  </testcase> <!-- TC_CD_004MandatoryFieldValidationSaveWithEmptyFieldsWithOutYear -->
  <testcase classname="quickTestPointMasterTest.QuickMastersTest" name="TC_CD_028ImportGroupDeltaExcelFileAndValidateAllDataHasBeenLoadedCorrectlyOrNot" time="0.0">
    <ignored/>
  </testcase> <!-- TC_CD_028ImportGroupDeltaExcelFileAndValidateAllDataHasBeenLoadedCorrectlyOrNot -->
  <testcase classname="quickTestPointMasterTest.QuickMastersTest" name="VerifyResetButtonIsWorkingOrNot" time="0.0">
    <ignored/>
  </testcase> <!-- VerifyResetButtonIsWorkingOrNot -->
  <testcase classname="quickTestPointMasterTest.QuickMastersTest" name="TC_CD_033ViewDomesticToggle" time="0.0">
    <ignored/>
  </testcase> <!-- TC_CD_033ViewDomesticToggle -->
  <testcase classname="quickTestPointMasterTest.QuickMastersTest" name="TC_CD_028ImportDirectPriceExcelFileAndValidateAllDataHasBeenLoadedCorrectlyOrNot" time="0.0">
    <ignored/>
  </testcase> <!-- TC_CD_028ImportDirectPriceExcelFileAndValidateAllDataHasBeenLoadedCorrectlyOrNot -->
  <testcase classname="quickTestPointMasterTest.QuickMastersTest" name="TC_CD_098ViewSearchResultHalfMatchesTotalCount" time="0.0">
    <ignored/>
  </testcase> <!-- TC_CD_098ViewSearchResultHalfMatchesTotalCount -->
  <testcase classname="quickTestPointMasterTest.QuickMastersTest" name="TC_CD_023CustomerSavePromptValidation" time="0.0">
    <ignored/>
  </testcase> <!-- TC_CD_023CustomerSavePromptValidation -->
  <testcase classname="quickTestPointMasterTest.QuickMastersTest" name="TC_COM_003SaveAsNewForCommodityGroup" time="0.0">
    <ignored/>
  </testcase> <!-- TC_COM_003SaveAsNewForCommodityGroup -->
  <testcase classname="quickTestPointMasterTest.QuickMastersTest" name="TC_CD_033YealryToggle" time="0.0">
    <ignored/>
  </testcase> <!-- TC_CD_033YealryToggle -->
  <testcase classname="quickTestPointMasterTest.QuickMastersTest" name="TC_CD_003DropdownCommodityGroupClassificationSpecificGrade" time="0.0">
    <ignored/>
  </testcase> <!-- TC_CD_003DropdownCommodityGroupClassificationSpecificGrade -->
  <testcase classname="quickTestPointMasterTest.QuickMastersTest" name="Sup_019ButtonsAppearanceAfterClickOnEditButtonsForUpdate" time="0.0">
    <ignored/>
  </testcase> <!-- Sup_019ButtonsAppearanceAfterClickOnEditButtonsForUpdate -->
  <testcase classname="quickTestPointMasterTest.QuickMastersTest" name="TC_CD_013SpecificDeltaCustomerAllocation" time="0.0">
    <ignored/>
  </testcase> <!-- TC_CD_013SpecificDeltaCustomerAllocation -->
  <testcase classname="quickTestPointMasterTest.QuickMastersTest" name="TC_CD_098ViewSearchResultMatchesTotalCount" time="0.0">
    <ignored/>
  </testcase> <!-- TC_CD_098ViewSearchResultMatchesTotalCount -->
  <testcase classname="quickTestPointMasterTest.QuickMastersTest" name="TC_CD_025ExportGroupDelta" time="0.0">
    <ignored/>
  </testcase> <!-- TC_CD_025ExportGroupDelta -->
  <testcase classname="quickTestPointMasterTest.QuickMastersTest" name="TC_CD_033ViewImportedToggle" time="0.0">
    <ignored/>
  </testcase> <!-- TC_CD_033ViewImportedToggle -->
  <testcase classname="quickTestPointMasterTest.QuickMastersTest" name="TC_COM_001SaveANewCommodityGroup" time="0.0">
    <ignored/>
  </testcase> <!-- TC_COM_001SaveANewCommodityGroup -->
  <testcase classname="quickTestPointMasterTest.QuickMastersTest" name="TC_COM_002EditAndUpdateExistingCommodityGroup" time="0.0">
    <ignored/>
  </testcase> <!-- TC_COM_002EditAndUpdateExistingCommodityGroup -->
  <testcase classname="quickTestPointMasterTest.QuickMastersTest" name="TC_CD_004MandatoryFieldValidationSaveWithEmptyFieldsWithOutUOM" time="0.0">
    <ignored/>
  </testcase> <!-- TC_CD_004MandatoryFieldValidationSaveWithEmptyFieldsWithOutUOM -->
  <testcase classname="quickTestPointMasterTest.QuickMastersTest" name="TC_CD_023SupplierSavePromptValidation" time="0.0">
    <ignored/>
  </testcase> <!-- TC_CD_023SupplierSavePromptValidation -->
  <testcase classname="quickTestPointMasterTest.QuickMastersTest" name="Sup_018_SupplierAllocationforProcessMaster" time="0.0">
    <ignored/>
  </testcase> <!-- Sup_018_SupplierAllocationforProcessMaster -->
  <testcase classname="quickTestPointMasterTest.QuickMastersTest" name="Sup_006VerifyThatWhenAUserCreatesANewBusinessSegment" time="0.0">
    <ignored/>
  </testcase> <!-- Sup_006VerifyThatWhenAUserCreatesANewBusinessSegment -->
  <testcase classname="quickTestPointMasterTest.QuickMastersTest" name="Sup_006VerifyThatWhenAUserCreatesANewBusinessDomain" time="0.0">
    <ignored/>
  </testcase> <!-- Sup_006VerifyThatWhenAUserCreatesANewBusinessDomain -->
  <testcase classname="quickTestPointMasterTest.QuickMastersTest" name="verifyEditButtonIsWorkingOrNotWithBusinessSegMent" time="0.0">
    <ignored/>
  </testcase> <!-- verifyEditButtonIsWorkingOrNotWithBusinessSegMent -->
  <testcase classname="quickTestPointMasterTest.QuickMastersTest" name="TC_CD_015UpdtaedCommodityDetails" time="0.0">
    <ignored/>
  </testcase> <!-- TC_CD_015UpdtaedCommodityDetails -->
  <testcase classname="quickTestPointMasterTest.QuickMastersTest" name="TC_CD_004MandatoryFieldValidationSaveWithEmptyFieldsWithOutCommodityGroup" time="0.0">
    <ignored/>
  </testcase> <!-- TC_CD_004MandatoryFieldValidationSaveWithEmptyFieldsWithOutCommodityGroup -->
  <testcase classname="quickTestPointMasterTest.QuickMastersTest" name="Sup_019ButtonsAppearanceAfterClickOnEditButtons" time="0.0">
    <ignored/>
  </testcase> <!-- Sup_019ButtonsAppearanceAfterClickOnEditButtons -->
  <testcase classname="quickTestPointMasterTest.QuickMastersTest" name="Sup_018_SupplierAllocationforOhpMaster" time="0.0">
    <ignored/>
  </testcase> <!-- Sup_018_SupplierAllocationforOhpMaster -->
  <testcase classname="quickTestPointMasterTest.QuickMastersTest" name="TC_CD_013SpecificDeltaSupplierAllocation" time="0.0">
    <ignored/>
  </testcase> <!-- TC_CD_013SpecificDeltaSupplierAllocation -->
  <testcase classname="quickTestPointMasterTest.QuickMastersTest" name="TC_BOP_010VerifySuccessfulBopSaveForImported" time="0.0">
    <ignored/>
  </testcase> <!-- TC_BOP_010VerifySuccessfulBopSaveForImported -->
  <testcase classname="quickTestPointMasterTest.QuickMastersTest" name="TC_BOP_012VerifyEditBopFunctionalityForImported" time="0.0">
    <ignored/>
  </testcase> <!-- TC_BOP_012VerifyEditBopFunctionalityForImported -->
  <testcase classname="quickTestPointMasterTest.QuickMastersTest" name="Sup_007VerifyDuplicateEntryBusinessDomain" time="0.0">
    <ignored/>
  </testcase> <!-- Sup_007VerifyDuplicateEntryBusinessDomain -->
</testsuite> <!-- Default test(failed) -->
