<?xml version="1.0" encoding="UTF-8"?>
<!-- Generated by org.testng.reporters.JUnitXMLReporter -->
<testsuite ignored="0" hostname="DESKTOP-SMCKNS5" failures="2" tests="2" name="ProcessRun" time="325.754" errors="0" timestamp="2025-12-02T18:26:28 IST">
  <testcase classname="com.Tests.ProcessMasterTest" name="TC_001verifyProcessDetailSaved" time="321.104">
    <failure type="java.lang.RuntimeException" message="Error in enterSpecificApplicabilityCustomerInformation">
      <![CDATA[java.lang.RuntimeException: Error in enterSpecificApplicabilityCustomerInformation
at com.Pages.ProcessMasterPage.enterSpecificApplicabilityCustomerInformation(ProcessMasterPage.java:254)
at com.Tests.ProcessMasterTest.TC_001verifyProcessDetailSaved(ProcessMasterTest.java:109)
at java.base/java.util.ArrayList.forEach(ArrayList.java:1596)
at java.base/java.util.concurrent.FutureTask.run(FutureTask.java:317)
at java.base/java.util.concurrent.ThreadPoolExecutor.runWorker(ThreadPoolExecutor.java:1144)
at java.base/java.util.concurrent.ThreadPoolExecutor$Worker.run(ThreadPoolExecutor.java:642)
at java.base/java.lang.Thread.run(Thread.java:1583)
Caused by: org.openqa.selenium.TimeoutException: Expected condition failed: waiting for visibility of element located by By.xpath: //select[@id='selectionWeight'] (tried for 15 second(s) with 500 milliseconds interval)
Build info: version: '4.25.0', revision: '8a8aea2337'
System info: os.name: 'Windows 11', os.arch: 'amd64', os.version: '10.0', java.version: '21.0.7'
Driver info: org.openqa.selenium.chrome.ChromeDriver
Capabilities {acceptInsecureCerts: false, browserName: chrome, browserVersion: 142.0.7444.176, chrome: {chromedriverVersion: 142.0.7444.175 (302067f14a4..., userDataDir: C:\Users\Cma-018\AppData\Lo...}, fedcm:accounts: true, goog:chromeOptions: {debuggerAddress: localhost:64922}, goog:processID: 12676, networkConnectionEnabled: false, pageLoadStrategy: normal, platformName: windows, proxy: Proxy(), se:cdp: ws://localhost:64922/devtoo..., se:cdpVersion: 142.0.7444.176, setWindowRect: true, strictFileInteractability: false, timeouts: {implicit: 0, pageLoad: 300000, script: 30000}, unhandledPromptBehavior: dismiss and notify, webauthn:extension:credBlob: true, webauthn:extension:largeBlob: true, webauthn:extension:minPinLength: true, webauthn:extension:prf: true, webauthn:virtualAuthenticators: true}
Session ID: d475413621f6121a4b8371dcabc92624
at org.openqa.selenium.support.ui.WebDriverWait.timeoutException(WebDriverWait.java:84)
at org.openqa.selenium.support.ui.FluentWait.until(FluentWait.java:228)
at com.helper.Base.waitForExpectedElement(Base.java:488)
at com.helper.Base.selectDropDownValue(Base.java:376)
at com.Pages.ProcessMasterPage.enterSpecificApplicabilityCustomerInformation(ProcessMasterPage.java:233)
... 21 more
... Removed 15 stack frames]]>
    </failure>
  </testcase> <!-- TC_001verifyProcessDetailSaved -->
  <testcase classname="com.Tests.ProcessMasterTest" name="TC_001verifyProcessDetailSaved" time="325.601">
    <failure type="java.lang.Error" message="Unresolved compilation problem: 
	The method takeScreenshot(String, String) is undefined for the type Base
">
      <![CDATA[java.lang.Error: Unresolved compilation problem: 
The method takeScreenshot(String, String) is undefined for the type Base

at com.helper.TestListeners.onTestFailure(TestListeners.java:55)
at java.base/java.util.ArrayList.forEach(ArrayList.java:1596)
at java.base/java.util.concurrent.FutureTask.run(FutureTask.java:317)
at java.base/java.util.concurrent.ThreadPoolExecutor.runWorker(ThreadPoolExecutor.java:1144)
at java.base/java.util.concurrent.ThreadPoolExecutor$Worker.run(ThreadPoolExecutor.java:642)
at java.base/java.lang.Thread.run(Thread.java:1583)
... Removed 14 stack frames]]>
    </failure>
  </testcase> <!-- TC_001verifyProcessDetailSaved -->
</testsuite> <!-- ProcessRun -->
