<?xml version="1.0" encoding="UTF-8"?>
<!-- Generated by org.testng.reporters.JUnitXMLReporter -->
<testsuite ignored="54" hostname="RISHIMANITRIPATHI" failures="0" tests="1" name="Default test" time="537.694" errors="0" timestamp="2026-01-03T22:14:46 IST">
  <testcase classname="quickTestPointMasterTest.QuickMastersTest" name="PT_C_68NonFerrousCastingProcurement" time="525.725"/>
  <testcase classname="quickTestPointMasterTest.QuickMastersTest" name="PT_C_134RubberMoldingProcurementSave" time="0.0">
    <ignored/>
  </testcase> <!-- PT_C_134RubberMoldingProcurementSave -->
  <testcase classname="quickTestPointMasterTest.QuickMastersTest" name="PT_C_16StandardShapesSalesForUpdate" time="0.0">
    <ignored/>
  </testcase> <!-- PT_C_16StandardShapesSalesForUpdate -->
  <testcase classname="quickTestPointMasterTest.QuickMastersTest" name="PlasticInjectionModuleAccessValidationProcurementSide" time="0.0">
    <ignored/>
  </testcase> <!-- PlasticInjectionModuleAccessValidationProcurementSide -->
  <testcase classname="quickTestPointMasterTest.QuickMastersTest" name="PT_C_57ModuleAccessValidationFerrousSales" time="0.0">
    <ignored/>
  </testcase> <!-- PT_C_57ModuleAccessValidationFerrousSales -->
  <testcase classname="quickTestPointMasterTest.QuickMastersTest" name="PT_C_57ModuleAccessValidationNonFerrousCastingSales" time="0.0">
    <ignored/>
  </testcase> <!-- PT_C_57ModuleAccessValidationNonFerrousCastingSales -->
  <testcase classname="quickTestPointMasterTest.QuickMastersTest" name="PT_C_117ExportingAllTheTemplatesForSupplierRubber" time="0.0">
    <ignored/>
  </testcase> <!-- PT_C_117ExportingAllTheTemplatesForSupplierRubber -->
  <testcase classname="quickTestPointMasterTest.QuickMastersTest" name="PT_C_27UpdatingForgingPartForProcurment" time="0.0">
    <ignored/>
  </testcase> <!-- PT_C_27UpdatingForgingPartForProcurment -->
  <testcase classname="quickTestPointMasterTest.QuickMastersTest" name="PT_C_122SavePlasticInjectionSales" time="0.0">
    <ignored/>
  </testcase> <!-- PT_C_122SavePlasticInjectionSales -->
  <testcase classname="quickTestPointMasterTest.QuickMastersTest" name="PT_C_117ExportingAllTheTemplatesPlasticsForCustomer" time="0.0">
    <ignored/>
  </testcase> <!-- PT_C_117ExportingAllTheTemplatesPlasticsForCustomer -->
  <testcase classname="quickTestPointMasterTest.QuickMastersTest" name="PT_C_30CopyCostingProcurnmentFerrousCasting" time="0.0">
    <ignored/>
  </testcase> <!-- PT_C_30CopyCostingProcurnmentFerrousCasting -->
  <testcase classname="quickTestPointMasterTest.QuickMastersTest" name="PT_C_27UpdatingFerrousCastingPartForProcurment" time="0.0">
    <ignored/>
  </testcase> <!-- PT_C_27UpdatingFerrousCastingPartForProcurment -->
  <testcase classname="quickTestPointMasterTest.QuickMastersTest" name="PT_C_95ExportingAllTheTemplatesForSupplier" time="0.0">
    <ignored/>
  </testcase> <!-- PT_C_95ExportingAllTheTemplatesForSupplier -->
  <testcase classname="quickTestPointMasterTest.QuickMastersTest" name="PT_C_85CopyCostingForNonFerrousSalesSide" time="0.0">
    <ignored/>
  </testcase> <!-- PT_C_85CopyCostingForNonFerrousSalesSide -->
  <testcase classname="quickTestPointMasterTest.QuickMastersTest" name="PT_C_62ExportingAllTheTemplatesNonSale" time="0.0">
    <ignored/>
  </testcase> <!-- PT_C_62ExportingAllTheTemplatesNonSale -->
  <testcase classname="quickTestPointMasterTest.QuickMastersTest" name="PT_C_115PlasticInjectionProcurementForUpdate" time="0.0">
    <ignored/>
  </testcase> <!-- PT_C_115PlasticInjectionProcurementForUpdate -->
  <testcase classname="quickTestPointMasterTest.QuickMastersTest" name="PT_C_01SaveStandardShapesForCustomerSide" time="0.0">
    <ignored/>
  </testcase> <!-- PT_C_01SaveStandardShapesForCustomerSide -->
  <testcase classname="quickTestPointMasterTest.QuickMastersTest" name="PT_C_62ExportingAllTheTemplates" time="0.0">
    <ignored/>
  </testcase> <!-- PT_C_62ExportingAllTheTemplates -->
  <testcase classname="quickTestPointMasterTest.QuickMastersTest" name="PT_C_07ExportingAllTheTemplates" time="0.0">
    <ignored/>
  </testcase> <!-- PT_C_07ExportingAllTheTemplates -->
  <testcase classname="quickTestPointMasterTest.QuickMastersTest" name="PT_C_137RubberMoldingProcurementUpdatingThePart" time="0.0">
    <ignored/>
  </testcase> <!-- PT_C_137RubberMoldingProcurementUpdatingThePart -->
  <testcase classname="quickTestPointMasterTest.QuickMastersTest" name="PT_C_107WirringHarnessSalesCopyCostingSales" time="0.0">
    <ignored/>
  </testcase> <!-- PT_C_107WirringHarnessSalesCopyCostingSales -->
  <testcase classname="quickTestPointMasterTest.QuickMastersTest" name="PT_C_38UpdatingThePartForgingSales" time="0.0">
    <ignored/>
  </testcase> <!-- PT_C_38UpdatingThePartForgingSales -->
  <testcase classname="quickTestPointMasterTest.QuickMastersTest" name="PT_C_45ModuleAccessValidationFerrousProcurement" time="0.0">
    <ignored/>
  </testcase> <!-- PT_C_45ModuleAccessValidationFerrousProcurement -->
  <testcase classname="quickTestPointMasterTest.QuickMastersTest" name="PT_C_63CopyCostingForFerrousSalesSide" time="0.0">
    <ignored/>
  </testcase> <!-- PT_C_63CopyCostingForFerrousSalesSide -->
  <testcase classname="quickTestPointMasterTest.QuickMastersTest" name="PT_C_89WirringHarnessProcurementSave" time="0.0">
    <ignored/>
  </testcase> <!-- PT_C_89WirringHarnessProcurementSave -->
  <testcase classname="quickTestPointMasterTest.QuickMastersTest" name="PT_C_29ExportingAllTheTemplatesWithProcurnment" time="0.0">
    <ignored/>
  </testcase> <!-- PT_C_29ExportingAllTheTemplatesWithProcurnment -->
  <testcase classname="quickTestPointMasterTest.QuickMastersTest" name="PT_C_150RubberMoldingSalesForSalesExportAllTemplates" time="0.0">
    <ignored/>
  </testcase> <!-- PT_C_150RubberMoldingSalesForSalesExportAllTemplates -->
  <testcase classname="quickTestPointMasterTest.QuickMastersTest" name="PT_C_126UpdatePlasticInjectionSales" time="0.0">
    <ignored/>
  </testcase> <!-- PT_C_126UpdatePlasticInjectionSales -->
  <testcase classname="quickTestPointMasterTest.QuickMastersTest" name="PT_C_30CopyCostingProcurnmentForging" time="0.0">
    <ignored/>
  </testcase> <!-- PT_C_30CopyCostingProcurnmentForging -->
  <testcase classname="quickTestPointMasterTest.QuickMastersTest" name="PT_C_104WirringHarnessSalesUpdatingThePart" time="0.0">
    <ignored/>
  </testcase> <!-- PT_C_104WirringHarnessSalesUpdatingThePart -->
  <testcase classname="quickTestPointMasterTest.QuickMastersTest" name="PT_C_140RubberMoldingProcurementCopyCasting" time="0.0">
    <ignored/>
  </testcase> <!-- PT_C_140RubberMoldingProcurementCopyCasting -->
  <testcase classname="quickTestPointMasterTest.QuickMastersTest" name="PT_C_74CopyCostingProcurnmentNonFerrousCasting" time="0.0">
    <ignored/>
  </testcase> <!-- PT_C_74CopyCostingProcurnmentNonFerrousCasting -->
  <testcase classname="quickTestPointMasterTest.QuickMastersTest" name="PT_C_71NonFerrousCastingProcurmentUpdates" time="0.0">
    <ignored/>
  </testcase> <!-- PT_C_71NonFerrousCastingProcurmentUpdates -->
  <testcase classname="quickTestPointMasterTest.QuickMastersTest" name="PT_C_96CopyCostingWiringHarnessProcurnmentSide" time="0.0">
    <ignored/>
  </testcase> <!-- PT_C_96CopyCostingWiringHarnessProcurnmentSide -->
  <testcase classname="quickTestPointMasterTest.QuickMastersTest" name="PT_C_05StandardShapesProcurementForUpdate" time="0.0">
    <ignored/>
  </testcase> <!-- PT_C_05StandardShapesProcurementForUpdate -->
  <testcase classname="quickTestPointMasterTest.QuickMastersTest" name="PT_C_41CopyCostingForgingSalesSide" time="0.0">
    <ignored/>
  </testcase> <!-- PT_C_41CopyCostingForgingSalesSide -->
  <testcase classname="quickTestPointMasterTest.QuickMastersTest" name="PT_C_02StandardshapesProcurementSaveAndValidate" time="0.0">
    <ignored/>
  </testcase> <!-- PT_C_02StandardshapesProcurementSaveAndValidate -->
  <testcase classname="quickTestPointMasterTest.QuickMastersTest" name="PT_C_60UpdatingNonFerrousCastingPartForSales" time="0.0">
    <ignored/>
  </testcase> <!-- PT_C_60UpdatingNonFerrousCastingPartForSales -->
  <testcase classname="quickTestPointMasterTest.QuickMastersTest" name="PT_C_24ModuleAccessValidationForgingProcurement" time="0.0">
    <ignored/>
  </testcase> <!-- PT_C_24ModuleAccessValidationForgingProcurement -->
  <testcase classname="quickTestPointMasterTest.QuickMastersTest" name="PT_C_100WiringHarnessSalesSaveAndValidate" time="0.0">
    <ignored/>
  </testcase> <!-- PT_C_100WiringHarnessSalesSaveAndValidate -->
  <testcase classname="quickTestPointMasterTest.QuickMastersTest" name="PT_C_08StandardShapesProcurementCopyCasting" time="0.0">
    <ignored/>
  </testcase> <!-- PT_C_08StandardShapesProcurementCopyCasting -->
  <testcase classname="quickTestPointMasterTest.QuickMastersTest" name="PT_C_118PlasticInjectionProcurementCopyCosting" time="0.0">
    <ignored/>
  </testcase> <!-- PT_C_118PlasticInjectionProcurementCopyCosting -->
  <testcase classname="quickTestPointMasterTest.QuickMastersTest" name="PT_C_07CopyCostingForCustomer" time="0.0">
    <ignored/>
  </testcase> <!-- PT_C_07CopyCostingForCustomer -->
  <testcase classname="quickTestPointMasterTest.QuickMastersTest" name="PT_C_106ExportingAllTheTemplatesForCustomer" time="0.0">
    <ignored/>
  </testcase> <!-- PT_C_106ExportingAllTheTemplatesForCustomer -->
  <testcase classname="quickTestPointMasterTest.QuickMastersTest" name="PT_C_129PlasticInjectionSalesCopyCasting" time="0.0">
    <ignored/>
  </testcase> <!-- PT_C_129PlasticInjectionSalesCopyCasting -->
  <testcase classname="quickTestPointMasterTest.QuickMastersTest" name="PT_C_29ExportingAllTheTemplatesForFerrousCasting" time="0.0">
    <ignored/>
  </testcase> <!-- PT_C_29ExportingAllTheTemplatesForFerrousCasting -->
  <testcase classname="quickTestPointMasterTest.QuickMastersTest" name="PT_C_117ExportingAllTheTemplatesForSupplier" time="0.0">
    <ignored/>
  </testcase> <!-- PT_C_117ExportingAllTheTemplatesForSupplier -->
  <testcase classname="quickTestPointMasterTest.QuickMastersTest" name="PT_C_154CopyCostingRubberModulingSalesSide" time="0.0">
    <ignored/>
  </testcase> <!-- PT_C_154CopyCostingRubberModulingSalesSide -->
  <testcase classname="quickTestPointMasterTest.QuickMastersTest" name="PT_C_145RubberMoldingSalesModuleAccessValidation" time="0.0">
    <ignored/>
  </testcase> <!-- PT_C_145RubberMoldingSalesModuleAccessValidation -->
  <testcase classname="quickTestPointMasterTest.QuickMastersTest" name="PT_C_60UpdatingFerrousCastingPartForSales" time="0.0">
    <ignored/>
  </testcase> <!-- PT_C_60UpdatingFerrousCastingPartForSales -->
  <testcase classname="quickTestPointMasterTest.QuickMastersTest" name="PT_C_93UpdatingThePartWiringHarnessProcurnmentSide" time="0.0">
    <ignored/>
  </testcase> <!-- PT_C_93UpdatingThePartWiringHarnessProcurnmentSide -->
  <testcase classname="quickTestPointMasterTest.QuickMastersTest" name="PT_C_40ExportingAllTheTemplatesForgingSales" time="0.0">
    <ignored/>
  </testcase> <!-- PT_C_40ExportingAllTheTemplatesForgingSales -->
  <testcase classname="quickTestPointMasterTest.QuickMastersTest" name="PT_C_148RubberMoldingUpdatingThePartForSales" time="0.0">
    <ignored/>
  </testcase> <!-- PT_C_148RubberMoldingUpdatingThePartForSales -->
  <testcase classname="quickTestPointMasterTest.QuickMastersTest" name="PT_C_34SaveDataForgingSales" time="0.0">
    <ignored/>
  </testcase> <!-- PT_C_34SaveDataForgingSales -->
  <testcase classname="quickTestPointMasterTest.QuickMastersTest" name="PT_C_29ExportingAllTheTemplates" time="0.0">
    <ignored/>
  </testcase> <!-- PT_C_29ExportingAllTheTemplates -->
</testsuite> <!-- Default test -->
