

<!DOCTYPE html>
<html>
<head>
<meta charset="UTF-8">
<meta name="viewport" content="width=device-width, initial-scale=1, shrink-to-fit=no">
<title></title>
<link rel="apple-touch-icon" href="https://cdn.jsdelivr.net/gh/extent-framework/extent-github-cdn@b00a2d0486596e73dd7326beacf352c639623a0e/commons/img/logo.png">
<link rel="shortcut icon" href="https://cdn.jsdelivr.net/gh/extent-framework/extent-github-cdn@b00a2d0486596e73dd7326beacf352c639623a0e/commons/img/logo.png">
<link href="https://cdn.jsdelivr.net/gh/extent-framework/extent-github-cdn@ce8b10435bcbae260c334c0d0c6b61d2c19b6168/spark/css/spark-style.css" rel="stylesheet" />
<link href="https://stackpath.bootstrapcdn.com/font-awesome/4.7.0/css/font-awesome.min.css" rel="stylesheet">
<script src="https://cdn.jsdelivr.net/gh/extent-framework/extent-github-cdn@7cc78ce/spark/js/jsontree.js"></script>
<style type="text/css"></style></head><body class="spa -report dark">
  <div class="app">
    <div class="layout">
<div class="header navbar">
<div class="vheader">
<div class="nav-logo">
<a href="#">
<div class="logo" style="background-image: url('https://cdn.jsdelivr.net/gh/extent-framework/extent-github-cdn@b00a2d0486596e73dd7326beacf352c639623a0e/commons/img/logo.png')"></div>
</a>
</div>
<ul class="nav-left">
<li class="search-box">
<a class="search-toggle" href="#">
<i class="search-icon fa fa-search"></i>
<i class="search-icon-close fa fa-close"></i>
</a>
</li>
<li class="search-input"><input id="search-tests" class="form-control" type="text" placeholder="Search..."></li>
</ul>
<ul class="nav-right">
<li class="m-r-10">
<a href="#"><span class="badge badge-primary"></span></a>
</li>
<li class="m-r-10">
<a href="#"><span class="badge badge-primary">Dec 23, 2025 02:52:52 pm</span></a>
</li>
</ul>
</div>
</div><div class="side-nav">
<div class="side-nav-inner">
<ul class="side-nav-menu">
<li class="nav-item dropdown" onclick="toggleView('test-view')">
<a id="nav-test" class="dropdown-toggle" href="#">
<span class="ico"><i class="fa fa-list"></i></span>
</a>
</li>
<li class="nav-item dropdown" onclick="toggleView('dashboard-view')">
<a id="nav-dashboard" class="dropdown-toggle" href="#">
<span class="ico"><i class="fa fa-bar-chart"></i></span>
</a>
</li>
</ul>
</div>
</div>      <div class="vcontainer">
        <div class="main-content">
<div class="test-wrapper row view test-view">
  <div class="test-list">
    <div class="test-list-tools">
<ul class="tools pull-left">
<li><a href="#"><span class="font-size-14">Tests</span></a></li>
</ul>
<ul class="tools text-right">
<li class="dropdown">
<a href="#" class="dropdown-toggle" data-toggle="dropdown"><i class="fa fa-exclamation-circle"></i></a>
<ul id="status-toggle" class="dropdown-menu dropdown-md p-v-0">
<a class="dropdown-item" status="fail" href="#"><span>Fail</span><span class="status danger"></span></a>
<div class="dropdown-divider"></div>
<a status="clear" class="dropdown-item" href="#"><span>Clear</span><span class="pull-right"><i class="fa fa-close"></i></span></a>
</ul>
</li>
</ul>
</div>    <div class="test-list-wrapper scrollable">
      <ul class="test-list-item">
        <li class="test-item"  status="fail" test-id="1"
          author=""
          tag=""
          device="">
          <div class="test-detail">
            <p class="name">PT_C_01Save Standard Shapes For Customer Side</p>
            <p class="text-sm">
              <span>2:52:58‚ÄØpm</span> / <span>00:02:53:769</span>
              <span class="badge fail-bg log float-right">Fail</span>
            </p>
          </div>
          <div class="test-contents d-none">
<div class="detail-head">
<div class="p-v-10">
<div class="info">
<h5 class="test-status text-fail">PT_C_01Save Standard Shapes For Customer Side</h5>
<span class='badge badge-success'>12.23.2025 2:52:58‚ÄØpm</span>
<span class='badge badge-danger'>12.23.2025 2:55:52‚ÄØpm</span>
<span class='badge badge-default'>00:02:53:769</span>
&middot; <span class='uri-anchor badge badge-default'>#test-id=1</span>
<span title='Skip to the next failed step' class='badge badge-danger pointer float-right ne ml-1'><i class="fa fa-fast-forward"></i></span>
<span title='Collapse all nodes' class='badge badge-default pointer float-right ct ml-1'><i class="fa fa-compress"></i></span>
<span title='Expand all nodes' class='badge badge-default pointer float-right et'><i class="fa fa-expand"></i></span>
</div>
</div>
</div><div class="detail-body mt-4">
<table class="table table-sm">
  <thead><tr><th class="status-col">Status</th><th class="timestamp-col">Timestamp</th><th class="details-col">Details</th></tr></thead>
  <tbody>
      <tr class="event-row">
        <td><span class="badge log pass-bg">Pass</span></td>
        <td>2:53:06‚ÄØpm</td>
        <td>
           Clicked on option: Master Data
        </td>
      </tr>
      <tr class="event-row">
        <td><span class="badge log warning-bg">Warning</span></td>
        <td>2:53:06‚ÄØpm</td>
        <td>
          <span style='color:darkblue; font-weight:bold;'> Execution time since last step: 7.70 sec (Took longer than expected!)</span>
        </td>
      </tr>
      <tr class="event-row">
        <td><span class="badge log info-bg">Info</span></td>
        <td>2:53:06‚ÄØpm</td>
        <td>
          Master Data  Is Displayed On Dashboard....
        </td>
      </tr>
      <tr class="event-row">
        <td><span class="badge log pass-bg">Pass</span></td>
        <td>2:53:08‚ÄØpm</td>
        <td>
          Clicked Master Option: Part Master
        </td>
      </tr>
      <tr class="event-row">
        <td><span class="badge log info-bg">Info</span></td>
        <td>2:53:08‚ÄØpm</td>
        <td>
          Execution time since last step: 2.46 sec
        </td>
      </tr>
      <tr class="event-row">
        <td><span class="badge log info-bg">Info</span></td>
        <td>2:53:08‚ÄØpm</td>
        <td>
          ===== STEP 1: Enter Part Details =====
        </td>
      </tr>
      <tr class="event-row">
        <td><span class="badge log pass-bg">Pass</span></td>
        <td>2:53:09‚ÄØpm</td>
        <td>
          Entered Part Number ‚Üí 40-20-37
        </td>
      </tr>
      <tr class="event-row">
        <td><span class="badge log pass-bg">Pass</span></td>
        <td>2:53:10‚ÄØpm</td>
        <td>
          Entered Part Description ‚Üí Rosina481
        </td>
      </tr>
      <tr class="event-row">
        <td><span class="badge log info-bg">Info</span></td>
        <td>2:53:11‚ÄØpm</td>
        <td>
          Execution time since last step: 2.80 sec
        </td>
      </tr>
      <tr class="event-row">
        <td><span class="badge log info-bg">Info</span></td>
        <td>2:53:11‚ÄØpm</td>
        <td>
          ===== STEP 2: Selecting Part UOM Value =====
        </td>
      </tr>
      <tr class="event-row">
        <td><span class="badge log pass-bg">Pass</span></td>
        <td>2:53:14‚ÄØpm</td>
        <td>
          Selected UOM ‚Üí Hourly
        </td>
      </tr>
      <tr class="event-row">
        <td><span class="badge log info-bg">Info</span></td>
        <td>2:53:16‚ÄØpm</td>
        <td>
          Execution time since last step: 4.32 sec
        </td>
      </tr>
      <tr class="event-row">
        <td><span class="badge log info-bg">Info</span></td>
        <td>2:53:16‚ÄØpm</td>
        <td>
          ===== STEP 3: Selecting Company Name =====
        </td>
      </tr>
      <tr class="event-row">
        <td><span class="badge log pass-bg">Pass</span></td>
        <td>2:53:17‚ÄØpm</td>
        <td>
          Selected Company Name ‚Üí COSTMASTER-0304-MOHALI-CM1
        </td>
      </tr>
      <tr class="event-row">
        <td><span class="badge log info-bg">Info</span></td>
        <td>2:53:18‚ÄØpm</td>
        <td>
          Execution time since last step: 2.66 sec
        </td>
      </tr>
      <tr class="event-row">
        <td><span class="badge log info-bg">Info</span></td>
        <td>2:53:18‚ÄØpm</td>
        <td>
          ===== STEP 4: Selecting Radio Button =====
        </td>
      </tr>
      <tr class="event-row">
        <td><span class="badge log pass-bg">Pass</span></td>
        <td>2:53:19‚ÄØpm</td>
        <td>
          Selected Radio Button ‚Üí Sales
        </td>
      </tr>
      <tr class="event-row">
        <td><span class="badge log info-bg">Info</span></td>
        <td>2:53:20‚ÄØpm</td>
        <td>
          Execution time since last step: 1.56 sec
        </td>
      </tr>
      <tr class="event-row">
        <td><span class="badge log info-bg">Info</span></td>
        <td>2:53:20‚ÄØpm</td>
        <td>
          ===== STEP 5: Selecting Customer =====
        </td>
      </tr>
      <tr class="event-row">
        <td><span class="badge log pass-bg">Pass</span></td>
        <td>2:53:30‚ÄØpm</td>
        <td>
          Selected Customer ‚Üí Rishicustomer-Tbilisi-0004
        </td>
      </tr>
      <tr class="event-row">
        <td><span class="badge log warning-bg">Warning</span></td>
        <td>2:53:30‚ÄØpm</td>
        <td>
          <span style='color:darkblue; font-weight:bold;'> Execution time since last step: 10.21 sec (Took longer than expected!)</span>
        </td>
      </tr>
      <tr class="event-row">
        <td><span class="badge log info-bg">Info</span></td>
        <td>2:53:30‚ÄØpm</td>
        <td>
          ===== STEP 6: Selecting Product Category =====
        </td>
      </tr>
      <tr class="event-row">
        <td><span class="badge log info-bg">Info</span></td>
        <td>2:53:31‚ÄØpm</td>
        <td>
          Execution time since last step: 1.09 sec
        </td>
      </tr>
      <tr class="event-row">
        <td><span class="badge log info-bg">Info</span></td>
        <td>2:53:31‚ÄØpm</td>
        <td>
           trying JavaScript click for: 
        </td>
      </tr>
      <tr class="event-row">
        <td><span class="badge log pass-bg">Pass</span></td>
        <td>2:53:34‚ÄØpm</td>
        <td>
          Selected Product Category ‚Üí rishi
        </td>
      </tr>
      <tr class="event-row">
        <td><span class="badge log info-bg">Info</span></td>
        <td>2:53:34‚ÄØpm</td>
        <td>
          Execution time since last step: 3.09 sec
        </td>
      </tr>
      <tr class="event-row">
        <td><span class="badge log info-bg">Info</span></td>
        <td>2:53:34‚ÄØpm</td>
        <td>
          ===== STEP 7: Selecting Product Model =====
        </td>
      </tr>
      <tr class="event-row">
        <td><span class="badge log info-bg">Info</span></td>
        <td>2:53:37‚ÄØpm</td>
        <td>
          Execution time since last step: 3.06 sec
        </td>
      </tr>
      <tr class="event-row">
        <td><span class="badge log info-bg">Info</span></td>
        <td>2:53:37‚ÄØpm</td>
        <td>
           trying JavaScript click for: 
        </td>
      </tr>
      <tr class="event-row">
        <td><span class="badge log pass-bg">Pass</span></td>
        <td>2:53:40‚ÄØpm</td>
        <td>
          Selected Product Model ‚Üí JKLakshmi-001
        </td>
      </tr>
      <tr class="event-row">
        <td><span class="badge log info-bg">Info</span></td>
        <td>2:53:41‚ÄØpm</td>
        <td>
          Execution time since last step: 4.20 sec
        </td>
      </tr>
      <tr class="event-row">
        <td><span class="badge log info-bg">Info</span></td>
        <td>2:53:41‚ÄØpm</td>
        <td>
          ===== STEP 8: Selecting Special Product Category =====
        </td>
      </tr>
      <tr class="event-row">
        <td><span class="badge log info-bg">Info</span></td>
        <td>2:53:42‚ÄØpm</td>
        <td>
          Execution time since last step: 1.11 sec
        </td>
      </tr>
      <tr class="event-row">
        <td><span class="badge log info-bg">Info</span></td>
        <td>2:53:42‚ÄØpm</td>
        <td>
           trying JavaScript click for: 
        </td>
      </tr>
      <tr class="event-row">
        <td><span class="badge log pass-bg">Pass</span></td>
        <td>2:53:45‚ÄØpm</td>
        <td>
          Selected Special Product Category ‚Üí ACCESSORIES
        </td>
      </tr>
      <tr class="event-row">
        <td><span class="badge log info-bg">Info</span></td>
        <td>2:53:45‚ÄØpm</td>
        <td>
          Execution time since last step: 2.64 sec
        </td>
      </tr>
      <tr class="event-row">
        <td><span class="badge log info-bg">Info</span></td>
        <td>2:53:45‚ÄØpm</td>
        <td>
          ===== STEP 9: Saving =====
        </td>
      </tr>
      <tr class="event-row">
        <td><span class="badge log info-bg">Info</span></td>
        <td>2:53:45‚ÄØpm</td>
        <td>
          Execution time since last step: 0.02 sec
        </td>
      </tr>
      <tr class="event-row">
        <td><span class="badge log info-bg">Info</span></td>
        <td>2:53:45‚ÄØpm</td>
        <td>
          ===== STEP: Clicking Button in Part Master ‚Üí Save =====
        </td>
      </tr>
      <tr class="event-row">
        <td><span class="badge log pass-bg">Pass</span></td>
        <td>2:53:45‚ÄØpm</td>
        <td>
          ‚úÖ Successfully clicked button ‚Üí Save
        </td>
      </tr>
      <tr class="event-row">
        <td><span class="badge log pass-bg">Pass</span></td>
        <td>2:53:45‚ÄØpm</td>
        <td>
          Clicked Save.
        </td>
      </tr>
      <tr class="event-row">
        <td><span class="badge log info-bg">Info</span></td>
        <td>2:53:45‚ÄØpm</td>
        <td>
          Execution time since last step: 0.06 sec
        </td>
      </tr>
      <tr class="event-row">
        <td><span class="badge log info-bg">Info</span></td>
        <td>2:53:45‚ÄØpm</td>
        <td>
          ===== STEP 10: Verifying Toast =====
        </td>
      </tr>
      <tr class="event-row">
        <td><span class="badge log info-bg">Info</span></td>
        <td>2:53:46‚ÄØpm</td>
        <td>
          Execution time since last step: 1.13 sec
        </td>
      </tr>
      <tr class="event-row">
        <td><span class="badge log info-bg">Info</span></td>
        <td>2:53:46‚ÄØpm</td>
        <td>
          Toast message appeared: Part Master details saved successfully.
        </td>
      </tr>
      <tr class="event-row">
        <td><span class="badge log info-bg">Info</span></td>
        <td>2:53:46‚ÄØpm</td>
        <td>
          Execution time since last step: 0.00 sec
        </td>
      </tr>
      <tr class="event-row">
        <td><span class="badge log info-bg">Info</span></td>
        <td>2:53:46‚ÄØpm</td>
        <td>
          ‚úÖ Toast message validated successfully. Expected: Part Master details saved successfully.
        </td>
      </tr>
      <tr class="event-row">
        <td><span class="badge log pass-bg">Pass</span></td>
        <td>2:53:46‚ÄØpm</td>
        <td>
          Toast validated correctly.
        </td>
      </tr>
      <tr class="event-row">
        <td><span class="badge log info-bg">Info</span></td>
        <td>2:53:46‚ÄØpm</td>
        <td>
          Execution time since last step: 0.00 sec
        </td>
      </tr>
      <tr class="event-row">
        <td><span class="badge log info-bg">Info</span></td>
        <td>2:53:46‚ÄØpm</td>
        <td>
          ===== START: Verify Part Number & Description view table partMaster =====
        </td>
      </tr>
      <tr class="event-row">
        <td><span class="badge log info-bg">Info</span></td>
        <td>2:53:50‚ÄØpm</td>
        <td>
          Execution time since last step: 4.14 sec
        </td>
      </tr>
      <tr class="event-row">
        <td><span class="badge log info-bg">Info</span></td>
        <td>2:53:50‚ÄØpm</td>
        <td>
          Opening Part Master filter and selecting: Part No.
        </td>
      </tr>
      <tr class="event-row">
        <td><span class="badge log warning-bg">Warning</span></td>
        <td>2:54:43‚ÄØpm</td>
        <td>
          <span style='color:darkblue; font-weight:bold;'> Execution time since last step: 52.03 sec (Took longer than expected!)</span>
        </td>
      </tr>
      <tr class="event-row">
        <td><span class="badge log info-bg">Info</span></td>
        <td>2:54:43‚ÄØpm</td>
        <td>
          Filter value selected: Part No.
        </td>
      </tr>
      <tr class="event-row">
        <td><span class="badge log warning-bg">Warning</span></td>
        <td>2:54:51‚ÄØpm</td>
        <td>
          <span style='color:darkblue; font-weight:bold;'> Execution time since last step: 8.74 sec (Took longer than expected!)</span>
        </td>
      </tr>
      <tr class="event-row">
        <td><span class="badge log info-bg">Info</span></td>
        <td>2:54:51‚ÄØpm</td>
        <td>
          ==============================================
        </td>
      </tr>
      <tr class="event-row">
        <td><span class="badge log info-bg">Info</span></td>
        <td>2:54:51‚ÄØpm</td>
        <td>
          Execution time since last step: 0.00 sec
        </td>
      </tr>
      <tr class="event-row">
        <td><span class="badge log info-bg">Info</span></td>
        <td>2:54:51‚ÄØpm</td>
        <td>
           [View Table Part Master For Sales Name By Sales Header Coloumn]
        </td>
      </tr>
      <tr class="event-row">
        <td><span class="badge log info-bg">Info</span></td>
        <td>2:54:51‚ÄØpm</td>
        <td>
          Execution time since last step: 0.00 sec
        </td>
      </tr>
      <tr class="event-row">
        <td><span class="badge log info-bg">Info</span></td>
        <td>2:54:51‚ÄØpm</td>
        <td>
          ==============================================
        </td>
      </tr>
      <tr class="event-row">
        <td><span class="badge log info-bg">Info</span></td>
        <td>2:54:52‚ÄØpm</td>
        <td>
          Execution time since last step: 0.28 sec
        </td>
      </tr>
      <tr class="event-row">
        <td><span class="badge log info-bg">Info</span></td>
        <td>2:54:52‚ÄØpm</td>
        <td>
          ‚úÖ Total Headers Found: 31
        </td>
      </tr>
      <tr class="event-row">
        <td><span class="badge log info-bg">Info</span></td>
        <td>2:54:52‚ÄØpm</td>
        <td>
          Execution time since last step: 0.00 sec
        </td>
      </tr>
      <tr class="event-row">
        <td><span class="badge log info-bg">Info</span></td>
        <td>2:54:52‚ÄØpm</td>
        <td>
          Headers ‚Üí [Action, Company Name, Part No., Part Description, Part UOM, Costing Type, Product Category, Product Model Name and No., Special Product Category, Customer, Customer Part No., Supplier Detail 1, %SOB, Unit Price, Supplier Detail 2, Supplier Detail 3, Supplier Detail 4, Supplier Detail 5, Supplier Detail 6, Supplier Detail 7, Supplier Detail 8, Supplier Detail 9, Supplier Detail 10, Customer Name 1, Customer 1 Unit Price, Customer Name 2, Customer 2 Unit Price, Customer Name 3, Customer 3 Unit Price, Customer Name 4, Customer 4 Unit Price]
        </td>
      </tr>
      <tr class="event-row">
        <td><span class="badge log info-bg">Info</span></td>
        <td>2:54:52‚ÄØpm</td>
        <td>
          Execution time since last step: 0.00 sec
        </td>
      </tr>
      <tr class="event-row">
        <td><span class="badge log info-bg">Info</span></td>
        <td>2:54:52‚ÄØpm</td>
        <td>
          üß© Validation Targets ‚Üí [Company Name, Part No., Part Description, Part UOM, Product Category, Product Model Name and No., Special Product Category, Customer]
        </td>
      </tr>
      <tr class="event-row">
        <td><span class="badge log warning-bg">Warning</span></td>
        <td>2:54:52‚ÄØpm</td>
        <td>
           [Company Name] mismatch ignored ‚Üí Expected: COSTMASTER-0304-MOHALI-CM1 | Actual: COSTMASTER-0304-CM1
        </td>
      </tr>
      <tr class="event-row">
        <td><span class="badge log pass-bg">Pass</span></td>
        <td>2:54:52‚ÄØpm</td>
        <td>
          [Part No.] Match ‚Üí Expected: 40-20-37 | Actual: 40-20-37
        </td>
      </tr>
      <tr class="event-row">
        <td><span class="badge log pass-bg">Pass</span></td>
        <td>2:54:52‚ÄØpm</td>
        <td>
          [Part Description] Match ‚Üí Expected: Rosina481 | Actual: Rosina481
        </td>
      </tr>
      <tr class="event-row">
        <td><span class="badge log pass-bg">Pass</span></td>
        <td>2:54:52‚ÄØpm</td>
        <td>
          [Part UOM] Match ‚Üí Expected: Hourly | Actual: Hourly
        </td>
      </tr>
      <tr class="event-row">
        <td><span class="badge log pass-bg">Pass</span></td>
        <td>2:54:52‚ÄØpm</td>
        <td>
          [Product Category] Match ‚Üí Expected: rishi | Actual: rishi
        </td>
      </tr>
      <tr class="event-row">
        <td><span class="badge log pass-bg">Pass</span></td>
        <td>2:54:52‚ÄØpm</td>
        <td>
          [Product Model Name and No.] Match ‚Üí Expected: JKLakshmi-001 | Actual: JKLakshmi-001
        </td>
      </tr>
      <tr class="event-row">
        <td><span class="badge log pass-bg">Pass</span></td>
        <td>2:54:52‚ÄØpm</td>
        <td>
          [Special Product Category] Match ‚Üí Expected: ACCESSORIES | Actual: ACCESSORIES
        </td>
      </tr>
      <tr class="event-row">
        <td><span class="badge log warning-bg">Warning</span></td>
        <td>2:54:52‚ÄØpm</td>
        <td>
           [Customer] mismatch ignored ‚Üí Expected: Rishicustomer-Tbilisi-0004 | Actual: Rishicustomer-0004
        </td>
      </tr>
      <tr class="event-row">
        <td><span class="badge log pass-bg">Pass</span></td>
        <td>2:54:52‚ÄØpm</td>
        <td>
           Row matched by Part No. (Sales not verified, continuing click).
        </td>
      </tr>
      <tr class="event-row">
        <td><span class="badge log pass-bg">Pass</span></td>
        <td>2:54:56‚ÄØpm</td>
        <td>
          üü¢ Clicked Sales cell ‚Üí Rishicustomer-0004
        </td>
      </tr>
      <tr class="event-row">
        <td><span class="badge log info-bg">Info</span></td>
        <td>2:54:56‚ÄØpm</td>
        <td>
          Execution time since last step: 4.68 sec
        </td>
      </tr>
      <tr class="event-row">
        <td><span class="badge log info-bg">Info</span></td>
        <td>2:54:56‚ÄØpm</td>
        <td>
          ==============================================
        </td>
      </tr>
      <tr class="event-row">
        <td><span class="badge log info-bg">Info</span></td>
        <td>2:54:56‚ÄØpm</td>
        <td>
          Execution time since last step: 0.00 sec
        </td>
      </tr>
      <tr class="event-row">
        <td><span class="badge log info-bg">Info</span></td>
        <td>2:54:56‚ÄØpm</td>
        <td>
          VALIDATION COMPLETED: [View Table Part Master For Sales Name By Customer Header Coloumn]
        </td>
      </tr>
      <tr class="event-row">
        <td><span class="badge log info-bg">Info</span></td>
        <td>2:54:56‚ÄØpm</td>
        <td>
          Execution time since last step: 0.00 sec
        </td>
      </tr>
      <tr class="event-row">
        <td><span class="badge log info-bg">Info</span></td>
        <td>2:54:56‚ÄØpm</td>
        <td>
          ==============================================
        </td>
      </tr>
      <tr class="event-row">
        <td><span class="badge log pass-bg">Pass</span></td>
        <td>2:54:56‚ÄØpm</td>
        <td>
          ‚úî Part found successfully: 40-20-37 | Description: Rosina481
        </td>
      </tr>
      <tr class="event-row">
        <td><span class="badge log info-bg">Info</span></td>
        <td>2:54:56‚ÄØpm</td>
        <td>
          Execution time since last step: 0.00 sec
        </td>
      </tr>
      <tr class="event-row">
        <td><span class="badge log info-bg">Info</span></td>
        <td>2:54:56‚ÄØpm</td>
        <td>
          Stored Part Data: {Part Description=Rosina481, Part Number=40-20-37, Filter Used=Part No.}
        </td>
      </tr>
      <tr class="event-row">
        <td><span class="badge log info-bg">Info</span></td>
        <td>2:54:56‚ÄØpm</td>
        <td>
          Execution time since last step: 0.00 sec
        </td>
      </tr>
      <tr class="event-row">
        <td><span class="badge log info-bg">Info</span></td>
        <td>2:54:56‚ÄØpm</td>
        <td>
          ===== END: Verify Part Number & Description (Sales Side) Part Master View Table =====
        </td>
      </tr>
      <tr class="event-row">
        <td><span class="badge log info-bg">Info</span></td>
        <td>2:54:57‚ÄØpm</td>
        <td>
          Execution time since last step: 1.00 sec
        </td>
      </tr>
      <tr class="event-row">
        <td><span class="badge log info-bg">Info</span></td>
        <td>2:54:57‚ÄØpm</td>
        <td>
          ===== START: Verifying and Writing Data in 'Part Attributes' Tab =====
        </td>
      </tr>
      <tr class="event-row">
        <td><span class="badge log info-bg">Info</span></td>
        <td>2:54:58‚ÄØpm</td>
        <td>
          Execution time since last step: 1.21 sec
        </td>
      </tr>
      <tr class="event-row">
        <td><span class="badge log info-bg">Info</span></td>
        <td>2:54:58‚ÄØpm</td>
        <td>
          ===== ENSURE PART ATTRIBUTES TAB (BOOTSTRAP FORCE) =====
        </td>
      </tr>
      <tr class="event-row">
        <td><span class="badge log warning-bg">Warning</span></td>
        <td>2:54:58‚ÄØpm</td>
        <td>
          ‚ö† Header not visible. Forcing Bootstrap tab switch...
        </td>
      </tr>
      <tr class="event-row">
        <td><span class="badge log fail-bg">Fail</span></td>
        <td>2:54:58‚ÄØpm</td>
        <td>
          ‚ùå JS Bootstrap tab execution failed
        </td>
      </tr>
      <tr class="event-row">
        <td><span class="badge log fail-bg">Fail</span></td>
        <td>2:54:58‚ÄØpm</td>
        <td>
          ‚ùå Error in Part Attributes write process ‚Üí org.openqa.selenium.NoSuchWindowException: no such window: target window already closed
from unknown error: web view not found
  (Session info: chrome=143.0.7499.42)
Build info: version: '4.25.0', revision: '8a8aea2337'
System info: os.name: 'Windows 11', os.arch: 'amd64', os.version: '10.0', java.version: '21.0.7'
Driver info: org.openqa.selenium.chrome.ChromeDriver
Command: [b91500a866b0b198c4137668dc62b93a, executeScript {args=[], script=$('a[href="#PartPriceCalculationsTab"]').tab('show');}]
Capabilities {acceptInsecureCerts: false, browserName: chrome, browserVersion: 143.0.7499.42, chrome: {chromedriverVersion: 143.0.7499.169 (164b20aab62..., userDataDir: C:\Users\Cma-018\AppData\Lo...}, fedcm:accounts: true, goog:chromeOptions: {debuggerAddress: localhost:60092}, goog:processID: 5312, networkConnectionEnabled: false, pageLoadStrategy: normal, platformName: windows, proxy: Proxy(), se:cdp: ws://localhost:60092/devtoo..., se:cdpVersion: 143.0.7499.42, setWindowRect: true, strictFileInteractability: false, timeouts: {implicit: 0, pageLoad: 300000, script: 30000}, unhandledPromptBehavior: dismiss and notify, webauthn:extension:credBlob: true, webauthn:extension:largeBlob: true, webauthn:extension:minPinLength: true, webauthn:extension:prf: true, webauthn:virtualAuthenticators: true}
Session ID: b91500a866b0b198c4137668dc62b93a
        </td>
      </tr>
      <tr class="event-row">
        <td><span class="badge log fail-bg">Fail</span></td>
        <td>2:54:58‚ÄØpm</td>
        <td>
          Exception occurred: org.openqa.selenium.NoSuchWindowException: no such window: target window already closed
from unknown error: web view not found
  (Session info: chrome=143.0.7499.42)
Build info: version: '4.25.0', revision: '8a8aea2337'
System info: os.name: 'Windows 11', os.arch: 'amd64', os.version: '10.0', java.version: '21.0.7'
Driver info: org.openqa.selenium.chrome.ChromeDriver
Command: [b91500a866b0b198c4137668dc62b93a, executeScript {args=[], script=$('a[href="#PartPriceCalculationsTab"]').tab('show');}]
Capabilities {acceptInsecureCerts: false, browserName: chrome, browserVersion: 143.0.7499.42, chrome: {chromedriverVersion: 143.0.7499.169 (164b20aab62..., userDataDir: C:\Users\Cma-018\AppData\Lo...}, fedcm:accounts: true, goog:chromeOptions: {debuggerAddress: localhost:60092}, goog:processID: 5312, networkConnectionEnabled: false, pageLoadStrategy: normal, platformName: windows, proxy: Proxy(), se:cdp: ws://localhost:60092/devtoo..., se:cdpVersion: 143.0.7499.42, setWindowRect: true, strictFileInteractability: false, timeouts: {implicit: 0, pageLoad: 300000, script: 30000}, unhandledPromptBehavior: dismiss and notify, webauthn:extension:credBlob: true, webauthn:extension:largeBlob: true, webauthn:extension:minPinLength: true, webauthn:extension:prf: true, webauthn:virtualAuthenticators: true}
Session ID: b91500a866b0b198c4137668dc62b93a
Stack Trace:
java.lang.RuntimeException: org.openqa.selenium.NoSuchWindowException: no such window: target window already closed
from unknown error: web view not found
  (Session info: chrome=143.0.7499.42)
Build info: version: '4.25.0', revision: '8a8aea2337'
System info: os.name: 'Windows 11', os.arch: 'amd64', os.version: '10.0', java.version: '21.0.7'
Driver info: org.openqa.selenium.chrome.ChromeDriver
Command: [b91500a866b0b198c4137668dc62b93a, executeScript {args=[], script=$('a[href="#PartPriceCalculationsTab"]').tab('show');}]
Capabilities {acceptInsecureCerts: false, browserName: chrome, browserVersion: 143.0.7499.42, chrome: {chromedriverVersion: 143.0.7499.169 (164b20aab62..., userDataDir: C:\Users\Cma-018\AppData\Lo...}, fedcm:accounts: true, goog:chromeOptions: {debuggerAddress: localhost:60092}, goog:processID: 5312, networkConnectionEnabled: false, pageLoadStrategy: normal, platformName: windows, proxy: Proxy(), se:cdp: ws://localhost:60092/devtoo..., se:cdpVersion: 143.0.7499.42, setWindowRect: true, strictFileInteractability: false, timeouts: {implicit: 0, pageLoad: 300000, script: 30000}, unhandledPromptBehavior: dismiss and notify, webauthn:extension:credBlob: true, webauthn:extension:largeBlob: true, webauthn:extension:minPinLength: true, webauthn:extension:prf: true, webauthn:virtualAuthenticators: true}
Session ID: b91500a866b0b198c4137668dc62b93a
	at quickTestPointMasterPage.QuickMasterPage.ensurePartAttributesTabLoaded(QuickMasterPage.java:19367)
	at quickTestPointMasterPage.QuickMasterPage.verifyFetchDataAndWriteInPartAttributesCustomerSide(QuickMasterPage.java:24691)
	at quickTestPointMasterTest.QuickMastersTest.PT_C_01SaveStandardShapesForCustomerSide(QuickMastersTest.java:4349)
	at java.base/jdk.internal.reflect.DirectMethodHandleAccessor.invoke(DirectMethodHandleAccessor.java:103)
	at java.base/java.lang.reflect.Method.invoke(Method.java:580)
	at org.testng.internal.invokers.MethodInvocationHelper.invokeMethod(MethodInvocationHelper.java:141)
	at org.testng.internal.invokers.TestInvoker.invokeMethod(TestInvoker.java:687)
	at org.testng.internal.invokers.TestInvoker.invokeTestMethod(TestInvoker.java:230)
	at org.testng.internal.invokers.MethodRunner.runInSequence(MethodRunner.java:63)
	at org.testng.internal.invokers.TestInvoker$MethodInvocationAgent.invoke(TestInvoker.java:995)
	at org.testng.internal.invokers.TestInvoker.invokeTestMethods(TestInvoker.java:203)
	at org.testng.internal.invokers.TestMethodWorker.invokeTestMethods(TestMethodWorker.java:154)
	at org.testng.internal.invokers.TestMethodWorker.run(TestMethodWorker.java:134)
	at java.base/java.util.ArrayList.forEach(ArrayList.java:1596)
	at org.testng.TestRunner.privateRun(TestRunner.java:741)
	at org.testng.TestRunner.run(TestRunner.java:616)
	at org.testng.SuiteRunner.runTest(SuiteRunner.java:421)
	at org.testng.SuiteRunner.runSequentially(SuiteRunner.java:413)
	at org.testng.SuiteRunner.privateRun(SuiteRunner.java:373)
	at org.testng.SuiteRunner.run(SuiteRunner.java:312)
	at org.testng.SuiteRunnerWorker.runSuite(SuiteRunnerWorker.java:52)
	at org.testng.SuiteRunnerWorker.run(SuiteRunnerWorker.java:95)
	at org.testng.TestNG.runSuitesSequentially(TestNG.java:1274)
	at org.testng.TestNG.runSuitesLocally(TestNG.java:1208)
	at org.testng.TestNG.runSuites(TestNG.java:1112)
	at org.testng.TestNG.run(TestNG.java:1079)
	at org.testng.remote.AbstractRemoteTestNG.run(AbstractRemoteTestNG.java:115)
	at org.testng.remote.RemoteTestNG.initAndRun(RemoteTestNG.java:293)
	at org.testng.remote.RemoteTestNG.main(RemoteTestNG.java:91)
Caused by: org.openqa.selenium.NoSuchWindowException: no such window: target window already closed
from unknown error: web view not found
  (Session info: chrome=143.0.7499.42)
Build info: version: '4.25.0', revision: '8a8aea2337'
System info: os.name: 'Windows 11', os.arch: 'amd64', os.version: '10.0', java.version: '21.0.7'
Driver info: org.openqa.selenium.chrome.ChromeDriver
Command: [b91500a866b0b198c4137668dc62b93a, executeScript {args=[], script=$('a[href="#PartPriceCalculationsTab"]').tab('show');}]
Capabilities {acceptInsecureCerts: false, browserName: chrome, browserVersion: 143.0.7499.42, chrome: {chromedriverVersion: 143.0.7499.169 (164b20aab62..., userDataDir: C:\Users\Cma-018\AppData\Lo...}, fedcm:accounts: true, goog:chromeOptions: {debuggerAddress: localhost:60092}, goog:processID: 5312, networkConnectionEnabled: false, pageLoadStrategy: normal, platformName: windows, proxy: Proxy(), se:cdp: ws://localhost:60092/devtoo..., se:cdpVersion: 143.0.7499.42, setWindowRect: true, strictFileInteractability: false, timeouts: {implicit: 0, pageLoad: 300000, script: 30000}, unhandledPromptBehavior: dismiss and notify, webauthn:extension:credBlob: true, webauthn:extension:largeBlob: true, webauthn:extension:minPinLength: true, webauthn:extension:prf: true, webauthn:virtualAuthenticators: true}
Session ID: b91500a866b0b198c4137668dc62b93a
	at java.base/jdk.internal.reflect.DirectConstructorHandleAccessor.newInstance(DirectConstructorHandleAccessor.java:62)
	at java.base/java.lang.reflect.Constructor.newInstanceWithCaller(Constructor.java:502)
	at java.base/java.lang.reflect.Constructor.newInstance(Constructor.java:486)
	at org.openqa.selenium.remote.ErrorCodec.decode(ErrorCodec.java:167)
	at org.openqa.selenium.remote.codec.w3c.W3CHttpResponseCodec.decode(W3CHttpResponseCodec.java:138)
	at org.openqa.selenium.remote.codec.w3c.W3CHttpResponseCodec.decode(W3CHttpResponseCodec.java:50)
	at org.openqa.selenium.remote.HttpCommandExecutor.execute(HttpCommandExecutor.java:190)
	at org.openqa.selenium.remote.service.DriverCommandExecutor.invokeExecute(DriverCommandExecutor.java:216)
	at org.openqa.selenium.remote.service.DriverCommandExecutor.execute(DriverCommandExecutor.java:174)
	at org.openqa.selenium.remote.RemoteWebDriver.execute(RemoteWebDriver.java:545)
	at org.openqa.selenium.remote.RemoteWebDriver.executeScript(RemoteWebDriver.java:476)
	at quickTestPointMasterPage.QuickMasterPage.ensurePartAttributesTabLoaded(QuickMasterPage.java:19354)
	... 28 more

        </td>
      </tr>
      <tr class="event-row">
        <td><span class="badge log info-bg">Info</span></td>
        <td>2:55:00‚ÄØpm</td>
        <td>
          Execution time since last step: 1.51 sec
        </td>
      </tr>
      <tr class="event-row">
        <td><span class="badge log info-bg">Info</span></td>
        <td>2:55:00‚ÄØpm</td>
        <td>
          ==============================================
        </td>
      </tr>
      <tr class="event-row">
        <td><span class="badge log info-bg">Info</span></td>
        <td>2:55:00‚ÄØpm</td>
        <td>
          Execution time since last step: 0.00 sec
        </td>
      </tr>
      <tr class="event-row">
        <td><span class="badge log info-bg">Info</span></td>
        <td>2:55:00‚ÄØpm</td>
        <td>
          START: Save Price Calculation (Standard Shapes - Customer)
        </td>
      </tr>
      <tr class="event-row">
        <td><span class="badge log info-bg">Info</span></td>
        <td>2:55:00‚ÄØpm</td>
        <td>
          Execution time since last step: 0.00 sec
        </td>
      </tr>
      <tr class="event-row">
        <td><span class="badge log info-bg">Info</span></td>
        <td>2:55:00‚ÄØpm</td>
        <td>
          ==============================================
        </td>
      </tr>
      <tr class="event-row">
        <td><span class="badge log fail-bg">Fail</span></td>
        <td>2:55:00‚ÄØpm</td>
        <td>
          Unexpected exception during Standard Shapes save flow ‚Üí no such window: target window already closed
from unknown error: web view not found
  (Session info: chrome=143.0.7499.42)
Build info: version: '4.25.0', revision: '8a8aea2337'
System info: os.name: 'Windows 11', os.arch: 'amd64', os.version: '10.0', java.version: '21.0.7'
Driver info: org.openqa.selenium.chrome.ChromeDriver
Command: [b91500a866b0b198c4137668dc62b93a, findElements {using=xpath, value=//ul[@class='nav nav-pills']//a}]
Capabilities {acceptInsecureCerts: false, browserName: chrome, browserVersion: 143.0.7499.42, chrome: {chromedriverVersion: 143.0.7499.169 (164b20aab62..., userDataDir: C:\Users\Cma-018\AppData\Lo...}, fedcm:accounts: true, goog:chromeOptions: {debuggerAddress: localhost:60092}, goog:processID: 5312, networkConnectionEnabled: false, pageLoadStrategy: normal, platformName: windows, proxy: Proxy(), se:cdp: ws://localhost:60092/devtoo..., se:cdpVersion: 143.0.7499.42, setWindowRect: true, strictFileInteractability: false, timeouts: {implicit: 0, pageLoad: 300000, script: 30000}, unhandledPromptBehavior: dismiss and notify, webauthn:extension:credBlob: true, webauthn:extension:largeBlob: true, webauthn:extension:minPinLength: true, webauthn:extension:prf: true, webauthn:virtualAuthenticators: true}
Session ID: b91500a866b0b198c4137668dc62b93a
        </td>
      </tr>
      <tr class="event-row">
        <td><span class="badge log info-bg">Info</span></td>
        <td>2:55:00‚ÄØpm</td>
        <td>
          Execution time since last step: 0.00 sec
        </td>
      </tr>
      <tr class="event-row">
        <td><span class="badge log info-bg">Info</span></td>
        <td>2:55:00‚ÄØpm</td>
        <td>
          ========== FINAL STORED MAP VALUES ==========
        </td>
      </tr>
      <tr class="event-row">
        <td><span class="badge log info-bg">Info</span></td>
        <td>2:55:00‚ÄØpm</td>
        <td>
          Execution time since last step: 0.00 sec
        </td>
      </tr>
      <tr class="event-row">
        <td><span class="badge log info-bg">Info</span></td>
        <td>2:55:00‚ÄØpm</td>
        <td>
          =============================================
        </td>
      </tr>
      <tr class="event-row">
        <td><span class="badge log fail-bg">Fail</span></td>
        <td>2:55:52‚ÄØpm</td>
        <td>
          Test Failed: Expected condition failed: waiting for visibility of element located by By.xpath: //ul[@class='nav nav-pills']//a (tried for 50 second(s) with 500 milliseconds interval)
        </td>
      </tr>
      <tr class="event-row">
        <td><span class="badge log fail-bg">Fail</span></td>
        <td>2:55:52‚ÄØpm</td>
        <td>
          Test Failed: no such window: target window already closed
from unknown error: web view not found
  (Session info: chrome=143.0.7499.42)
Build info: version: '4.25.0', revision: '8a8aea2337'
System info: os.name: 'Windows 11', os.arch: 'amd64', os.version: '10.0', java.version: '21.0.7'
Driver info: org.openqa.selenium.chrome.ChromeDriver
Command: [b91500a866b0b198c4137668dc62b93a, screenshot {}]
Capabilities {acceptInsecureCerts: false, browserName: chrome, browserVersion: 143.0.7499.42, chrome: {chromedriverVersion: 143.0.7499.169 (164b20aab62..., userDataDir: C:\Users\Cma-018\AppData\Lo...}, fedcm:accounts: true, goog:chromeOptions: {debuggerAddress: localhost:60092}, goog:processID: 5312, networkConnectionEnabled: false, pageLoadStrategy: normal, platformName: windows, proxy: Proxy(), se:cdp: ws://localhost:60092/devtoo..., se:cdpVersion: 143.0.7499.42, setWindowRect: true, strictFileInteractability: false, timeouts: {implicit: 0, pageLoad: 300000, script: 30000}, unhandledPromptBehavior: dismiss and notify, webauthn:extension:credBlob: true, webauthn:extension:largeBlob: true, webauthn:extension:minPinLength: true, webauthn:extension:prf: true, webauthn:virtualAuthenticators: true}
Session ID: b91500a866b0b198c4137668dc62b93a
        </td>
      </tr>
  </tbody>
</table>
</div>
          </div>
        </li>
      </ul>
    </div>
  </div>
<div class="test-content scrollable">
<div class="test-content-tools">
<ul><li><a class="back-to-test" href="#"><i class="fa fa-arrow-left"></i></a></li></ul>
</div>
<div class="test-content-detail"><div class="detail-body"></div></div>
</div></div>
<div class="container-fluid p-4 view dashboard-view">
<div class="row">
<div class="col-md-3">
<div class="card"><div class="card-body">
<p class="m-b-0">Started</p>
<h3>Dec 23, 2025 02:52:52 pm</h3>
</div></div>
</div>
<div class="col-md-3">
<div class="card"><div class="card-body">
<p class="m-b-0">Ended</p>
<h3>Dec 23, 2025 02:55:52 pm</h3>
</div></div>
</div>
<div class="col-md-3">
<div class="card"><div class="card-body">
<p class="m-b-0 text-pass">Tests Passed</p>
<h3>0</h3>
</div></div>
</div>
<div class="col-md-3">
<div class="card"><div class="card-body">
<p class="m-b-0 text-fail">Tests Failed</p>
<h3>1</h3>
</div></div>
</div>
</div>
<div class="row">
<div class="col-md-6">
<div class="card">
<div class="card-header">
<h6 class="card-title">Tests</h6>
</div>
<div class="card-body">
<div class="">
<canvas id='parent-analysis' width='115' height='90'></canvas>
</div>
</div>
<div class="card-footer">
<div><small data-tooltip='0%'>
<b>0</b> tests passed
</small>
</div>
<div>
<small data-tooltip='100%'><b>1</b> tests failed,
<b>0</b> skipped, <b data-tooltip='0%'>0</b> others
</small>
</div>
</div>
</div>
</div>
<div class="col-md-6">
<div class="card">
<div class="card-header">
<h6 class="card-title">Log events</h6>
</div>
<div class="card-body">
<div class="">
<canvas id='events-analysis' width='115' height='90'></canvas>
</div>
</div>
<div class="card-footer">
<div><small data-tooltip='21%'><b>23</b> events passed</small></div>
<div>
<small data-tooltip='5%'><b>6</b> events failed,
<b data-tooltip='%'>79</b> others
</small>
</div>
</div>
</div>
</div>
</div>
<div class="row"><div class="col-md-12">
<div class="card"><div class="card-header"><p>Timeline</p></div>
<div class="card-body pt-0"><div>
<canvas id="timeline" height="120"></canvas>
</div></div>
</div>
</div></div>
<script>
var timeline = {
"PT_C_01Save Standard Shapes For Customer Side":173.769
};
</script>
<div class="row">
<div class="col-lg-6 col-md-12 sysenv-container">
<div class="card">
<div class="card-header"><p>System/Environment</p></div>
<div class="card-body pb-0 pt-0"><table class="table table-sm table-bordered">
<thead><tr class="bg-gray"><th>Name</th><th>Value</th></tr></thead>
<tbody>
<tr>
<td>project</td>
<td>Beri(ICE)</td>
</tr>
<tr>
<td>Host Name</td>
<td>LocalHost</td>
</tr>
<tr>
<td>Environment</td>
<td>Senior-QA</td>
</tr>
<tr>
<td>User Name</td>
<td>Sachindra Mani Tripathi</td>
</tr>
<tr>
<td>browser</td>
<td>Chrome</td>
</tr>
</tbody>
</table></div>
</div>
</div>
</div>
</div>
<script>
var statusGroup = {
parentCount: 5,
passParent: 0,
failParent: 1,
warningParent: 0,
skipParent: 0,
childCount: 5,
passChild: 0,
failChild: 0,
warningChild: 0,
skipChild: 0,
infoChild: 0,
grandChildCount: 5,
passGrandChild: 0,
failGrandChild: 0,
warningGrandChild: 0,
skipGrandChild: 0,
infoGrandChild: 0,
eventsCount: 5,
passEvents: 23,
failEvents: 6,
warningEvents: 7,
skipEvents: 0,
infoEvents: 72
};
</script>        </div>
      </div>
    </div>
  </div>
<script src="https://cdn.jsdelivr.net/gh/extent-framework/extent-github-cdn@ce8b10435bcbae260c334c0d0c6b61d2c19b6168/spark/js/spark-script.js"></script>
<script type="text/javascript"></script><script>
document.addEventListener('DOMContentLoaded', function() {
    const tables = document.querySelectorAll('table.table');
    tables.forEach((table) => {
        if (!table.querySelector('thead')) return;
        const headerRow = table.querySelector('thead tr');
        if (headerRow && !headerRow.innerHTML.includes('INDEX')) {
            const th = document.createElement('th');
            th.innerText = 'INDEX';
            th.style.textAlign = 'center';
            th.style.color = '#FFFFFF';
            headerRow.insertBefore(th, headerRow.firstChild);
        }
        const rows = table.querySelectorAll('tbody tr');
        let i = 1;
        rows.forEach((row) => {
            const td = document.createElement('td');
            td.innerHTML = "<b style='color:#00BFFF;'>#" + (i++) + "</b>";
            td.style.textAlign = 'center';
            row.insertBefore(td, row.firstChild);
        });
    });
});
</script>
</body>
</html>