

<!DOCTYPE html>
<html>
<head>
<meta charset="UTF-8">
<meta name="viewport" content="width=device-width, initial-scale=1, shrink-to-fit=no">
<title></title>
<link rel="apple-touch-icon" href="https://cdn.jsdelivr.net/gh/extent-framework/extent-github-cdn@b00a2d0486596e73dd7326beacf352c639623a0e/commons/img/logo.png">
<link rel="shortcut icon" href="https://cdn.jsdelivr.net/gh/extent-framework/extent-github-cdn@b00a2d0486596e73dd7326beacf352c639623a0e/commons/img/logo.png">
<link href="https://cdn.jsdelivr.net/gh/extent-framework/extent-github-cdn@ce8b10435bcbae260c334c0d0c6b61d2c19b6168/spark/css/spark-style.css" rel="stylesheet" />
<link href="https://stackpath.bootstrapcdn.com/font-awesome/4.7.0/css/font-awesome.min.css" rel="stylesheet">
<script src="https://cdn.jsdelivr.net/gh/extent-framework/extent-github-cdn@7cc78ce/spark/js/jsontree.js"></script>
<style type="text/css"></style></head><body class="spa -report dark">
  <div class="app">
    <div class="layout">
<div class="header navbar">
<div class="vheader">
<div class="nav-logo">
<a href="#">
<div class="logo" style="background-image: url('https://cdn.jsdelivr.net/gh/extent-framework/extent-github-cdn@b00a2d0486596e73dd7326beacf352c639623a0e/commons/img/logo.png')"></div>
</a>
</div>
<ul class="nav-left">
<li class="search-box">
<a class="search-toggle" href="#">
<i class="search-icon fa fa-search"></i>
<i class="search-icon-close fa fa-close"></i>
</a>
</li>
<li class="search-input"><input id="search-tests" class="form-control" type="text" placeholder="Search..."></li>
</ul>
<ul class="nav-right">
<li class="m-r-10">
<a href="#"><span class="badge badge-primary"></span></a>
</li>
<li class="m-r-10">
<a href="#"><span class="badge badge-primary">Dec 9, 2025 06:30:23 pm</span></a>
</li>
</ul>
</div>
</div><div class="side-nav">
<div class="side-nav-inner">
<ul class="side-nav-menu">
<li class="nav-item dropdown" onclick="toggleView('test-view')">
<a id="nav-test" class="dropdown-toggle" href="#">
<span class="ico"><i class="fa fa-list"></i></span>
</a>
</li>
<li class="nav-item dropdown" onclick="toggleView('dashboard-view')">
<a id="nav-dashboard" class="dropdown-toggle" href="#">
<span class="ico"><i class="fa fa-bar-chart"></i></span>
</a>
</li>
</ul>
</div>
</div>      <div class="vcontainer">
        <div class="main-content">
<div class="test-wrapper row view test-view">
  <div class="test-list">
    <div class="test-list-tools">
<ul class="tools pull-left">
<li><a href="#"><span class="font-size-14">Tests</span></a></li>
</ul>
<ul class="tools text-right">
<li class="dropdown">
<a href="#" class="dropdown-toggle" data-toggle="dropdown"><i class="fa fa-exclamation-circle"></i></a>
<ul id="status-toggle" class="dropdown-menu dropdown-md p-v-0">
<a class="dropdown-item" status="fail" href="#"><span>Fail</span><span class="status danger"></span></a>
<div class="dropdown-divider"></div>
<a status="clear" class="dropdown-item" href="#"><span>Clear</span><span class="pull-right"><i class="fa fa-close"></i></span></a>
</ul>
</li>
</ul>
</div>    <div class="test-list-wrapper scrollable">
      <ul class="test-list-item">
        <li class="test-item"  status="fail" test-id="1"
          author=""
          tag=""
          device="">
          <div class="test-detail">
            <p class="name">PT_C_27Updating Forging Part For Procurment</p>
            <p class="text-sm">
              <span>6:30:28â€¯pm</span> / <span>00:04:07:557</span>
              <span class="badge fail-bg log float-right">Fail</span>
            </p>
          </div>
          <div class="test-contents d-none">
<div class="detail-head">
<div class="p-v-10">
<div class="info">
<h5 class="test-status text-fail">PT_C_27Updating Forging Part For Procurment</h5>
<span class='badge badge-success'>12.09.2025 6:30:28â€¯pm</span>
<span class='badge badge-danger'>12.09.2025 6:34:36â€¯pm</span>
<span class='badge badge-default'>00:04:07:557</span>
&middot; <span class='uri-anchor badge badge-default'>#test-id=1</span>
<span title='Skip to the next failed step' class='badge badge-danger pointer float-right ne ml-1'><i class="fa fa-fast-forward"></i></span>
<span title='Collapse all nodes' class='badge badge-default pointer float-right ct ml-1'><i class="fa fa-compress"></i></span>
<span title='Expand all nodes' class='badge badge-default pointer float-right et'><i class="fa fa-expand"></i></span>
</div>
</div>
</div><div class="detail-body mt-4">
<table class="table table-sm">
  <thead><tr><th class="status-col">Status</th><th class="timestamp-col">Timestamp</th><th class="details-col">Details</th></tr></thead>
  <tbody>
      <tr class="event-row">
        <td><span class="badge log pass-bg">Pass</span></td>
        <td>6:30:31â€¯pm</td>
        <td>
           Clicked on option: Master Data
        </td>
      </tr>
      <tr class="event-row">
        <td><span class="badge log info-bg">Info</span></td>
        <td>6:30:31â€¯pm</td>
        <td>
          Execution time since last step: 3.35 sec
        </td>
      </tr>
      <tr class="event-row">
        <td><span class="badge log info-bg">Info</span></td>
        <td>6:30:31â€¯pm</td>
        <td>
          Master Data  Is Displayed On Dashboard....
        </td>
      </tr>
      <tr class="event-row">
        <td><span class="badge log pass-bg">Pass</span></td>
        <td>6:30:34â€¯pm</td>
        <td>
          Clicked Master Option: Part Master
        </td>
      </tr>
      <tr class="event-row">
        <td><span class="badge log info-bg">Info</span></td>
        <td>6:30:34â€¯pm</td>
        <td>
          Execution time since last step: 2.97 sec
        </td>
      </tr>
      <tr class="event-row">
        <td><span class="badge log info-bg">Info</span></td>
        <td>6:30:34â€¯pm</td>
        <td>
          ===== STEP 1: Enter Part Details =====
        </td>
      </tr>
      <tr class="event-row">
        <td><span class="badge log pass-bg">Pass</span></td>
        <td>6:30:34â€¯pm</td>
        <td>
          Entered Part Number â†’ 01-57-73
        </td>
      </tr>
      <tr class="event-row">
        <td><span class="badge log pass-bg">Pass</span></td>
        <td>6:30:37â€¯pm</td>
        <td>
          Entered Part Description â†’ Ismael188
        </td>
      </tr>
      <tr class="event-row">
        <td><span class="badge log info-bg">Info</span></td>
        <td>6:30:39â€¯pm</td>
        <td>
          Execution time since last step: 4.42 sec
        </td>
      </tr>
      <tr class="event-row">
        <td><span class="badge log info-bg">Info</span></td>
        <td>6:30:39â€¯pm</td>
        <td>
          ===== STEP 2: Selecting Part UOM Value =====
        </td>
      </tr>
      <tr class="event-row">
        <td><span class="badge log info-bg">Info</span></td>
        <td>6:30:39â€¯pm</td>
        <td>
          Execution time since last step: 0.12 sec
        </td>
      </tr>
      <tr class="event-row">
        <td><span class="badge log info-bg">Info</span></td>
        <td>6:30:39â€¯pm</td>
        <td>
          Clicked on UOM dropdown.
        </td>
      </tr>
      <tr class="event-row">
        <td><span class="badge log info-bg">Info</span></td>
        <td>6:30:41â€¯pm</td>
        <td>
          Execution time since last step: 2.18 sec
        </td>
      </tr>
      <tr class="event-row">
        <td><span class="badge log info-bg">Info</span></td>
        <td>6:30:41â€¯pm</td>
        <td>
          Entered search keyword in UOM search box â†’ Hourly
        </td>
      </tr>
      <tr class="event-row">
        <td><span class="badge log pass-bg">Pass</span></td>
        <td>6:30:43â€¯pm</td>
        <td>
          Selected UOM â†’ Hourly
        </td>
      </tr>
      <tr class="event-row">
        <td><span class="badge log info-bg">Info</span></td>
        <td>6:30:45â€¯pm</td>
        <td>
          Execution time since last step: 4.14 sec
        </td>
      </tr>
      <tr class="event-row">
        <td><span class="badge log info-bg">Info</span></td>
        <td>6:30:45â€¯pm</td>
        <td>
          ===== STEP 3: Selecting Company Name =====
        </td>
      </tr>
      <tr class="event-row">
        <td><span class="badge log pass-bg">Pass</span></td>
        <td>6:30:47â€¯pm</td>
        <td>
          Selected Company Name â†’ COSTMASTER-0304-MOHALI-CM1
        </td>
      </tr>
      <tr class="event-row">
        <td><span class="badge log info-bg">Info</span></td>
        <td>6:30:47â€¯pm</td>
        <td>
          Execution time since last step: 2.23 sec
        </td>
      </tr>
      <tr class="event-row">
        <td><span class="badge log info-bg">Info</span></td>
        <td>6:30:47â€¯pm</td>
        <td>
          ===== STEP 4: Selecting  Radio Button By Name =====
        </td>
      </tr>
      <tr class="event-row">
        <td><span class="badge log pass-bg">Pass</span></td>
        <td>6:30:48â€¯pm</td>
        <td>
          Selected  Radio Button â†’ Procurement
        </td>
      </tr>
      <tr class="event-row">
        <td><span class="badge log info-bg">Info</span></td>
        <td>6:30:50â€¯pm</td>
        <td>
          Execution time since last step: 2.20 sec
        </td>
      </tr>
      <tr class="event-row">
        <td><span class="badge log info-bg">Info</span></td>
        <td>6:30:50â€¯pm</td>
        <td>
          ===== STEP 5: Selecting Supplier Name =====
        </td>
      </tr>
      <tr class="event-row">
        <td><span class="badge log pass-bg">Pass</span></td>
        <td>6:30:50â€¯pm</td>
        <td>
          Selected Supplier â†’ 0801-Celesta
        </td>
      </tr>
      <tr class="event-row">
        <td><span class="badge log info-bg">Info</span></td>
        <td>6:30:50â€¯pm</td>
        <td>
          Execution time since last step: 0.62 sec
        </td>
      </tr>
      <tr class="event-row">
        <td><span class="badge log info-bg">Info</span></td>
        <td>6:30:50â€¯pm</td>
        <td>
          ===== STEP 6: Selecting Customer Name =====
        </td>
      </tr>
      <tr class="event-row">
        <td><span class="badge log pass-bg">Pass</span></td>
        <td>6:30:59â€¯pm</td>
        <td>
          Selected Customer â†’ Rishicustomer-Tbilisi-0004
        </td>
      </tr>
      <tr class="event-row">
        <td><span class="badge log warning-bg">Warning</span></td>
        <td>6:31:03â€¯pm</td>
        <td>
          <span style='color:darkblue; font-weight:bold;'> Execution time since last step: 13.23 sec (Took longer than expected!)</span>
        </td>
      </tr>
      <tr class="event-row">
        <td><span class="badge log info-bg">Info</span></td>
        <td>6:31:03â€¯pm</td>
        <td>
          ===== STEP 6: Selecting Product Category =====
        </td>
      </tr>
      <tr class="event-row">
        <td><span class="badge log info-bg">Info</span></td>
        <td>6:31:04â€¯pm</td>
        <td>
          Execution time since last step: 1.06 sec
        </td>
      </tr>
      <tr class="event-row">
        <td><span class="badge log info-bg">Info</span></td>
        <td>6:31:04â€¯pm</td>
        <td>
           trying JavaScript click for: 
        </td>
      </tr>
      <tr class="event-row">
        <td><span class="badge log pass-bg">Pass</span></td>
        <td>6:31:09â€¯pm</td>
        <td>
          Selected Product Category â†’ rishi
        </td>
      </tr>
      <tr class="event-row">
        <td><span class="badge log info-bg">Info</span></td>
        <td>6:31:09â€¯pm</td>
        <td>
          Execution time since last step: 4.75 sec
        </td>
      </tr>
      <tr class="event-row">
        <td><span class="badge log info-bg">Info</span></td>
        <td>6:31:09â€¯pm</td>
        <td>
          ===== STEP 7: Selecting Product Model =====
        </td>
      </tr>
      <tr class="event-row">
        <td><span class="badge log info-bg">Info</span></td>
        <td>6:31:10â€¯pm</td>
        <td>
          Execution time since last step: 0.32 sec
        </td>
      </tr>
      <tr class="event-row">
        <td><span class="badge log info-bg">Info</span></td>
        <td>6:31:10â€¯pm</td>
        <td>
           trying JavaScript click for: 
        </td>
      </tr>
      <tr class="event-row">
        <td><span class="badge log pass-bg">Pass</span></td>
        <td>6:31:14â€¯pm</td>
        <td>
          Selected Product Model â†’ JKLakshmi-001
        </td>
      </tr>
      <tr class="event-row">
        <td><span class="badge log warning-bg">Warning</span></td>
        <td>6:31:16â€¯pm</td>
        <td>
          <span style='color:darkblue; font-weight:bold;'> Execution time since last step: 6.67 sec (Took longer than expected!)</span>
        </td>
      </tr>
      <tr class="event-row">
        <td><span class="badge log info-bg">Info</span></td>
        <td>6:31:16â€¯pm</td>
        <td>
          ===== STEP 8: Selecting Special Product Category =====
        </td>
      </tr>
      <tr class="event-row">
        <td><span class="badge log info-bg">Info</span></td>
        <td>6:31:17â€¯pm</td>
        <td>
          Execution time since last step: 1.05 sec
        </td>
      </tr>
      <tr class="event-row">
        <td><span class="badge log info-bg">Info</span></td>
        <td>6:31:17â€¯pm</td>
        <td>
           trying JavaScript click for: 
        </td>
      </tr>
      <tr class="event-row">
        <td><span class="badge log pass-bg">Pass</span></td>
        <td>6:31:20â€¯pm</td>
        <td>
          Selected Special Product Category â†’ ACCESSORIES
        </td>
      </tr>
      <tr class="event-row">
        <td><span class="badge log info-bg">Info</span></td>
        <td>6:31:20â€¯pm</td>
        <td>
          Execution time since last step: 2.70 sec
        </td>
      </tr>
      <tr class="event-row">
        <td><span class="badge log info-bg">Info</span></td>
        <td>6:31:20â€¯pm</td>
        <td>
          ===== STEP 9: Clicking Save Button =====
        </td>
      </tr>
      <tr class="event-row">
        <td><span class="badge log info-bg">Info</span></td>
        <td>6:31:20â€¯pm</td>
        <td>
          Execution time since last step: 0.02 sec
        </td>
      </tr>
      <tr class="event-row">
        <td><span class="badge log info-bg">Info</span></td>
        <td>6:31:20â€¯pm</td>
        <td>
          ===== STEP: Clicking Button in Part Master â†’ Save =====
        </td>
      </tr>
      <tr class="event-row">
        <td><span class="badge log pass-bg">Pass</span></td>
        <td>6:31:20â€¯pm</td>
        <td>
          âœ… Successfully clicked button â†’ Save
        </td>
      </tr>
      <tr class="event-row">
        <td><span class="badge log pass-bg">Pass</span></td>
        <td>6:31:20â€¯pm</td>
        <td>
          Clicked on 'Save' button successfully.
        </td>
      </tr>
      <tr class="event-row">
        <td><span class="badge log info-bg">Info</span></td>
        <td>6:31:20â€¯pm</td>
        <td>
          Execution time since last step: 0.07 sec
        </td>
      </tr>
      <tr class="event-row">
        <td><span class="badge log info-bg">Info</span></td>
        <td>6:31:20â€¯pm</td>
        <td>
          ===== STEP 10: Verifying Toast Message =====
        </td>
      </tr>
      <tr class="event-row">
        <td><span class="badge log info-bg">Info</span></td>
        <td>6:31:21â€¯pm</td>
        <td>
          Execution time since last step: 1.21 sec
        </td>
      </tr>
      <tr class="event-row">
        <td><span class="badge log info-bg">Info</span></td>
        <td>6:31:21â€¯pm</td>
        <td>
          Toast message appeared: Part Master details saved successfully.
        </td>
      </tr>
      <tr class="event-row">
        <td><span class="badge log info-bg">Info</span></td>
        <td>6:31:21â€¯pm</td>
        <td>
          Execution time since last step: 0.00 sec
        </td>
      </tr>
      <tr class="event-row">
        <td><span class="badge log info-bg">Info</span></td>
        <td>6:31:21â€¯pm</td>
        <td>
          âœ… Toast message validated successfully. Expected: Part Master details saved successfully.
        </td>
      </tr>
      <tr class="event-row">
        <td><span class="badge log pass-bg">Pass</span></td>
        <td>6:31:21â€¯pm</td>
        <td>
          Toast message verification completed successfully.
        </td>
      </tr>
      <tr class="event-row">
        <td><span class="badge log info-bg">Info</span></td>
        <td>6:31:21â€¯pm</td>
        <td>
          Execution time since last step: 0.00 sec
        </td>
      </tr>
      <tr class="event-row">
        <td><span class="badge log info-bg">Info</span></td>
        <td>6:31:21â€¯pm</td>
        <td>
          ===== START: Verify Part Number & Description View Table PartMaster =====
        </td>
      </tr>
      <tr class="event-row">
        <td><span class="badge log info-bg">Info</span></td>
        <td>6:31:25â€¯pm</td>
        <td>
          Execution time since last step: 4.14 sec
        </td>
      </tr>
      <tr class="event-row">
        <td><span class="badge log info-bg">Info</span></td>
        <td>6:31:25â€¯pm</td>
        <td>
          Opening Part Master filter and selecting: Part No.
        </td>
      </tr>
      <tr class="event-row">
        <td><span class="badge log warning-bg">Warning</span></td>
        <td>6:32:18â€¯pm</td>
        <td>
          <span style='color:darkblue; font-weight:bold;'> Execution time since last step: 52.27 sec (Took longer than expected!)</span>
        </td>
      </tr>
      <tr class="event-row">
        <td><span class="badge log info-bg">Info</span></td>
        <td>6:32:18â€¯pm</td>
        <td>
          Filter value selected: Part No.
        </td>
      </tr>
      <tr class="event-row">
        <td><span class="badge log warning-bg">Warning</span></td>
        <td>6:32:26â€¯pm</td>
        <td>
          <span style='color:darkblue; font-weight:bold;'> Execution time since last step: 8.78 sec (Took longer than expected!)</span>
        </td>
      </tr>
      <tr class="event-row">
        <td><span class="badge log info-bg">Info</span></td>
        <td>6:32:26â€¯pm</td>
        <td>
          ==============================================
        </td>
      </tr>
      <tr class="event-row">
        <td><span class="badge log info-bg">Info</span></td>
        <td>6:32:26â€¯pm</td>
        <td>
          Execution time since last step: 0.00 sec
        </td>
      </tr>
      <tr class="event-row">
        <td><span class="badge log info-bg">Info</span></td>
        <td>6:32:26â€¯pm</td>
        <td>
           [View Table Part Master For Supplier Name By Supplier Header Coloumn]
        </td>
      </tr>
      <tr class="event-row">
        <td><span class="badge log info-bg">Info</span></td>
        <td>6:32:26â€¯pm</td>
        <td>
          Execution time since last step: 0.00 sec
        </td>
      </tr>
      <tr class="event-row">
        <td><span class="badge log info-bg">Info</span></td>
        <td>6:32:26â€¯pm</td>
        <td>
          ==============================================
        </td>
      </tr>
      <tr class="event-row">
        <td><span class="badge log info-bg">Info</span></td>
        <td>6:32:27â€¯pm</td>
        <td>
          Execution time since last step: 0.28 sec
        </td>
      </tr>
      <tr class="event-row">
        <td><span class="badge log info-bg">Info</span></td>
        <td>6:32:27â€¯pm</td>
        <td>
          âœ… Total Headers Found: 31
        </td>
      </tr>
      <tr class="event-row">
        <td><span class="badge log info-bg">Info</span></td>
        <td>6:32:27â€¯pm</td>
        <td>
          Execution time since last step: 0.00 sec
        </td>
      </tr>
      <tr class="event-row">
        <td><span class="badge log info-bg">Info</span></td>
        <td>6:32:27â€¯pm</td>
        <td>
          Headers â†’ [Action, Company Name, Part No., Part Description, Part UOM, Costing Type, Product Category, Product Model Name and No., Special Product Category, Customer, Customer Part No., Supplier Detail 1, %SOB, Unit Price, Supplier Detail 2, Supplier Detail 3, Supplier Detail 4, Supplier Detail 5, Supplier Detail 6, Supplier Detail 7, Supplier Detail 8, Supplier Detail 9, Supplier Detail 10, Customer Name 1, Customer 1 Unit Price, Customer Name 2, Customer 2 Unit Price, Customer Name 3, Customer 3 Unit Price, Customer Name 4, Customer 4 Unit Price]
        </td>
      </tr>
      <tr class="event-row">
        <td><span class="badge log info-bg">Info</span></td>
        <td>6:32:27â€¯pm</td>
        <td>
          Execution time since last step: 0.00 sec
        </td>
      </tr>
      <tr class="event-row">
        <td><span class="badge log info-bg">Info</span></td>
        <td>6:32:27â€¯pm</td>
        <td>
          ðŸ§© Validation Targets â†’ [Company Name, Part No., Part Description, Part UOM, Product Category, Product Model Name and No., Special Product Category, Customer, Supplier Detail 1]
        </td>
      </tr>
      <tr class="event-row">
        <td><span class="badge log warning-bg">Warning</span></td>
        <td>6:32:27â€¯pm</td>
        <td>
           [Company Name] mismatch ignored â†’ Expected: COSTMASTER-0304-MOHALI-CM1 | Actual: COSTMASTER-0304-CM1
        </td>
      </tr>
      <tr class="event-row">
        <td><span class="badge log pass-bg">Pass</span></td>
        <td>6:32:27â€¯pm</td>
        <td>
          [Part No.] Match â†’ Expected: 01-57-73 | Actual: 01-57-73
        </td>
      </tr>
      <tr class="event-row">
        <td><span class="badge log pass-bg">Pass</span></td>
        <td>6:32:27â€¯pm</td>
        <td>
          [Part Description] Match â†’ Expected: Ismael188 | Actual: Ismael188
        </td>
      </tr>
      <tr class="event-row">
        <td><span class="badge log pass-bg">Pass</span></td>
        <td>6:32:27â€¯pm</td>
        <td>
          [Part UOM] Match â†’ Expected: Hourly | Actual: Hourly
        </td>
      </tr>
      <tr class="event-row">
        <td><span class="badge log pass-bg">Pass</span></td>
        <td>6:32:27â€¯pm</td>
        <td>
          [Product Category] Match â†’ Expected: rishi | Actual: rishi
        </td>
      </tr>
      <tr class="event-row">
        <td><span class="badge log pass-bg">Pass</span></td>
        <td>6:32:27â€¯pm</td>
        <td>
          [Product Model Name and No.] Match â†’ Expected: JKLakshmi-001 | Actual: JKLakshmi-001
        </td>
      </tr>
      <tr class="event-row">
        <td><span class="badge log pass-bg">Pass</span></td>
        <td>6:32:27â€¯pm</td>
        <td>
          [Special Product Category] Match â†’ Expected: ACCESSORIES | Actual: ACCESSORIES
        </td>
      </tr>
      <tr class="event-row">
        <td><span class="badge log warning-bg">Warning</span></td>
        <td>6:32:27â€¯pm</td>
        <td>
           [Customer] mismatch ignored â†’ Expected: Rishicustomer-Tbilisi-0004 | Actual: Rishicustomer-0004
        </td>
      </tr>
      <tr class="event-row">
        <td><span class="badge log fail-bg">Fail</span></td>
        <td>6:32:27â€¯pm</td>
        <td>
          Supplier mismatch â†’ Expected: 0801-Celesta | Actual: 0801 - Celesta
        </td>
      </tr>
      <tr class="event-row">
        <td><span class="badge log pass-bg">Pass</span></td>
        <td>6:32:27â€¯pm</td>
        <td>
           Row matched by Part No. (Supplier not verified, continuing click).
        </td>
      </tr>
      <tr class="event-row">
        <td><span class="badge log pass-bg">Pass</span></td>
        <td>6:32:32â€¯pm</td>
        <td>
          ðŸŸ¢ Clicked Supplier cell â†’ 0801 - Celesta
        </td>
      </tr>
      <tr class="event-row">
        <td><span class="badge log warning-bg">Warning</span></td>
        <td>6:32:32â€¯pm</td>
        <td>
          <span style='color:darkblue; font-weight:bold;'> Execution time since last step: 5.38 sec (Took longer than expected!)</span>
        </td>
      </tr>
      <tr class="event-row">
        <td><span class="badge log info-bg">Info</span></td>
        <td>6:32:32â€¯pm</td>
        <td>
          ==============================================
        </td>
      </tr>
      <tr class="event-row">
        <td><span class="badge log info-bg">Info</span></td>
        <td>6:32:32â€¯pm</td>
        <td>
          Execution time since last step: 0.00 sec
        </td>
      </tr>
      <tr class="event-row">
        <td><span class="badge log info-bg">Info</span></td>
        <td>6:32:32â€¯pm</td>
        <td>
          VALIDATION COMPLETED: [View Table Part Master For Supplier Name By Supplier Header Coloumn]
        </td>
      </tr>
      <tr class="event-row">
        <td><span class="badge log info-bg">Info</span></td>
        <td>6:32:32â€¯pm</td>
        <td>
          Execution time since last step: 0.00 sec
        </td>
      </tr>
      <tr class="event-row">
        <td><span class="badge log info-bg">Info</span></td>
        <td>6:32:32â€¯pm</td>
        <td>
          ==============================================
        </td>
      </tr>
      <tr class="event-row">
        <td><span class="badge log pass-bg">Pass</span></td>
        <td>6:32:32â€¯pm</td>
        <td>
          âœ… Part found successfully: 01-57-73 | Description: Ismael188
        </td>
      </tr>
      <tr class="event-row">
        <td><span class="badge log info-bg">Info</span></td>
        <td>6:32:32â€¯pm</td>
        <td>
          Execution time since last step: 0.00 sec
        </td>
      </tr>
      <tr class="event-row">
        <td><span class="badge log info-bg">Info</span></td>
        <td>6:32:32â€¯pm</td>
        <td>
          Stored Part Data: {Part Description=Ismael188, Part Number=01-57-73, Filter Used=Part No.}
        </td>
      </tr>
      <tr class="event-row">
        <td><span class="badge log info-bg">Info</span></td>
        <td>6:32:32â€¯pm</td>
        <td>
          Execution time since last step: 0.00 sec
        </td>
      </tr>
      <tr class="event-row">
        <td><span class="badge log info-bg">Info</span></td>
        <td>6:32:32â€¯pm</td>
        <td>
          ===== END: Verify Part Number & Description (Supplier Side) =====
        </td>
      </tr>
      <tr class="event-row">
        <td><span class="badge log info-bg">Info</span></td>
        <td>6:32:33â€¯pm</td>
        <td>
          Execution time since last step: 1.01 sec
        </td>
      </tr>
      <tr class="event-row">
        <td><span class="badge log info-bg">Info</span></td>
        <td>6:32:33â€¯pm</td>
        <td>
          ===== START: Verifying and Writing Data in 'Part Attributes' Tab (Procurement) =====
        </td>
      </tr>
      <tr class="event-row">
        <td><span class="badge log warning-bg">Warning</span></td>
        <td>6:32:33â€¯pm</td>
        <td>
          âš  Heading not visible yet. Attempting tab re-navigation.
        </td>
      </tr>
      <tr class="event-row">
        <td><span class="badge log info-bg">Info</span></td>
        <td>6:32:35â€¯pm</td>
        <td>
          Execution time since last step: 1.50 sec
        </td>
      </tr>
      <tr class="event-row">
        <td><span class="badge log info-bg">Info</span></td>
        <td>6:32:35â€¯pm</td>
        <td>
          Navigated to tab â†’ Part Price Calculations
        </td>
      </tr>
      <tr class="event-row">
        <td><span class="badge log info-bg">Info</span></td>
        <td>6:32:37â€¯pm</td>
        <td>
          Execution time since last step: 2.71 sec
        </td>
      </tr>
      <tr class="event-row">
        <td><span class="badge log info-bg">Info</span></td>
        <td>6:32:37â€¯pm</td>
        <td>
          Navigated to tab â†’ Part Attributes
        </td>
      </tr>
      <tr class="event-row">
        <td><span class="badge log pass-bg">Pass</span></td>
        <td>6:32:40â€¯pm</td>
        <td>
          âœ… 'Part Attributes' tab reloaded successfully after re-navigation.
        </td>
      </tr>
      <tr class="event-row">
        <td><span class="badge log info-bg">Info</span></td>
        <td>6:32:40â€¯pm</td>
        <td>
          Execution time since last step: 3.03 sec
        </td>
      </tr>
      <tr class="event-row">
        <td><span class="badge log info-bg">Info</span></td>
        <td>6:32:40â€¯pm</td>
        <td>
          STEP 1: Opening Commodity Group dropdown...
        </td>
      </tr>
      <tr class="event-row">
        <td><span class="badge log warning-bg">Warning</span></td>
        <td>6:32:42â€¯pm</td>
        <td>
          âš  Dropdown already contains 421 options before searching.
        </td>
      </tr>
      <tr class="event-row">
        <td><span class="badge log info-bg">Info</span></td>
        <td>6:32:42â€¯pm</td>
        <td>
          Execution time since last step: 2.14 sec
        </td>
      </tr>
      <tr class="event-row">
        <td><span class="badge log info-bg">Info</span></td>
        <td>6:32:42â€¯pm</td>
        <td>
          STEP 2: Searching for Commodity Group: Plastics
        </td>
      </tr>
      <tr class="event-row">
        <td><span class="badge log pass-bg">Pass</span></td>
        <td>6:32:45â€¯pm</td>
        <td>
          âœ… 3 Commodity Group options loaded after search.
        </td>
      </tr>
      <tr class="event-row">
        <td><span class="badge log info-bg">Info</span></td>
        <td>6:32:45â€¯pm</td>
        <td>
          Execution time since last step: 2.20 sec
        </td>
      </tr>
      <tr class="event-row">
        <td><span class="badge log info-bg">Info</span></td>
        <td>6:32:45â€¯pm</td>
        <td>
          STEP 3: Selecting desired Commodity Group from search result...
        </td>
      </tr>
      <tr class="event-row">
        <td><span class="badge log pass-bg">Pass</span></td>
        <td>6:32:45â€¯pm</td>
        <td>
          âœ… Selected Commodity Group: Plastics
        </td>
      </tr>
      <tr class="event-row">
        <td><span class="badge log info-bg">Info</span></td>
        <td>6:32:45â€¯pm</td>
        <td>
          Execution time since last step: 0.04 sec
        </td>
      </tr>
      <tr class="event-row">
        <td><span class="badge log info-bg">Info</span></td>
        <td>6:32:45â€¯pm</td>
        <td>
          STEP 4: Entering SOB (Supplier On Behalf) value...
        </td>
      </tr>
      <tr class="event-row">
        <td><span class="badge log info-bg">Info</span></td>
        <td>6:32:45â€¯pm</td>
        <td>
          Execution time since last step: 0.15 sec
        </td>
      </tr>
      <tr class="event-row">
        <td><span class="badge log info-bg">Info</span></td>
        <td>6:32:45â€¯pm</td>
        <td>
          Entered SOB Value: 10.125 â†’ Stored As (3 decimals): 10.125
        </td>
      </tr>
      <tr class="event-row">
        <td><span class="badge log info-bg">Info</span></td>
        <td>6:32:45â€¯pm</td>
        <td>
          Execution time since last step: 0.00 sec
        </td>
      </tr>
      <tr class="event-row">
        <td><span class="badge log info-bg">Info</span></td>
        <td>6:32:45â€¯pm</td>
        <td>
          STEP 5: Clicking Save on Part Attributes...
        </td>
      </tr>
      <tr class="event-row">
        <td><span class="badge log pass-bg">Pass</span></td>
        <td>6:32:46â€¯pm</td>
        <td>
          âœ… Toast Message Matched Successfully.
        </td>
      </tr>
      <tr class="event-row">
        <td><span class="badge log info-bg">Info</span></td>
        <td>6:32:46â€¯pm</td>
        <td>
          Execution time since last step: 1.46 sec
        </td>
      </tr>
      <tr class="event-row">
        <td><span class="badge log info-bg">Info</span></td>
        <td>6:32:46â€¯pm</td>
        <td>
          STEP 6: Fetching SOB value from UI after save for extra confirmation...
        </td>
      </tr>
      <tr class="event-row">
        <td><span class="badge log info-bg">Info</span></td>
        <td>6:32:46â€¯pm</td>
        <td>
          Execution time since last step: 0.02 sec
        </td>
      </tr>
      <tr class="event-row">
        <td><span class="badge log info-bg">Info</span></td>
        <td>6:32:46â€¯pm</td>
        <td>
          UI SOB Value after save: 10.125 â†’ Normalized (3dp): 10.125
        </td>
      </tr>
      <tr class="event-row">
        <td><span class="badge log info-bg">Info</span></td>
        <td>6:32:48â€¯pm</td>
        <td>
          Execution time since last step: 2.01 sec
        </td>
      </tr>
      <tr class="event-row">
        <td><span class="badge log info-bg">Info</span></td>
        <td>6:32:48â€¯pm</td>
        <td>
          ===== END: 'Part Attributes' Tab Flow Completed (Procurement) =====
        </td>
      </tr>
      <tr class="event-row">
        <td><span class="badge log info-bg">Info</span></td>
        <td>6:32:50â€¯pm</td>
        <td>
          Execution time since last step: 1.51 sec
        </td>
      </tr>
      <tr class="event-row">
        <td><span class="badge log info-bg">Info</span></td>
        <td>6:32:50â€¯pm</td>
        <td>
          ===== START: VerifySavePriceCalculationValue (PROCUREMENT â€¢ FORGING) =====
        </td>
      </tr>
      <tr class="event-row">
        <td><span class="badge log info-bg">Info</span></td>
        <td>6:32:54â€¯pm</td>
        <td>
          Execution time since last step: 4.60 sec
        </td>
      </tr>
      <tr class="event-row">
        <td><span class="badge log info-bg">Info</span></td>
        <td>6:32:54â€¯pm</td>
        <td>
          Selected RmInputCategory â†’ Forging
        </td>
      </tr>
      <tr class="event-row">
        <td><span class="badge log info-bg">Info</span></td>
        <td>6:32:57â€¯pm</td>
        <td>
          Execution time since last step: 2.09 sec
        </td>
      </tr>
      <tr class="event-row">
        <td><span class="badge log info-bg">Info</span></td>
        <td>6:32:57â€¯pm</td>
        <td>
          Selected ShapeOption â†’ Sheet
        </td>
      </tr>
      <tr class="event-row">
        <td><span class="badge log info-bg">Info</span></td>
        <td>6:33:00â€¯pm</td>
        <td>
          Execution time since last step: 3.74 sec
        </td>
      </tr>
      <tr class="event-row">
        <td><span class="badge log info-bg">Info</span></td>
        <td>6:33:00â€¯pm</td>
        <td>
          Entered Commodity Search â†’ Ferrous Metals
        </td>
      </tr>
      <tr class="event-row">
        <td><span class="badge log info-bg">Info</span></td>
        <td>6:33:00â€¯pm</td>
        <td>
          Execution time since last step: 0.06 sec
        </td>
      </tr>
      <tr class="event-row">
        <td><span class="badge log info-bg">Info</span></td>
        <td>6:33:00â€¯pm</td>
        <td>
          Selected CommodityGrp â†’ Ferrous Metals
        </td>
      </tr>
      <tr class="event-row">
        <td><span class="badge log info-bg">Info</span></td>
        <td>6:33:02â€¯pm</td>
        <td>
          Execution time since last step: 2.11 sec
        </td>
      </tr>
      <tr class="event-row">
        <td><span class="badge log info-bg">Info</span></td>
        <td>6:33:02â€¯pm</td>
        <td>
          Selected Classification â†’ Stainless Steel
        </td>
      </tr>
      <tr class="event-row">
        <td><span class="badge log info-bg">Info</span></td>
        <td>6:33:05â€¯pm</td>
        <td>
          Execution time since last step: 2.10 sec
        </td>
      </tr>
      <tr class="event-row">
        <td><span class="badge log info-bg">Info</span></td>
        <td>6:33:05â€¯pm</td>
        <td>
          Selected Year â†’ 2020-2021
        </td>
      </tr>
      <tr class="event-row">
        <td><span class="badge log info-bg">Info</span></td>
        <td>6:33:07â€¯pm</td>
        <td>
          Execution time since last step: 2.10 sec
        </td>
      </tr>
      <tr class="event-row">
        <td><span class="badge log info-bg">Info</span></td>
        <td>6:33:07â€¯pm</td>
        <td>
          Selected Period â†’ Jan
        </td>
      </tr>
      <tr class="event-row">
        <td><span class="badge log info-bg">Info</span></td>
        <td>6:33:09â€¯pm</td>
        <td>
          Execution time since last step: 2.09 sec
        </td>
      </tr>
      <tr class="event-row">
        <td><span class="badge log info-bg">Info</span></td>
        <td>6:33:09â€¯pm</td>
        <td>
          Selected Specific Grade â†’ CRCA-007
        </td>
      </tr>
      <tr class="event-row">
        <td><span class="badge log info-bg">Info</span></td>
        <td>6:33:11â€¯pm</td>
        <td>
          Execution time since last step: 2.01 sec
        </td>
      </tr>
      <tr class="event-row">
        <td><span class="badge log info-bg">Info</span></td>
        <td>6:33:11â€¯pm</td>
        <td>
          Trying to click radio button: Direct Entry
        </td>
      </tr>
      <tr class="event-row">
        <td><span class="badge log info-bg">Info</span></td>
        <td>6:33:12â€¯pm</td>
        <td>
          Execution time since last step: 1.13 sec
        </td>
      </tr>
      <tr class="event-row">
        <td><span class="badge log info-bg">Info</span></td>
        <td>6:33:12â€¯pm</td>
        <td>
          Direct Entry click failed, trying JS click.
        </td>
      </tr>
      <tr class="event-row">
        <td><span class="badge log pass-bg">Pass</span></td>
        <td>6:33:12â€¯pm</td>
        <td>
          Clicked using JavaScript: Direct Entry
        </td>
      </tr>
      <tr class="event-row">
        <td><span class="badge log info-bg">Info</span></td>
        <td>6:33:12â€¯pm</td>
        <td>
          Execution time since last step: 0.02 sec
        </td>
      </tr>
      <tr class="event-row">
        <td><span class="badge log info-bg">Info</span></td>
        <td>6:33:12â€¯pm</td>
        <td>
          Clicked Radio â†’ Direct Entry
        </td>
      </tr>
      <tr class="event-row">
        <td><span class="badge log info-bg">Info</span></td>
        <td>6:33:14â€¯pm</td>
        <td>
          Execution time since last step: 2.01 sec
        </td>
      </tr>
      <tr class="event-row">
        <td><span class="badge log info-bg">Info</span></td>
        <td>6:33:14â€¯pm</td>
        <td>
          Trying to click radio button: Cut Margin
        </td>
      </tr>
      <tr class="event-row">
        <td><span class="badge log info-bg">Info</span></td>
        <td>6:33:15â€¯pm</td>
        <td>
          Execution time since last step: 1.12 sec
        </td>
      </tr>
      <tr class="event-row">
        <td><span class="badge log info-bg">Info</span></td>
        <td>6:33:15â€¯pm</td>
        <td>
          Cut Margin click failed, trying JS click.
        </td>
      </tr>
      <tr class="event-row">
        <td><span class="badge log pass-bg">Pass</span></td>
        <td>6:33:15â€¯pm</td>
        <td>
          Clicked using JavaScript: Cut Margin
        </td>
      </tr>
      <tr class="event-row">
        <td><span class="badge log info-bg">Info</span></td>
        <td>6:33:15â€¯pm</td>
        <td>
          Execution time since last step: 0.02 sec
        </td>
      </tr>
      <tr class="event-row">
        <td><span class="badge log info-bg">Info</span></td>
        <td>6:33:15â€¯pm</td>
        <td>
          Clicked Radio â†’ Cut Margin
        </td>
      </tr>
      <tr class="event-row">
        <td><span class="badge log info-bg">Info</span></td>
        <td>6:33:17â€¯pm</td>
        <td>
          Execution time since last step: 2.00 sec
        </td>
      </tr>
      <tr class="event-row">
        <td><span class="badge log info-bg">Info</span></td>
        <td>6:33:17â€¯pm</td>
        <td>
          Trying to click radio button: No. of Pieces
        </td>
      </tr>
      <tr class="event-row">
        <td><span class="badge log pass-bg">Pass</span></td>
        <td>6:33:17â€¯pm</td>
        <td>
          Clicked on No. of Pieces radio button.
        </td>
      </tr>
      <tr class="event-row">
        <td><span class="badge log info-bg">Info</span></td>
        <td>6:33:17â€¯pm</td>
        <td>
          Execution time since last step: 0.10 sec
        </td>
      </tr>
      <tr class="event-row">
        <td><span class="badge log info-bg">Info</span></td>
        <td>6:33:17â€¯pm</td>
        <td>
          Clicked Radio â†’ No. of Pieces
        </td>
      </tr>
      <tr class="event-row">
        <td><span class="badge log info-bg">Info</span></td>
        <td>6:33:19â€¯pm</td>
        <td>
          Execution time since last step: 2.01 sec
        </td>
      </tr>
      <tr class="event-row">
        <td><span class="badge log info-bg">Info</span></td>
        <td>6:33:19â€¯pm</td>
        <td>
          Trying to click radio button: Blank Weight
        </td>
      </tr>
      <tr class="event-row">
        <td><span class="badge log pass-bg">Pass</span></td>
        <td>6:33:19â€¯pm</td>
        <td>
          Clicked on Blank Weight radio button.
        </td>
      </tr>
      <tr class="event-row">
        <td><span class="badge log info-bg">Info</span></td>
        <td>6:33:19â€¯pm</td>
        <td>
          Execution time since last step: 0.10 sec
        </td>
      </tr>
      <tr class="event-row">
        <td><span class="badge log info-bg">Info</span></td>
        <td>6:33:19â€¯pm</td>
        <td>
          Clicked Radio â†’ Blank Weight
        </td>
      </tr>
      <tr class="event-row">
        <td><span class="badge log info-bg">Info</span></td>
        <td>6:33:21â€¯pm</td>
        <td>
          Execution time since last step: 2.21 sec
        </td>
      </tr>
      <tr class="event-row">
        <td><span class="badge log info-bg">Info</span></td>
        <td>6:33:21â€¯pm</td>
        <td>
          Entered ForgeWeight â†’ 12.4532
        </td>
      </tr>
      <tr class="event-row">
        <td><span class="badge log info-bg">Info</span></td>
        <td>6:33:24â€¯pm</td>
        <td>
          Execution time since last step: 2.23 sec
        </td>
      </tr>
      <tr class="event-row">
        <td><span class="badge log info-bg">Info</span></td>
        <td>6:33:24â€¯pm</td>
        <td>
          Entered Perimeter â†’ 19.73737
        </td>
      </tr>
      <tr class="event-row">
        <td><span class="badge log info-bg">Info</span></td>
        <td>6:33:26â€¯pm</td>
        <td>
          Execution time since last step: 2.21 sec
        </td>
      </tr>
      <tr class="event-row">
        <td><span class="badge log info-bg">Info</span></td>
        <td>6:33:26â€¯pm</td>
        <td>
          Entered BlankWtDirect â†’ 30.322
        </td>
      </tr>
      <tr class="event-row">
        <td><span class="badge log info-bg">Info</span></td>
        <td>6:33:28â€¯pm</td>
        <td>
          Execution time since last step: 2.22 sec
        </td>
      </tr>
      <tr class="event-row">
        <td><span class="badge log info-bg">Info</span></td>
        <td>6:33:28â€¯pm</td>
        <td>
          Entered CutMargin â†’ 11.2121
        </td>
      </tr>
      <tr class="event-row">
        <td><span class="badge log info-bg">Info</span></td>
        <td>6:33:30â€¯pm</td>
        <td>
          Execution time since last step: 2.22 sec
        </td>
      </tr>
      <tr class="event-row">
        <td><span class="badge log info-bg">Info</span></td>
        <td>6:33:30â€¯pm</td>
        <td>
          Entered NoOfPieces â†’ 15.7653
        </td>
      </tr>
      <tr class="event-row">
        <td><span class="badge log info-bg">Info</span></td>
        <td>6:33:33â€¯pm</td>
        <td>
          Execution time since last step: 2.22 sec
        </td>
      </tr>
      <tr class="event-row">
        <td><span class="badge log info-bg">Info</span></td>
        <td>6:33:33â€¯pm</td>
        <td>
          Entered BlankWtKg â†’ 12.3232
        </td>
      </tr>
      <tr class="event-row">
        <td><span class="badge log info-bg">Info</span></td>
        <td>6:33:35â€¯pm</td>
        <td>
          Execution time since last step: 2.20 sec
        </td>
      </tr>
      <tr class="event-row">
        <td><span class="badge log info-bg">Info</span></td>
        <td>6:33:35â€¯pm</td>
        <td>
          Entered RejectionWastage â†’ 12
        </td>
      </tr>
      <tr class="event-row">
        <td><span class="badge log info-bg">Info</span></td>
        <td>6:33:37â€¯pm</td>
        <td>
          Execution time since last step: 2.20 sec
        </td>
      </tr>
      <tr class="event-row">
        <td><span class="badge log info-bg">Info</span></td>
        <td>6:33:37â€¯pm</td>
        <td>
          Entered FinishWeight â†’ 10
        </td>
      </tr>
      <tr class="event-row">
        <td><span class="badge log info-bg">Info</span></td>
        <td>6:33:39â€¯pm</td>
        <td>
          Execution time since last step: 2.22 sec
        </td>
      </tr>
      <tr class="event-row">
        <td><span class="badge log info-bg">Info</span></td>
        <td>6:33:39â€¯pm</td>
        <td>
          Entered ScrapRealization â†’ 19.4123
        </td>
      </tr>
      <tr class="event-row">
        <td><span class="badge log warning-bg">Warning</span></td>
        <td>6:33:46â€¯pm</td>
        <td>
          <span style='color:darkblue; font-weight:bold;'> Execution time since last step: 7.13 sec (Took longer than expected!)</span>
        </td>
      </tr>
      <tr class="event-row">
        <td><span class="badge log info-bg">Info</span></td>
        <td>6:33:46â€¯pm</td>
        <td>
          Entered OHP search â†’ RMCCCCC-Rej-199.000 % of RMC ,ICC-10.000 % of RMC ,ICC-10.000 % of PC ,ICC-10.000 % of BOP ,OH-10.000 % of RMC+PC ,P-10.000 % of RMC+PC ,
        </td>
      </tr>
      <tr class="event-row">
        <td><span class="badge log info-bg">Info</span></td>
        <td>6:33:48â€¯pm</td>
        <td>
          Execution time since last step: 1.28 sec
        </td>
      </tr>
      <tr class="event-row">
        <td><span class="badge log info-bg">Info</span></td>
        <td>6:33:48â€¯pm</td>
        <td>
          Selected OHP â†’ RMCCCCC-Rej-199.000 % of RMC ,ICC-10.000 % of RMC ,ICC-10.000 % of PC ,ICC-10.000 % of BOP ,OH-10.000 % of RMC+PC ,P-10.000 % of RMC+PC ,
        </td>
      </tr>
      <tr class="event-row">
        <td><span class="badge log info-bg">Info</span></td>
        <td>6:33:50â€¯pm</td>
        <td>
          Execution time since last step: 2.26 sec
        </td>
      </tr>
      <tr class="event-row">
        <td><span class="badge log info-bg">Info</span></td>
        <td>6:33:50â€¯pm</td>
        <td>
          Entered RejectionValue â†’ 20.543
        </td>
      </tr>
      <tr class="event-row">
        <td><span class="badge log info-bg">Info</span></td>
        <td>6:33:52â€¯pm</td>
        <td>
          Execution time since last step: 1.76 sec
        </td>
      </tr>
      <tr class="event-row">
        <td><span class="badge log info-bg">Info</span></td>
        <td>6:33:52â€¯pm</td>
        <td>
          Entered Packing â†’ 32.543
        </td>
      </tr>
      <tr class="event-row">
        <td><span class="badge log info-bg">Info</span></td>
        <td>6:33:53â€¯pm</td>
        <td>
          Execution time since last step: 1.75 sec
        </td>
      </tr>
      <tr class="event-row">
        <td><span class="badge log info-bg">Info</span></td>
        <td>6:33:53â€¯pm</td>
        <td>
          Entered Insurance â†’ 4.444
        </td>
      </tr>
      <tr class="event-row">
        <td><span class="badge log info-bg">Info</span></td>
        <td>6:33:55â€¯pm</td>
        <td>
          Execution time since last step: 1.81 sec
        </td>
      </tr>
      <tr class="event-row">
        <td><span class="badge log info-bg">Info</span></td>
        <td>6:33:55â€¯pm</td>
        <td>
          Entered Profit â†’ 64.3676
        </td>
      </tr>
      <tr class="event-row">
        <td><span class="badge log info-bg">Info</span></td>
        <td>6:33:57â€¯pm</td>
        <td>
          Execution time since last step: 1.71 sec
        </td>
      </tr>
      <tr class="event-row">
        <td><span class="badge log info-bg">Info</span></td>
        <td>6:33:57â€¯pm</td>
        <td>
          Entered OverHead â†’ 11
        </td>
      </tr>
      <tr class="event-row">
        <td><span class="badge log info-bg">Info</span></td>
        <td>6:33:59â€¯pm</td>
        <td>
          Execution time since last step: 1.74 sec
        </td>
      </tr>
      <tr class="event-row">
        <td><span class="badge log info-bg">Info</span></td>
        <td>6:33:59â€¯pm</td>
        <td>
          Entered ICC â†’ 2.67
        </td>
      </tr>
      <tr class="event-row">
        <td><span class="badge log info-bg">Info</span></td>
        <td>6:34:00â€¯pm</td>
        <td>
          Execution time since last step: 1.75 sec
        </td>
      </tr>
      <tr class="event-row">
        <td><span class="badge log info-bg">Info</span></td>
        <td>6:34:00â€¯pm</td>
        <td>
          Entered Freight â†’ 1.432
        </td>
      </tr>
      <tr class="event-row">
        <td><span class="badge log info-bg">Info</span></td>
        <td>6:34:02â€¯pm</td>
        <td>
          Execution time since last step: 1.82 sec
        </td>
      </tr>
      <tr class="event-row">
        <td><span class="badge log info-bg">Info</span></td>
        <td>6:34:02â€¯pm</td>
        <td>
          Entered Factor1 â†’ 123
        </td>
      </tr>
      <tr class="event-row">
        <td><span class="badge log info-bg">Info</span></td>
        <td>6:34:04â€¯pm</td>
        <td>
          Execution time since last step: 1.86 sec
        </td>
      </tr>
      <tr class="event-row">
        <td><span class="badge log info-bg">Info</span></td>
        <td>6:34:04â€¯pm</td>
        <td>
          Entered Factor2 â†’ 123
        </td>
      </tr>
      <tr class="event-row">
        <td><span class="badge log info-bg">Info</span></td>
        <td>6:34:06â€¯pm</td>
        <td>
          Execution time since last step: 1.85 sec
        </td>
      </tr>
      <tr class="event-row">
        <td><span class="badge log info-bg">Info</span></td>
        <td>6:34:06â€¯pm</td>
        <td>
          Entered Factor3 â†’ 123
        </td>
      </tr>
      <tr class="event-row">
        <td><span class="badge log info-bg">Info</span></td>
        <td>6:34:08â€¯pm</td>
        <td>
          Execution time since last step: 1.66 sec
        </td>
      </tr>
      <tr class="event-row">
        <td><span class="badge log info-bg">Info</span></td>
        <td>6:34:08â€¯pm</td>
        <td>
          Entered Remarks â†’ fc48
        </td>
      </tr>
      <tr class="event-row">
        <td><span class="badge log info-bg">Info</span></td>
        <td>6:34:09â€¯pm</td>
        <td>
          Execution time since last step: 1.62 sec
        </td>
      </tr>
      <tr class="event-row">
        <td><span class="badge log info-bg">Info</span></td>
        <td>6:34:09â€¯pm</td>
        <td>
          Entered ToolCost â†’ 432
        </td>
      </tr>
      <tr class="event-row">
        <td><span class="badge log info-bg">Info</span></td>
        <td>6:34:11â€¯pm</td>
        <td>
          Execution time since last step: 2.15 sec
        </td>
      </tr>
      <tr class="event-row">
        <td><span class="badge log info-bg">Info</span></td>
        <td>6:34:11â€¯pm</td>
        <td>
          Entered Quantity â†’ 3565
        </td>
      </tr>
      <tr class="event-row">
        <td><span class="badge log info-bg">Info</span></td>
        <td>6:34:14â€¯pm</td>
        <td>
          Execution time since last step: 2.52 sec
        </td>
      </tr>
      <tr class="event-row">
        <td><span class="badge log info-bg">Info</span></td>
        <td>6:34:14â€¯pm</td>
        <td>
          Entered ToolAmortization â†’ 37.4343
        </td>
      </tr>
      <tr class="event-row">
        <td><span class="badge log fail-bg">Fail</span></td>
        <td>6:34:16â€¯pm</td>
        <td>
          Exception during Price Calculation: invalid session id: session deleted as the browser has closed the connection
from disconnected: not connected to DevTools
  (Session info: chrome=142.0.7444.177)
Build info: version: '4.25.0', revision: '8a8aea2337'
System info: os.name: 'Windows 11', os.arch: 'amd64', os.version: '10.0', java.version: '21.0.7'
Driver info: org.openqa.selenium.chrome.ChromeDriver
Command: [3d94e49ade7295f3d5c2ed3868c8aaa0, findElement {using=xpath, value=//input[@id='ToolMaintenance']}]
Capabilities {acceptInsecureCerts: false, browserName: chrome, browserVersion: 142.0.7444.177, chrome: {chromedriverVersion: 142.0.7444.175 (302067f14a4..., userDataDir: C:\Users\Cma-018\AppData\Lo...}, fedcm:accounts: true, goog:chromeOptions: {debuggerAddress: localhost:54828}, goog:processID: 15984, networkConnectionEnabled: false, pageLoadStrategy: normal, platformName: windows, proxy: Proxy(), se:cdp: ws://localhost:54828/devtoo..., se:cdpVersion: 142.0.7444.177, setWindowRect: true, strictFileInteractability: false, timeouts: {implicit: 0, pageLoad: 300000, script: 30000}, unhandledPromptBehavior: dismiss and notify, webauthn:extension:credBlob: true, webauthn:extension:largeBlob: true, webauthn:extension:minPinLength: true, webauthn:extension:prf: true, webauthn:virtualAuthenticators: true}
Session ID: 3d94e49ade7295f3d5c2ed3868c8aaa0
        </td>
      </tr>
      <tr class="event-row">
        <td><span class="badge log fail-bg">Fail</span></td>
        <td>6:34:16â€¯pm</td>
        <td>
          âŒ Exception in clickAddBopAndVerifyTable â†’ invalid session id
Build info: version: '4.25.0', revision: '8a8aea2337'
System info: os.name: 'Windows 11', os.arch: 'amd64', os.version: '10.0', java.version: '21.0.7'
Driver info: org.openqa.selenium.chrome.ChromeDriver
Command: [3d94e49ade7295f3d5c2ed3868c8aaa0, findElements {using=xpath, value=//ul[@class='nav nav-pills']//a}]
Capabilities {acceptInsecureCerts: false, browserName: chrome, browserVersion: 142.0.7444.177, chrome: {chromedriverVersion: 142.0.7444.175 (302067f14a4..., userDataDir: C:\Users\Cma-018\AppData\Lo...}, fedcm:accounts: true, goog:chromeOptions: {debuggerAddress: localhost:54828}, goog:processID: 15984, networkConnectionEnabled: false, pageLoadStrategy: normal, platformName: windows, proxy: Proxy(), se:cdp: ws://localhost:54828/devtoo..., se:cdpVersion: 142.0.7444.177, setWindowRect: true, strictFileInteractability: false, timeouts: {implicit: 0, pageLoad: 300000, script: 30000}, unhandledPromptBehavior: dismiss and notify, webauthn:extension:credBlob: true, webauthn:extension:largeBlob: true, webauthn:extension:minPinLength: true, webauthn:extension:prf: true, webauthn:virtualAuthenticators: true}
Session ID: 3d94e49ade7295f3d5c2ed3868c8aaa0
        </td>
      </tr>
      <tr class="event-row">
        <td><span class="badge log info-bg">Info</span></td>
        <td>6:34:17â€¯pm</td>
        <td>
          Execution time since last step: 3.58 sec
        </td>
      </tr>
      <tr class="event-row">
        <td><span class="badge log info-bg">Info</span></td>
        <td>6:34:17â€¯pm</td>
        <td>
          ===== Filling Tooling Cost Form for Part: 01-57-73 =====
        </td>
      </tr>
      <tr class="event-row">
        <td><span class="badge log fail-bg">Fail</span></td>
        <td>6:34:19â€¯pm</td>
        <td>
          âŒ EnterToolingCost Failed â†’ invalid session id
Build info: version: '4.25.0', revision: '8a8aea2337'
System info: os.name: 'Windows 11', os.arch: 'amd64', os.version: '10.0', java.version: '21.0.7'
Driver info: org.openqa.selenium.chrome.ChromeDriver
Command: [3d94e49ade7295f3d5c2ed3868c8aaa0, findElements {using=xpath, value=//ul[@class='nav nav-pills']//a}]
Capabilities {acceptInsecureCerts: false, browserName: chrome, browserVersion: 142.0.7444.177, chrome: {chromedriverVersion: 142.0.7444.175 (302067f14a4..., userDataDir: C:\Users\Cma-018\AppData\Lo...}, fedcm:accounts: true, goog:chromeOptions: {debuggerAddress: localhost:54828}, goog:processID: 15984, networkConnectionEnabled: false, pageLoadStrategy: normal, platformName: windows, proxy: Proxy(), se:cdp: ws://localhost:54828/devtoo..., se:cdpVersion: 142.0.7444.177, setWindowRect: true, strictFileInteractability: false, timeouts: {implicit: 0, pageLoad: 300000, script: 30000}, unhandledPromptBehavior: dismiss and notify, webauthn:extension:credBlob: true, webauthn:extension:largeBlob: true, webauthn:extension:minPinLength: true, webauthn:extension:prf: true, webauthn:virtualAuthenticators: true}
Session ID: 3d94e49ade7295f3d5c2ed3868c8aaa0
        </td>
      </tr>
      <tr class="event-row">
        <td><span class="badge log info-bg">Info</span></td>
        <td>6:34:20â€¯pm</td>
        <td>
          Execution time since last step: 2.52 sec
        </td>
      </tr>
      <tr class="event-row">
        <td><span class="badge log info-bg">Info</span></td>
        <td>6:34:20â€¯pm</td>
        <td>
          User Starts To Update Data
        </td>
      </tr>
      <tr class="event-row">
        <td><span class="badge log info-bg">Info</span></td>
        <td>6:34:20â€¯pm</td>
        <td>
          Execution time since last step: 0.00 sec
        </td>
      </tr>
      <tr class="event-row">
        <td><span class="badge log info-bg">Info</span></td>
        <td>6:34:20â€¯pm</td>
        <td>
          ===== START: UPDATE PRICE CALCULATION (FORGING â€¢ PROCUREMENT) =====
        </td>
      </tr>
      <tr class="event-row">
        <td><span class="badge log fail-bg">Fail</span></td>
        <td>6:34:20â€¯pm</td>
        <td>
          Exception during Price Calculation: invalid session id
Build info: version: '4.25.0', revision: '8a8aea2337'
System info: os.name: 'Windows 11', os.arch: 'amd64', os.version: '10.0', java.version: '21.0.7'
Driver info: org.openqa.selenium.chrome.ChromeDriver
Command: [3d94e49ade7295f3d5c2ed3868c8aaa0, findElements {using=xpath, value=//ul[@class='nav nav-pills']//a}]
Capabilities {acceptInsecureCerts: false, browserName: chrome, browserVersion: 142.0.7444.177, chrome: {chromedriverVersion: 142.0.7444.175 (302067f14a4..., userDataDir: C:\Users\Cma-018\AppData\Lo...}, fedcm:accounts: true, goog:chromeOptions: {debuggerAddress: localhost:54828}, goog:processID: 15984, networkConnectionEnabled: false, pageLoadStrategy: normal, platformName: windows, proxy: Proxy(), se:cdp: ws://localhost:54828/devtoo..., se:cdpVersion: 142.0.7444.177, setWindowRect: true, strictFileInteractability: false, timeouts: {implicit: 0, pageLoad: 300000, script: 30000}, unhandledPromptBehavior: dismiss and notify, webauthn:extension:credBlob: true, webauthn:extension:largeBlob: true, webauthn:extension:minPinLength: true, webauthn:extension:prf: true, webauthn:virtualAuthenticators: true}
Session ID: 3d94e49ade7295f3d5c2ed3868c8aaa0
        </td>
      </tr>
      <tr class="event-row">
        <td><span class="badge log info-bg">Info</span></td>
        <td>6:34:20â€¯pm</td>
        <td>
          Execution time since last step: 0.00 sec
        </td>
      </tr>
      <tr class="event-row">
        <td><span class="badge log info-bg">Info</span></td>
        <td>6:34:20â€¯pm</td>
        <td>
          ===== FINAL STORED VALUES (MAP) =====
        </td>
      </tr>
      <tr class="event-row">
        <td><span class="badge log info-bg">Info</span></td>
        <td>6:34:20â€¯pm</td>
        <td>
          Execution time since last step: 0.00 sec
        </td>
      </tr>
      <tr class="event-row">
        <td><span class="badge log info-bg">Info</span></td>
        <td>6:34:20â€¯pm</td>
        <td>
          Factor2 â†’ 1.23
        </td>
      </tr>
      <tr class="event-row">
        <td><span class="badge log info-bg">Info</span></td>
        <td>6:34:20â€¯pm</td>
        <td>
          Execution time since last step: 0.00 sec
        </td>
      </tr>
      <tr class="event-row">
        <td><span class="badge log info-bg">Info</span></td>
        <td>6:34:20â€¯pm</td>
        <td>
          ForgeWeight â†’ 21
        </td>
      </tr>
      <tr class="event-row">
        <td><span class="badge log info-bg">Info</span></td>
        <td>6:34:20â€¯pm</td>
        <td>
          Execution time since last step: 0.00 sec
        </td>
      </tr>
      <tr class="event-row">
        <td><span class="badge log info-bg">Info</span></td>
        <td>6:34:20â€¯pm</td>
        <td>
          Perimeter â†’ 122.73737
        </td>
      </tr>
      <tr class="event-row">
        <td><span class="badge log info-bg">Info</span></td>
        <td>6:34:20â€¯pm</td>
        <td>
          Execution time since last step: 0.00 sec
        </td>
      </tr>
      <tr class="event-row">
        <td><span class="badge log info-bg">Info</span></td>
        <td>6:34:20â€¯pm</td>
        <td>
          Factor1 â†’ 1423
        </td>
      </tr>
      <tr class="event-row">
        <td><span class="badge log info-bg">Info</span></td>
        <td>6:34:20â€¯pm</td>
        <td>
          Execution time since last step: 0.00 sec
        </td>
      </tr>
      <tr class="event-row">
        <td><span class="badge log info-bg">Info</span></td>
        <td>6:34:20â€¯pm</td>
        <td>
          NoOfPieces â†’ 115.7653
        </td>
      </tr>
      <tr class="event-row">
        <td><span class="badge log info-bg">Info</span></td>
        <td>6:34:20â€¯pm</td>
        <td>
          Execution time since last step: 0.00 sec
        </td>
      </tr>
      <tr class="event-row">
        <td><span class="badge log info-bg">Info</span></td>
        <td>6:34:20â€¯pm</td>
        <td>
          CutMargin â†’ 122.2121
        </td>
      </tr>
      <tr class="event-row">
        <td><span class="badge log info-bg">Info</span></td>
        <td>6:34:20â€¯pm</td>
        <td>
          Execution time since last step: 0.00 sec
        </td>
      </tr>
      <tr class="event-row">
        <td><span class="badge log info-bg">Info</span></td>
        <td>6:34:20â€¯pm</td>
        <td>
          Factor3 â†’ 1423
        </td>
      </tr>
      <tr class="event-row">
        <td><span class="badge log info-bg">Info</span></td>
        <td>6:34:20â€¯pm</td>
        <td>
          Execution time since last step: 0.00 sec
        </td>
      </tr>
      <tr class="event-row">
        <td><span class="badge log info-bg">Info</span></td>
        <td>6:34:20â€¯pm</td>
        <td>
          ToolAmortization â†’ 37.4343
        </td>
      </tr>
      <tr class="event-row">
        <td><span class="badge log info-bg">Info</span></td>
        <td>6:34:20â€¯pm</td>
        <td>
          Execution time since last step: 0.00 sec
        </td>
      </tr>
      <tr class="event-row">
        <td><span class="badge log info-bg">Info</span></td>
        <td>6:34:20â€¯pm</td>
        <td>
          ICC â†’ 24.67
        </td>
      </tr>
      <tr class="event-row">
        <td><span class="badge log info-bg">Info</span></td>
        <td>6:34:20â€¯pm</td>
        <td>
          Execution time since last step: 0.00 sec
        </td>
      </tr>
      <tr class="event-row">
        <td><span class="badge log info-bg">Info</span></td>
        <td>6:34:20â€¯pm</td>
        <td>
          Quantity â†’ 3.565
        </td>
      </tr>
      <tr class="event-row">
        <td><span class="badge log info-bg">Info</span></td>
        <td>6:34:20â€¯pm</td>
        <td>
          Execution time since last step: 0.00 sec
        </td>
      </tr>
      <tr class="event-row">
        <td><span class="badge log info-bg">Info</span></td>
        <td>6:34:20â€¯pm</td>
        <td>
          OverHead â†’ 1.1
        </td>
      </tr>
      <tr class="event-row">
        <td><span class="badge log info-bg">Info</span></td>
        <td>6:34:20â€¯pm</td>
        <td>
          Execution time since last step: 0.00 sec
        </td>
      </tr>
      <tr class="event-row">
        <td><span class="badge log info-bg">Info</span></td>
        <td>6:34:20â€¯pm</td>
        <td>
          RejectionWastage â†’ 12.34
        </td>
      </tr>
      <tr class="event-row">
        <td><span class="badge log info-bg">Info</span></td>
        <td>6:34:20â€¯pm</td>
        <td>
          Execution time since last step: 0.00 sec
        </td>
      </tr>
      <tr class="event-row">
        <td><span class="badge log info-bg">Info</span></td>
        <td>6:34:20â€¯pm</td>
        <td>
          Maintenance â†’ 21.4356
        </td>
      </tr>
      <tr class="event-row">
        <td><span class="badge log info-bg">Info</span></td>
        <td>6:34:20â€¯pm</td>
        <td>
          Execution time since last step: 0.00 sec
        </td>
      </tr>
      <tr class="event-row">
        <td><span class="badge log info-bg">Info</span></td>
        <td>6:34:20â€¯pm</td>
        <td>
          ScrapRealization â†’ 1.9.4123
        </td>
      </tr>
      <tr class="event-row">
        <td><span class="badge log info-bg">Info</span></td>
        <td>6:34:20â€¯pm</td>
        <td>
          Execution time since last step: 0.00 sec
        </td>
      </tr>
      <tr class="event-row">
        <td><span class="badge log info-bg">Info</span></td>
        <td>6:34:20â€¯pm</td>
        <td>
          FinishWeight â†’ 103
        </td>
      </tr>
      <tr class="event-row">
        <td><span class="badge log info-bg">Info</span></td>
        <td>6:34:20â€¯pm</td>
        <td>
          Execution time since last step: 0.00 sec
        </td>
      </tr>
      <tr class="event-row">
        <td><span class="badge log info-bg">Info</span></td>
        <td>6:34:20â€¯pm</td>
        <td>
          BlankWtKg â†’ 172.3232
        </td>
      </tr>
      <tr class="event-row">
        <td><span class="badge log info-bg">Info</span></td>
        <td>6:34:20â€¯pm</td>
        <td>
          Execution time since last step: 0.00 sec
        </td>
      </tr>
      <tr class="event-row">
        <td><span class="badge log info-bg">Info</span></td>
        <td>6:34:20â€¯pm</td>
        <td>
          BlankWtDirect â†’ 320.322
        </td>
      </tr>
      <tr class="event-row">
        <td><span class="badge log info-bg">Info</span></td>
        <td>6:34:20â€¯pm</td>
        <td>
          Execution time since last step: 0.00 sec
        </td>
      </tr>
      <tr class="event-row">
        <td><span class="badge log info-bg">Info</span></td>
        <td>6:34:20â€¯pm</td>
        <td>
          RejectionValue â†’ 230.543
        </td>
      </tr>
      <tr class="event-row">
        <td><span class="badge log info-bg">Info</span></td>
        <td>6:34:20â€¯pm</td>
        <td>
          Execution time since last step: 0.00 sec
        </td>
      </tr>
      <tr class="event-row">
        <td><span class="badge log info-bg">Info</span></td>
        <td>6:34:20â€¯pm</td>
        <td>
          Packing â†’ 323.543
        </td>
      </tr>
      <tr class="event-row">
        <td><span class="badge log info-bg">Info</span></td>
        <td>6:34:20â€¯pm</td>
        <td>
          Execution time since last step: 0.00 sec
        </td>
      </tr>
      <tr class="event-row">
        <td><span class="badge log info-bg">Info</span></td>
        <td>6:34:20â€¯pm</td>
        <td>
          Remarks â†’ fc48
        </td>
      </tr>
      <tr class="event-row">
        <td><span class="badge log info-bg">Info</span></td>
        <td>6:34:20â€¯pm</td>
        <td>
          Execution time since last step: 0.00 sec
        </td>
      </tr>
      <tr class="event-row">
        <td><span class="badge log info-bg">Info</span></td>
        <td>6:34:20â€¯pm</td>
        <td>
          Insurance â†’ 43.444
        </td>
      </tr>
      <tr class="event-row">
        <td><span class="badge log info-bg">Info</span></td>
        <td>6:34:20â€¯pm</td>
        <td>
          Execution time since last step: 0.00 sec
        </td>
      </tr>
      <tr class="event-row">
        <td><span class="badge log info-bg">Info</span></td>
        <td>6:34:20â€¯pm</td>
        <td>
          ToolCost â†’ 43.2
        </td>
      </tr>
      <tr class="event-row">
        <td><span class="badge log info-bg">Info</span></td>
        <td>6:34:20â€¯pm</td>
        <td>
          Execution time since last step: 0.00 sec
        </td>
      </tr>
      <tr class="event-row">
        <td><span class="badge log info-bg">Info</span></td>
        <td>6:34:20â€¯pm</td>
        <td>
          Profit â†’ 634.3676
        </td>
      </tr>
      <tr class="event-row">
        <td><span class="badge log info-bg">Info</span></td>
        <td>6:34:20â€¯pm</td>
        <td>
          Execution time since last step: 0.00 sec
        </td>
      </tr>
      <tr class="event-row">
        <td><span class="badge log info-bg">Info</span></td>
        <td>6:34:20â€¯pm</td>
        <td>
          Freight â†’ 14.432
        </td>
      </tr>
      <tr class="event-row">
        <td><span class="badge log info-bg">Info</span></td>
        <td>6:34:21â€¯pm</td>
        <td>
          Execution time since last step: 1.50 sec
        </td>
      </tr>
      <tr class="event-row">
        <td><span class="badge log info-bg">Info</span></td>
        <td>6:34:21â€¯pm</td>
        <td>
          ===== START: UPDATE BOP ENTRY PROCESS =====
        </td>
      </tr>
      <tr class="event-row">
        <td><span class="badge log fail-bg">Fail</span></td>
        <td>6:34:21â€¯pm</td>
        <td>
          Exception in BOP UPDATE flow â†’ invalid session id
Build info: version: '4.25.0', revision: '8a8aea2337'
System info: os.name: 'Windows 11', os.arch: 'amd64', os.version: '10.0', java.version: '21.0.7'
Driver info: org.openqa.selenium.chrome.ChromeDriver
Command: [3d94e49ade7295f3d5c2ed3868c8aaa0, findElements {using=xpath, value=//ul[@class='nav nav-pills']//a}]
Capabilities {acceptInsecureCerts: false, browserName: chrome, browserVersion: 142.0.7444.177, chrome: {chromedriverVersion: 142.0.7444.175 (302067f14a4..., userDataDir: C:\Users\Cma-018\AppData\Lo...}, fedcm:accounts: true, goog:chromeOptions: {debuggerAddress: localhost:54828}, goog:processID: 15984, networkConnectionEnabled: false, pageLoadStrategy: normal, platformName: windows, proxy: Proxy(), se:cdp: ws://localhost:54828/devtoo..., se:cdpVersion: 142.0.7444.177, setWindowRect: true, strictFileInteractability: false, timeouts: {implicit: 0, pageLoad: 300000, script: 30000}, unhandledPromptBehavior: dismiss and notify, webauthn:extension:credBlob: true, webauthn:extension:largeBlob: true, webauthn:extension:minPinLength: true, webauthn:extension:prf: true, webauthn:virtualAuthenticators: true}
Session ID: 3d94e49ade7295f3d5c2ed3868c8aaa0
        </td>
      </tr>
      <tr class="event-row">
        <td><span class="badge log info-bg">Info</span></td>
        <td>6:34:23â€¯pm</td>
        <td>
          Execution time since last step: 1.51 sec
        </td>
      </tr>
      <tr class="event-row">
        <td><span class="badge log info-bg">Info</span></td>
        <td>6:34:23â€¯pm</td>
        <td>
          ===== START: UPDATE TOOLING COST (Only Input Fields Updated) =====
        </td>
      </tr>
      <tr class="event-row">
        <td><span class="badge log fail-bg">Fail</span></td>
        <td>6:34:23â€¯pm</td>
        <td>
          <span style='color:red; font-weight:bold;'>Mismatch:</span> Error while updating tooling cost â†’ invalid session id
Build info: version: '4.25.0', revision: '8a8aea2337'
System info: os.name: 'Windows 11', os.arch: 'amd64', os.version: '10.0', java.version: '21.0.7'
Driver info: org.openqa.selenium.chrome.ChromeDriver
Command: [3d94e49ade7295f3d5c2ed3868c8aaa0, findElements {using=xpath, value=//ul[@class='nav nav-pills']//a}]
Capabilities {acceptInsecureCerts: false, browserName: chrome, browserVersion: 142.0.7444.177, chrome: {chromedriverVersion: 142.0.7444.175 (302067f14a4..., userDataDir: C:\Users\Cma-018\AppData\Lo...}, fedcm:accounts: true, goog:chromeOptions: {debuggerAddress: localhost:54828}, goog:processID: 15984, networkConnectionEnabled: false, pageLoadStrategy: normal, platformName: windows, proxy: Proxy(), se:cdp: ws://localhost:54828/devtoo..., se:cdpVersion: 142.0.7444.177, setWindowRect: true, strictFileInteractability: false, timeouts: {implicit: 0, pageLoad: 300000, script: 30000}, unhandledPromptBehavior: dismiss and notify, webauthn:extension:credBlob: true, webauthn:extension:largeBlob: true, webauthn:extension:minPinLength: true, webauthn:extension:prf: true, webauthn:virtualAuthenticators: true}
Session ID: 3d94e49ade7295f3d5c2ed3868c8aaa0
        </td>
      </tr>
      <tr class="event-row">
        <td><span class="badge log info-bg">Info</span></td>
        <td>6:34:23â€¯pm</td>
        <td>
          Execution time since last step: 0.00 sec
        </td>
      </tr>
      <tr class="event-row">
        <td><span class="badge log info-bg">Info</span></td>
        <td>6:34:23â€¯pm</td>
        <td>
           trying JavaScript click for: 
        </td>
      </tr>
      <tr class="event-row">
        <td><span class="badge log fail-bg">Fail</span></td>
        <td>6:34:23â€¯pm</td>
        <td>
          JavaScript click also FAILED for: 
        </td>
      </tr>
      <tr class="event-row">
        <td><span class="badge log info-bg">Info</span></td>
        <td>6:34:25â€¯pm</td>
        <td>
          Execution time since last step: 2.02 sec
        </td>
      </tr>
      <tr class="event-row">
        <td><span class="badge log info-bg">Info</span></td>
        <td>6:34:25â€¯pm</td>
        <td>
          Master Data  Is Not Displayed On Dashboard
        </td>
      </tr>
      <tr class="event-row">
        <td><span class="badge log fail-bg">Fail</span></td>
        <td>6:34:25â€¯pm</td>
        <td>
          Error while clicking Master Option: invalid session id
Build info: version: '4.25.0', revision: '8a8aea2337'
System info: os.name: 'Windows 11', os.arch: 'amd64', os.version: '10.0', java.version: '21.0.7'
Driver info: org.openqa.selenium.chrome.ChromeDriver
Command: [3d94e49ade7295f3d5c2ed3868c8aaa0, findElement {using=xpath, value=//span[normalize-space(text())='Master Data']}]
Capabilities {acceptInsecureCerts: false, browserName: chrome, browserVersion: 142.0.7444.177, chrome: {chromedriverVersion: 142.0.7444.175 (302067f14a4..., userDataDir: C:\Users\Cma-018\AppData\Lo...}, fedcm:accounts: true, goog:chromeOptions: {debuggerAddress: localhost:54828}, goog:processID: 15984, networkConnectionEnabled: false, pageLoadStrategy: normal, platformName: windows, proxy: Proxy(), se:cdp: ws://localhost:54828/devtoo..., se:cdpVersion: 142.0.7444.177, setWindowRect: true, strictFileInteractability: false, timeouts: {implicit: 0, pageLoad: 300000, script: 30000}, unhandledPromptBehavior: dismiss and notify, webauthn:extension:credBlob: true, webauthn:extension:largeBlob: true, webauthn:extension:minPinLength: true, webauthn:extension:prf: true, webauthn:virtualAuthenticators: true}
Session ID: 3d94e49ade7295f3d5c2ed3868c8aaa0
        </td>
      </tr>
      <tr class="event-row">
        <td><span class="badge log info-bg">Info</span></td>
        <td>6:34:28â€¯pm</td>
        <td>
          Execution time since last step: 2.91 sec
        </td>
      </tr>
      <tr class="event-row">
        <td><span class="badge log info-bg">Info</span></td>
        <td>6:34:28â€¯pm</td>
        <td>
          Validating For Updated Value
        </td>
      </tr>
      <tr class="event-row">
        <td><span class="badge log info-bg">Info</span></td>
        <td>6:34:28â€¯pm</td>
        <td>
          Execution time since last step: 0.00 sec
        </td>
      </tr>
      <tr class="event-row">
        <td><span class="badge log info-bg">Info</span></td>
        <td>6:34:28â€¯pm</td>
        <td>
          ===== START: Verify Part Number & Description View Table PartMaster =====
        </td>
      </tr>
      <tr class="event-row">
        <td><span class="badge log info-bg">Info</span></td>
        <td>6:34:30â€¯pm</td>
        <td>
          Execution time since last step: 2.01 sec
        </td>
      </tr>
      <tr class="event-row">
        <td><span class="badge log info-bg">Info</span></td>
        <td>6:34:30â€¯pm</td>
        <td>
           trying JavaScript click for: 
        </td>
      </tr>
      <tr class="event-row">
        <td><span class="badge log fail-bg">Fail</span></td>
        <td>6:34:30â€¯pm</td>
        <td>
          JavaScript click also FAILED for: 
        </td>
      </tr>
      <tr class="event-row">
        <td><span class="badge log info-bg">Info</span></td>
        <td>6:34:32â€¯pm</td>
        <td>
          Execution time since last step: 2.01 sec
        </td>
      </tr>
      <tr class="event-row">
        <td><span class="badge log info-bg">Info</span></td>
        <td>6:34:32â€¯pm</td>
        <td>
          Opening Part Master filter and selecting: Part No.
        </td>
      </tr>
      <tr class="event-row">
        <td><span class="badge log info-bg">Info</span></td>
        <td>6:34:32â€¯pm</td>
        <td>
          Execution time since last step: 0.51 sec
        </td>
      </tr>
      <tr class="event-row">
        <td><span class="badge log info-bg">Info</span></td>
        <td>6:34:32â€¯pm</td>
        <td>
          Progress loader not found or already hidden.
        </td>
      </tr>
      <tr class="event-row">
        <td><span class="badge log info-bg">Info</span></td>
        <td>6:34:32â€¯pm</td>
        <td>
          Execution time since last step: 0.00 sec
        </td>
      </tr>
      <tr class="event-row">
        <td><span class="badge log info-bg">Info</span></td>
        <td>6:34:32â€¯pm</td>
        <td>
          Sticky header is not blocking click area.
        </td>
      </tr>
      <tr class="event-row">
        <td><span class="badge log fail-bg">Fail</span></td>
        <td>6:34:33â€¯pm</td>
        <td>
          âŒ Error while verifying part number on Supplier Side: invalid session id
Build info: version: '4.25.0', revision: '8a8aea2337'
System info: os.name: 'Windows 11', os.arch: 'amd64', os.version: '10.0', java.version: '21.0.7'
Driver info: org.openqa.selenium.chrome.ChromeDriver
Command: [3d94e49ade7295f3d5c2ed3868c8aaa0, findElements {using=xpath, value=//div[@id='chkPartMaster']//label}]
Capabilities {acceptInsecureCerts: false, browserName: chrome, browserVersion: 142.0.7444.177, chrome: {chromedriverVersion: 142.0.7444.175 (302067f14a4..., userDataDir: C:\Users\Cma-018\AppData\Lo...}, fedcm:accounts: true, goog:chromeOptions: {debuggerAddress: localhost:54828}, goog:processID: 15984, networkConnectionEnabled: false, pageLoadStrategy: normal, platformName: windows, proxy: Proxy(), se:cdp: ws://localhost:54828/devtoo..., se:cdpVersion: 142.0.7444.177, setWindowRect: true, strictFileInteractability: false, timeouts: {implicit: 0, pageLoad: 300000, script: 30000}, unhandledPromptBehavior: dismiss and notify, webauthn:extension:credBlob: true, webauthn:extension:largeBlob: true, webauthn:extension:minPinLength: true, webauthn:extension:prf: true, webauthn:virtualAuthenticators: true}
Session ID: 3d94e49ade7295f3d5c2ed3868c8aaa0
        </td>
      </tr>
      <tr class="event-row">
        <td><span class="badge log fail-bg">Fail</span></td>
        <td>6:34:33â€¯pm</td>
        <td>
          Exception occurred: invalid session id
Build info: version: '4.25.0', revision: '8a8aea2337'
System info: os.name: 'Windows 11', os.arch: 'amd64', os.version: '10.0', java.version: '21.0.7'
Driver info: org.openqa.selenium.chrome.ChromeDriver
Command: [3d94e49ade7295f3d5c2ed3868c8aaa0, findElements {using=xpath, value=//div[@id='chkPartMaster']//label}]
Capabilities {acceptInsecureCerts: false, browserName: chrome, browserVersion: 142.0.7444.177, chrome: {chromedriverVersion: 142.0.7444.175 (302067f14a4..., userDataDir: C:\Users\Cma-018\AppData\Lo...}, fedcm:accounts: true, goog:chromeOptions: {debuggerAddress: localhost:54828}, goog:processID: 15984, networkConnectionEnabled: false, pageLoadStrategy: normal, platformName: windows, proxy: Proxy(), se:cdp: ws://localhost:54828/devtoo..., se:cdpVersion: 142.0.7444.177, setWindowRect: true, strictFileInteractability: false, timeouts: {implicit: 0, pageLoad: 300000, script: 30000}, unhandledPromptBehavior: dismiss and notify, webauthn:extension:credBlob: true, webauthn:extension:largeBlob: true, webauthn:extension:minPinLength: true, webauthn:extension:prf: true, webauthn:virtualAuthenticators: true}
Session ID: 3d94e49ade7295f3d5c2ed3868c8aaa0
Stack Trace:
org.openqa.selenium.NoSuchSessionException: invalid session id
Build info: version: '4.25.0', revision: '8a8aea2337'
System info: os.name: 'Windows 11', os.arch: 'amd64', os.version: '10.0', java.version: '21.0.7'
Driver info: org.openqa.selenium.chrome.ChromeDriver
Command: [3d94e49ade7295f3d5c2ed3868c8aaa0, findElements {using=xpath, value=//div[@id='chkPartMaster']//label}]
Capabilities {acceptInsecureCerts: false, browserName: chrome, browserVersion: 142.0.7444.177, chrome: {chromedriverVersion: 142.0.7444.175 (302067f14a4..., userDataDir: C:\Users\Cma-018\AppData\Lo...}, fedcm:accounts: true, goog:chromeOptions: {debuggerAddress: localhost:54828}, goog:processID: 15984, networkConnectionEnabled: false, pageLoadStrategy: normal, platformName: windows, proxy: Proxy(), se:cdp: ws://localhost:54828/devtoo..., se:cdpVersion: 142.0.7444.177, setWindowRect: true, strictFileInteractability: false, timeouts: {implicit: 0, pageLoad: 300000, script: 30000}, unhandledPromptBehavior: dismiss and notify, webauthn:extension:credBlob: true, webauthn:extension:largeBlob: true, webauthn:extension:minPinLength: true, webauthn:extension:prf: true, webauthn:virtualAuthenticators: true}
Session ID: 3d94e49ade7295f3d5c2ed3868c8aaa0
	at java.base/jdk.internal.reflect.DirectConstructorHandleAccessor.newInstance(DirectConstructorHandleAccessor.java:62)
	at java.base/java.lang.reflect.Constructor.newInstanceWithCaller(Constructor.java:502)
	at java.base/java.lang.reflect.Constructor.newInstance(Constructor.java:486)
	at org.openqa.selenium.remote.ErrorCodec.decode(ErrorCodec.java:167)
	at org.openqa.selenium.remote.codec.w3c.W3CHttpResponseCodec.decode(W3CHttpResponseCodec.java:138)
	at org.openqa.selenium.remote.codec.w3c.W3CHttpResponseCodec.decode(W3CHttpResponseCodec.java:50)
	at org.openqa.selenium.remote.HttpCommandExecutor.execute(HttpCommandExecutor.java:190)
	at org.openqa.selenium.remote.service.DriverCommandExecutor.invokeExecute(DriverCommandExecutor.java:216)
	at org.openqa.selenium.remote.service.DriverCommandExecutor.execute(DriverCommandExecutor.java:174)
	at org.openqa.selenium.remote.RemoteWebDriver.execute(RemoteWebDriver.java:545)
	at org.openqa.selenium.remote.ElementLocation$ElementFinder$2.findElements(ElementLocation.java:182)
	at org.openqa.selenium.remote.ElementLocation.findElements(ElementLocation.java:103)
	at org.openqa.selenium.remote.RemoteWebDriver.findElements(RemoteWebDriver.java:381)
	at org.openqa.selenium.remote.RemoteWebDriver.findElements(RemoteWebDriver.java:375)
	at org.openqa.selenium.support.ui.ExpectedConditions$8.apply(ExpectedConditions.java:221)
	at org.openqa.selenium.support.ui.ExpectedConditions$8.apply(ExpectedConditions.java:218)
	at org.openqa.selenium.support.ui.FluentWait.until(FluentWait.java:203)
	at quickTestPointMasterPage.QuickMasterPage.searchBtnPartMasterFilterIcon(QuickMasterPage.java:19526)
	at quickTestPointMasterPage.QuickMasterPage.VerifyPartNumberAreSavedOrNotWithSupplierSide(QuickMasterPage.java:19485)
	at quickTestPointMasterTest.QuickMastersTest.PT_C_27UpdatingForgingPartForProcurment(QuickMastersTest.java:5076)
	at java.base/jdk.internal.reflect.DirectMethodHandleAccessor.invoke(DirectMethodHandleAccessor.java:103)
	at java.base/java.lang.reflect.Method.invoke(Method.java:580)
	at org.testng.internal.invokers.MethodInvocationHelper.invokeMethod(MethodInvocationHelper.java:141)
	at org.testng.internal.invokers.TestInvoker.invokeMethod(TestInvoker.java:687)
	at org.testng.internal.invokers.TestInvoker.invokeTestMethod(TestInvoker.java:230)
	at org.testng.internal.invokers.MethodRunner.runInSequence(MethodRunner.java:63)
	at org.testng.internal.invokers.TestInvoker$MethodInvocationAgent.invoke(TestInvoker.java:995)
	at org.testng.internal.invokers.TestInvoker.invokeTestMethods(TestInvoker.java:203)
	at org.testng.internal.invokers.TestMethodWorker.invokeTestMethods(TestMethodWorker.java:154)
	at org.testng.internal.invokers.TestMethodWorker.run(TestMethodWorker.java:134)
	at java.base/java.util.ArrayList.forEach(ArrayList.java:1596)
	at org.testng.TestRunner.privateRun(TestRunner.java:741)
	at org.testng.TestRunner.run(TestRunner.java:616)
	at org.testng.SuiteRunner.runTest(SuiteRunner.java:421)
	at org.testng.SuiteRunner.runSequentially(SuiteRunner.java:413)
	at org.testng.SuiteRunner.privateRun(SuiteRunner.java:373)
	at org.testng.SuiteRunner.run(SuiteRunner.java:312)
	at org.testng.SuiteRunnerWorker.runSuite(SuiteRunnerWorker.java:52)
	at org.testng.SuiteRunnerWorker.run(SuiteRunnerWorker.java:95)
	at org.testng.TestNG.runSuitesSequentially(TestNG.java:1274)
	at org.testng.TestNG.runSuitesLocally(TestNG.java:1208)
	at org.testng.TestNG.runSuites(TestNG.java:1112)
	at org.testng.TestNG.run(TestNG.java:1079)
	at org.testng.remote.AbstractRemoteTestNG.run(AbstractRemoteTestNG.java:115)
	at org.testng.remote.RemoteTestNG.initAndRun(RemoteTestNG.java:293)
	at org.testng.remote.RemoteTestNG.main(RemoteTestNG.java:91)

        </td>
      </tr>
      <tr class="event-row">
        <td><span class="badge log info-bg">Info</span></td>
        <td>6:34:33â€¯pm</td>
        <td>
          Execution time since last step: 1.03 sec
        </td>
      </tr>
      <tr class="event-row">
        <td><span class="badge log info-bg">Info</span></td>
        <td>6:34:33â€¯pm</td>
        <td>
          ===== END: Verify Part Number & Description (Supplier Side) =====
        </td>
      </tr>
      <tr class="event-row">
        <td><span class="badge log info-bg">Info</span></td>
        <td>6:34:33â€¯pm</td>
        <td>
          Execution time since last step: 0.00 sec
        </td>
      </tr>
      <tr class="event-row">
        <td><span class="badge log info-bg">Info</span></td>
        <td>6:34:33â€¯pm</td>
        <td>
          ===== START: Validating Saved Data for Supplier End (Part Attributes Tab) =====
        </td>
      </tr>
      <tr class="event-row">
        <td><span class="badge log fail-bg">Fail</span></td>
        <td>6:34:35â€¯pm</td>
        <td>
          âŒ Error while validating Supplier-end saved data: invalid session id
Build info: version: '4.25.0', revision: '8a8aea2337'
System info: os.name: 'Windows 11', os.arch: 'amd64', os.version: '10.0', java.version: '21.0.7'
Driver info: org.openqa.selenium.chrome.ChromeDriver
Command: [3d94e49ade7295f3d5c2ed3868c8aaa0, findElements {using=xpath, value=//div[@id='partAttributeDiv']//span[contains(normalize-space(text()),'Part Attributes')]}]
Capabilities {acceptInsecureCerts: false, browserName: chrome, browserVersion: 142.0.7444.177, chrome: {chromedriverVersion: 142.0.7444.175 (302067f14a4..., userDataDir: C:\Users\Cma-018\AppData\Lo...}, fedcm:accounts: true, goog:chromeOptions: {debuggerAddress: localhost:54828}, goog:processID: 15984, networkConnectionEnabled: false, pageLoadStrategy: normal, platformName: windows, proxy: Proxy(), se:cdp: ws://localhost:54828/devtoo..., se:cdpVersion: 142.0.7444.177, setWindowRect: true, strictFileInteractability: false, timeouts: {implicit: 0, pageLoad: 300000, script: 30000}, unhandledPromptBehavior: dismiss and notify, webauthn:extension:credBlob: true, webauthn:extension:largeBlob: true, webauthn:extension:minPinLength: true, webauthn:extension:prf: true, webauthn:virtualAuthenticators: true}
Session ID: 3d94e49ade7295f3d5c2ed3868c8aaa0
        </td>
      </tr>
      <tr class="event-row">
        <td><span class="badge log fail-bg">Fail</span></td>
        <td>6:34:35â€¯pm</td>
        <td>
          Exception occurred: invalid session id
Build info: version: '4.25.0', revision: '8a8aea2337'
System info: os.name: 'Windows 11', os.arch: 'amd64', os.version: '10.0', java.version: '21.0.7'
Driver info: org.openqa.selenium.chrome.ChromeDriver
Command: [3d94e49ade7295f3d5c2ed3868c8aaa0, findElements {using=xpath, value=//div[@id='partAttributeDiv']//span[contains(normalize-space(text()),'Part Attributes')]}]
Capabilities {acceptInsecureCerts: false, browserName: chrome, browserVersion: 142.0.7444.177, chrome: {chromedriverVersion: 142.0.7444.175 (302067f14a4..., userDataDir: C:\Users\Cma-018\AppData\Lo...}, fedcm:accounts: true, goog:chromeOptions: {debuggerAddress: localhost:54828}, goog:processID: 15984, networkConnectionEnabled: false, pageLoadStrategy: normal, platformName: windows, proxy: Proxy(), se:cdp: ws://localhost:54828/devtoo..., se:cdpVersion: 142.0.7444.177, setWindowRect: true, strictFileInteractability: false, timeouts: {implicit: 0, pageLoad: 300000, script: 30000}, unhandledPromptBehavior: dismiss and notify, webauthn:extension:credBlob: true, webauthn:extension:largeBlob: true, webauthn:extension:minPinLength: true, webauthn:extension:prf: true, webauthn:virtualAuthenticators: true}
Session ID: 3d94e49ade7295f3d5c2ed3868c8aaa0
Stack Trace:
org.openqa.selenium.NoSuchSessionException: invalid session id
Build info: version: '4.25.0', revision: '8a8aea2337'
System info: os.name: 'Windows 11', os.arch: 'amd64', os.version: '10.0', java.version: '21.0.7'
Driver info: org.openqa.selenium.chrome.ChromeDriver
Command: [3d94e49ade7295f3d5c2ed3868c8aaa0, findElements {using=xpath, value=//div[@id='partAttributeDiv']//span[contains(normalize-space(text()),'Part Attributes')]}]
Capabilities {acceptInsecureCerts: false, browserName: chrome, browserVersion: 142.0.7444.177, chrome: {chromedriverVersion: 142.0.7444.175 (302067f14a4..., userDataDir: C:\Users\Cma-018\AppData\Lo...}, fedcm:accounts: true, goog:chromeOptions: {debuggerAddress: localhost:54828}, goog:processID: 15984, networkConnectionEnabled: false, pageLoadStrategy: normal, platformName: windows, proxy: Proxy(), se:cdp: ws://localhost:54828/devtoo..., se:cdpVersion: 142.0.7444.177, setWindowRect: true, strictFileInteractability: false, timeouts: {implicit: 0, pageLoad: 300000, script: 30000}, unhandledPromptBehavior: dismiss and notify, webauthn:extension:credBlob: true, webauthn:extension:largeBlob: true, webauthn:extension:minPinLength: true, webauthn:extension:prf: true, webauthn:virtualAuthenticators: true}
Session ID: 3d94e49ade7295f3d5c2ed3868c8aaa0
	at java.base/jdk.internal.reflect.DirectConstructorHandleAccessor.newInstance(DirectConstructorHandleAccessor.java:62)
	at java.base/java.lang.reflect.Constructor.newInstanceWithCaller(Constructor.java:502)
	at java.base/java.lang.reflect.Constructor.newInstance(Constructor.java:486)
	at org.openqa.selenium.remote.ErrorCodec.decode(ErrorCodec.java:167)
	at org.openqa.selenium.remote.codec.w3c.W3CHttpResponseCodec.decode(W3CHttpResponseCodec.java:138)
	at org.openqa.selenium.remote.codec.w3c.W3CHttpResponseCodec.decode(W3CHttpResponseCodec.java:50)
	at org.openqa.selenium.remote.HttpCommandExecutor.execute(HttpCommandExecutor.java:190)
	at org.openqa.selenium.remote.service.DriverCommandExecutor.invokeExecute(DriverCommandExecutor.java:216)
	at org.openqa.selenium.remote.service.DriverCommandExecutor.execute(DriverCommandExecutor.java:174)
	at org.openqa.selenium.remote.RemoteWebDriver.execute(RemoteWebDriver.java:545)
	at org.openqa.selenium.remote.ElementLocation$ElementFinder$2.findElements(ElementLocation.java:182)
	at org.openqa.selenium.remote.ElementLocation.findElements(ElementLocation.java:103)
	at org.openqa.selenium.remote.RemoteWebDriver.findElements(RemoteWebDriver.java:381)
	at org.openqa.selenium.remote.RemoteWebDriver.findElements(RemoteWebDriver.java:375)
	at quickTestPointMasterPage.QuickMasterPage.VeirfyDataHasBeenSavedCorrectlyOrNotForSupplierEnd(QuickMasterPage.java:19738)
	at quickTestPointMasterTest.QuickMastersTest.PT_C_27UpdatingForgingPartForProcurment(QuickMastersTest.java:5083)
	at java.base/jdk.internal.reflect.DirectMethodHandleAccessor.invoke(DirectMethodHandleAccessor.java:103)
	at java.base/java.lang.reflect.Method.invoke(Method.java:580)
	at org.testng.internal.invokers.MethodInvocationHelper.invokeMethod(MethodInvocationHelper.java:141)
	at org.testng.internal.invokers.TestInvoker.invokeMethod(TestInvoker.java:687)
	at org.testng.internal.invokers.TestInvoker.invokeTestMethod(TestInvoker.java:230)
	at org.testng.internal.invokers.MethodRunner.runInSequence(MethodRunner.java:63)
	at org.testng.internal.invokers.TestInvoker$MethodInvocationAgent.invoke(TestInvoker.java:995)
	at org.testng.internal.invokers.TestInvoker.invokeTestMethods(TestInvoker.java:203)
	at org.testng.internal.invokers.TestMethodWorker.invokeTestMethods(TestMethodWorker.java:154)
	at org.testng.internal.invokers.TestMethodWorker.run(TestMethodWorker.java:134)
	at java.base/java.util.ArrayList.forEach(ArrayList.java:1596)
	at org.testng.TestRunner.privateRun(TestRunner.java:741)
	at org.testng.TestRunner.run(TestRunner.java:616)
	at org.testng.SuiteRunner.runTest(SuiteRunner.java:421)
	at org.testng.SuiteRunner.runSequentially(SuiteRunner.java:413)
	at org.testng.SuiteRunner.privateRun(SuiteRunner.java:373)
	at org.testng.SuiteRunner.run(SuiteRunner.java:312)
	at org.testng.SuiteRunnerWorker.runSuite(SuiteRunnerWorker.java:52)
	at org.testng.SuiteRunnerWorker.run(SuiteRunnerWorker.java:95)
	at org.testng.TestNG.runSuitesSequentially(TestNG.java:1274)
	at org.testng.TestNG.runSuitesLocally(TestNG.java:1208)
	at org.testng.TestNG.runSuites(TestNG.java:1112)
	at org.testng.TestNG.run(TestNG.java:1079)
	at org.testng.remote.AbstractRemoteTestNG.run(AbstractRemoteTestNG.java:115)
	at org.testng.remote.RemoteTestNG.initAndRun(RemoteTestNG.java:293)
	at org.testng.remote.RemoteTestNG.main(RemoteTestNG.java:91)

        </td>
      </tr>
      <tr class="event-row">
        <td><span class="badge log info-bg">Info</span></td>
        <td>6:34:35â€¯pm</td>
        <td>
          Execution time since last step: 2.00 sec
        </td>
      </tr>
      <tr class="event-row">
        <td><span class="badge log info-bg">Info</span></td>
        <td>6:34:35â€¯pm</td>
        <td>
          ===== END: Supplier-End Data Validation Completed =====
        </td>
      </tr>
      <tr class="event-row">
        <td><span class="badge log info-bg">Info</span></td>
        <td>6:34:35â€¯pm</td>
        <td>
          Execution time since last step: 0.00 sec
        </td>
      </tr>
      <tr class="event-row">
        <td><span class="badge log info-bg">Info</span></td>
        <td>6:34:35â€¯pm</td>
        <td>
          ===== START: VERIFY UPDATED FIELDS (FORGING) =====
        </td>
      </tr>
      <tr class="event-row">
        <td><span class="badge log fail-bg">Fail</span></td>
        <td>6:34:35â€¯pm</td>
        <td>
          Unexpected exception in validation: invalid session id
Build info: version: '4.25.0', revision: '8a8aea2337'
System info: os.name: 'Windows 11', os.arch: 'amd64', os.version: '10.0', java.version: '21.0.7'
Driver info: org.openqa.selenium.chrome.ChromeDriver
Command: [3d94e49ade7295f3d5c2ed3868c8aaa0, findElements {using=xpath, value=//ul[@class='nav nav-pills']//a}]
Capabilities {acceptInsecureCerts: false, browserName: chrome, browserVersion: 142.0.7444.177, chrome: {chromedriverVersion: 142.0.7444.175 (302067f14a4..., userDataDir: C:\Users\Cma-018\AppData\Lo...}, fedcm:accounts: true, goog:chromeOptions: {debuggerAddress: localhost:54828}, goog:processID: 15984, networkConnectionEnabled: false, pageLoadStrategy: normal, platformName: windows, proxy: Proxy(), se:cdp: ws://localhost:54828/devtoo..., se:cdpVersion: 142.0.7444.177, setWindowRect: true, strictFileInteractability: false, timeouts: {implicit: 0, pageLoad: 300000, script: 30000}, unhandledPromptBehavior: dismiss and notify, webauthn:extension:credBlob: true, webauthn:extension:largeBlob: true, webauthn:extension:minPinLength: true, webauthn:extension:prf: true, webauthn:virtualAuthenticators: true}
Session ID: 3d94e49ade7295f3d5c2ed3868c8aaa0
        </td>
      </tr>
      <tr class="event-row">
        <td><span class="badge log info-bg">Info</span></td>
        <td>6:34:35â€¯pm</td>
        <td>
          Execution time since last step: 0.00 sec
        </td>
      </tr>
      <tr class="event-row">
        <td><span class="badge log info-bg">Info</span></td>
        <td>6:34:35â€¯pm</td>
        <td>
          ===== END: VERIFY UPDATED FIELDS (FORGING) =====
        </td>
      </tr>
      <tr class="event-row">
        <td><span class="badge log info-bg">Info</span></td>
        <td>6:34:35â€¯pm</td>
        <td>
          Execution time since last step: 0.00 sec
        </td>
      </tr>
      <tr class="event-row">
        <td><span class="badge log info-bg">Info</span></td>
        <td>6:34:35â€¯pm</td>
        <td>
          --------------------------------------------------
        </td>
      </tr>
      <tr class="event-row">
        <td><span class="badge log info-bg">Info</span></td>
        <td>6:34:35â€¯pm</td>
        <td>
          Execution time since last step: 0.00 sec
        </td>
      </tr>
      <tr class="event-row">
        <td><span class="badge log info-bg">Info</span></td>
        <td>6:34:35â€¯pm</td>
        <td>
               STARTING BOP VALIDATION (UI â†” MAP)
        </td>
      </tr>
      <tr class="event-row">
        <td><span class="badge log info-bg">Info</span></td>
        <td>6:34:35â€¯pm</td>
        <td>
          Execution time since last step: 0.00 sec
        </td>
      </tr>
      <tr class="event-row">
        <td><span class="badge log info-bg">Info</span></td>
        <td>6:34:35â€¯pm</td>
        <td>
          --------------------------------------------------
        </td>
      </tr>
      <tr class="event-row">
        <td><span class="badge log fail-bg">Fail</span></td>
        <td>6:34:35â€¯pm</td>
        <td>
          Unexpected exception: invalid session id
Build info: version: '4.25.0', revision: '8a8aea2337'
System info: os.name: 'Windows 11', os.arch: 'amd64', os.version: '10.0', java.version: '21.0.7'
Driver info: org.openqa.selenium.chrome.ChromeDriver
Command: [3d94e49ade7295f3d5c2ed3868c8aaa0, findElements {using=xpath, value=//ul[@class='nav nav-pills']//a}]
Capabilities {acceptInsecureCerts: false, browserName: chrome, browserVersion: 142.0.7444.177, chrome: {chromedriverVersion: 142.0.7444.175 (302067f14a4..., userDataDir: C:\Users\Cma-018\AppData\Lo...}, fedcm:accounts: true, goog:chromeOptions: {debuggerAddress: localhost:54828}, goog:processID: 15984, networkConnectionEnabled: false, pageLoadStrategy: normal, platformName: windows, proxy: Proxy(), se:cdp: ws://localhost:54828/devtoo..., se:cdpVersion: 142.0.7444.177, setWindowRect: true, strictFileInteractability: false, timeouts: {implicit: 0, pageLoad: 300000, script: 30000}, unhandledPromptBehavior: dismiss and notify, webauthn:extension:credBlob: true, webauthn:extension:largeBlob: true, webauthn:extension:minPinLength: true, webauthn:extension:prf: true, webauthn:virtualAuthenticators: true}
Session ID: 3d94e49ade7295f3d5c2ed3868c8aaa0
        </td>
      </tr>
      <tr class="event-row">
        <td><span class="badge log fail-bg">Fail</span></td>
        <td>6:34:36â€¯pm</td>
        <td>
          Test Failed: The following asserts failed:
	Unexpected exception: invalid session id
Build info: version: '4.25.0', revision: '8a8aea2337'
System info: os.name: 'Windows 11', os.arch: 'amd64', os.version: '10.0', java.version: '21.0.7'
Driver info: org.openqa.selenium.chrome.ChromeDriver
Command: [3d94e49ade7295f3d5c2ed3868c8aaa0, findElements {using=xpath, value=//ul[@class='nav nav-pills']//a}]
Capabilities {acceptInsecureCerts: false, browserName: chrome, browserVersion: 142.0.7444.177, chrome: {chromedriverVersion: 142.0.7444.175 (302067f14a4..., userDataDir: C:\Users\Cma-018\AppData\Lo...}, fedcm:accounts: true, goog:chromeOptions: {debuggerAddress: localhost:54828}, goog:processID: 15984, networkConnectionEnabled: false, pageLoadStrategy: normal, platformName: windows, proxy: Proxy(), se:cdp: ws://localhost:54828/devtoo..., se:cdpVersion: 142.0.7444.177, setWindowRect: true, strictFileInteractability: false, timeouts: {implicit: 0, pageLoad: 300000, script: 30000}, unhandledPromptBehavior: dismiss and notify, webauthn:extension:credBlob: true, webauthn:extension:largeBlob: true, webauthn:extension:minPinLength: true, webauthn:extension:prf: true, webauthn:virtualAuthenticators: true}
Session ID: 3d94e49ade7295f3d5c2ed3868c8aaa0
        </td>
      </tr>
      <tr class="event-row">
        <td><span class="badge log fail-bg">Fail</span></td>
        <td>6:34:36â€¯pm</td>
        <td>
          Test Failed: invalid session id
Build info: version: '4.25.0', revision: '8a8aea2337'
System info: os.name: 'Windows 11', os.arch: 'amd64', os.version: '10.0', java.version: '21.0.7'
Driver info: org.openqa.selenium.chrome.ChromeDriver
Command: [3d94e49ade7295f3d5c2ed3868c8aaa0, screenshot {}]
Capabilities {acceptInsecureCerts: false, browserName: chrome, browserVersion: 142.0.7444.177, chrome: {chromedriverVersion: 142.0.7444.175 (302067f14a4..., userDataDir: C:\Users\Cma-018\AppData\Lo...}, fedcm:accounts: true, goog:chromeOptions: {debuggerAddress: localhost:54828}, goog:processID: 15984, networkConnectionEnabled: false, pageLoadStrategy: normal, platformName: windows, proxy: Proxy(), se:cdp: ws://localhost:54828/devtoo..., se:cdpVersion: 142.0.7444.177, setWindowRect: true, strictFileInteractability: false, timeouts: {implicit: 0, pageLoad: 300000, script: 30000}, unhandledPromptBehavior: dismiss and notify, webauthn:extension:credBlob: true, webauthn:extension:largeBlob: true, webauthn:extension:minPinLength: true, webauthn:extension:prf: true, webauthn:virtualAuthenticators: true}
Session ID: 3d94e49ade7295f3d5c2ed3868c8aaa0
        </td>
      </tr>
  </tbody>
</table>
</div>
          </div>
        </li>
      </ul>
    </div>
  </div>
<div class="test-content scrollable">
<div class="test-content-tools">
<ul><li><a class="back-to-test" href="#"><i class="fa fa-arrow-left"></i></a></li></ul>
</div>
<div class="test-content-detail"><div class="detail-body"></div></div>
</div></div>
<div class="container-fluid p-4 view dashboard-view">
<div class="row">
<div class="col-md-3">
<div class="card"><div class="card-body">
<p class="m-b-0">Started</p>
<h3>Dec 9, 2025 06:30:23 pm</h3>
</div></div>
</div>
<div class="col-md-3">
<div class="card"><div class="card-body">
<p class="m-b-0">Ended</p>
<h3>Dec 9, 2025 06:34:36 pm</h3>
</div></div>
</div>
<div class="col-md-3">
<div class="card"><div class="card-body">
<p class="m-b-0 text-pass">Tests Passed</p>
<h3>0</h3>
</div></div>
</div>
<div class="col-md-3">
<div class="card"><div class="card-body">
<p class="m-b-0 text-fail">Tests Failed</p>
<h3>1</h3>
</div></div>
</div>
</div>
<div class="row">
<div class="col-md-6">
<div class="card">
<div class="card-header">
<h6 class="card-title">Tests</h6>
</div>
<div class="card-body">
<div class="">
<canvas id='parent-analysis' width='115' height='90'></canvas>
</div>
</div>
<div class="card-footer">
<div><small data-tooltip='0%'>
<b>0</b> tests passed
</small>
</div>
<div>
<small data-tooltip='100%'><b>1</b> tests failed,
<b>0</b> skipped, <b data-tooltip='0%'>0</b> others
</small>
</div>
</div>
</div>
</div>
<div class="col-md-6">
<div class="card">
<div class="card-header">
<h6 class="card-title">Log events</h6>
</div>
<div class="card-body">
<div class="">
<canvas id='events-analysis' width='115' height='90'></canvas>
</div>
</div>
<div class="card-footer">
<div><small data-tooltip='9%'><b>32</b> events passed</small></div>
<div>
<small data-tooltip='5%'><b>18</b> events failed,
<b data-tooltip='%'>276</b> others
</small>
</div>
</div>
</div>
</div>
</div>
<div class="row"><div class="col-md-12">
<div class="card"><div class="card-header"><p>Timeline</p></div>
<div class="card-body pt-0"><div>
<canvas id="timeline" height="120"></canvas>
</div></div>
</div>
</div></div>
<script>
var timeline = {
"PT_C_27Updating Forging Part For Procurment":247.557
};
</script>
<div class="row">
<div class="col-lg-6 col-md-12 sysenv-container">
<div class="card">
<div class="card-header"><p>System/Environment</p></div>
<div class="card-body pb-0 pt-0"><table class="table table-sm table-bordered">
<thead><tr class="bg-gray"><th>Name</th><th>Value</th></tr></thead>
<tbody>
<tr>
<td>project</td>
<td>Beri(ICE)</td>
</tr>
<tr>
<td>Host Name</td>
<td>LocalHost</td>
</tr>
<tr>
<td>Environment</td>
<td>Senior-QA</td>
</tr>
<tr>
<td>User Name</td>
<td>Sachindra Mani Tripathi</td>
</tr>
<tr>
<td>browser</td>
<td>Chrome</td>
</tr>
</tbody>
</table></div>
</div>
</div>
</div>
</div>
<script>
var statusGroup = {
parentCount: 5,
passParent: 0,
failParent: 1,
warningParent: 0,
skipParent: 0,
childCount: 5,
passChild: 0,
failChild: 0,
warningChild: 0,
skipChild: 0,
infoChild: 0,
grandChildCount: 5,
passGrandChild: 0,
failGrandChild: 0,
warningGrandChild: 0,
skipGrandChild: 0,
infoGrandChild: 0,
eventsCount: 5,
passEvents: 32,
failEvents: 18,
warningEvents: 10,
skipEvents: 0,
infoEvents: 266
};
</script>        </div>
      </div>
    </div>
  </div>
<script src="https://cdn.jsdelivr.net/gh/extent-framework/extent-github-cdn@ce8b10435bcbae260c334c0d0c6b61d2c19b6168/spark/js/spark-script.js"></script>
<script type="text/javascript"></script><script>
document.addEventListener('DOMContentLoaded', function() {
    const tables = document.querySelectorAll('table.table');
    tables.forEach((table) => {
        if (!table.querySelector('thead')) return;
        const headerRow = table.querySelector('thead tr');
        if (headerRow && !headerRow.innerHTML.includes('INDEX')) {
            const th = document.createElement('th');
            th.innerText = 'INDEX';
            th.style.textAlign = 'center';
            th.style.color = '#FFFFFF';
            headerRow.insertBefore(th, headerRow.firstChild);
        }
        const rows = table.querySelectorAll('tbody tr');
        let i = 1;
        rows.forEach((row) => {
            const td = document.createElement('td');
            td.innerHTML = "<b style='color:#00BFFF;'>#" + (i++) + "</b>";
            td.style.textAlign = 'center';
            row.insertBefore(td, row.firstChild);
        });
    });
});
</script>
</body>
</html>