<?xml version="1.0" encoding="UTF-8"?>
<testng-results ignored="54" total="55" passed="1" failed="0" skipped="0">
  <reporter-output>
  </reporter-output>
  <suite started-at="2026-01-03T22:05:49 IST" name="Default suite" finished-at="2026-01-03T22:14:46 IST" duration-ms="537694">
    <groups>
      <group name="group3">
        <method signature="QuickMastersTest.PT_C_68NonFerrousCastingProcurement()[pri:133, instance:quickTestPointMasterTest.QuickMastersTest@60d6fdd4]" name="PT_C_68NonFerrousCastingProcurement" class="quickTestPointMasterTest.QuickMastersTest"/>
      </group> <!-- group3 -->
    </groups>
    <test started-at="2026-01-03T22:05:49 IST" name="Default test" finished-at="2026-01-03T22:14:46 IST" duration-ms="537694">
      <class name="quickTestPointMasterTest.QuickMastersTest">
        <test-method is-config="true" signature="VerifyLogingButton()[pri:0, instance:quickTestPointMasterTest.QuickMastersTest@60d6fdd4]" started-at="2026-01-03T22:05:49 IST" name="VerifyLogingButton" finished-at="2026-01-03T22:06:00 IST" duration-ms="11000" status="PASS">
          <reporter-output>
          </reporter-output>
        </test-method> <!-- VerifyLogingButton -->
        <test-method signature="PT_C_68NonFerrousCastingProcurement()[pri:133, instance:quickTestPointMasterTest.QuickMastersTest@60d6fdd4]" started-at="2026-01-03T22:06:00 IST" name="PT_C_68NonFerrousCastingProcurement" finished-at="2026-01-03T22:14:46 IST" duration-ms="525725" status="PASS">
          <reporter-output>
          </reporter-output>
        </test-method> <!-- PT_C_68NonFerrousCastingProcurement -->
        <test-method is-config="true" signature="QuitBrowser()[pri:0, instance:quickTestPointMasterTest.QuickMastersTest@60d6fdd4]" started-at="2026-01-03T22:14:46 IST" name="QuitBrowser" finished-at="2026-01-03T22:14:46 IST" duration-ms="402" status="PASS">
          <reporter-output>
          </reporter-output>
        </test-method> <!-- QuitBrowser -->
      </class> <!-- quickTestPointMasterTest.QuickMastersTest -->
    </test> <!-- Default test -->
  </suite> <!-- Default suite -->
</testng-results>
