<?xml version="1.0" encoding="UTF-8"?>
<!-- Generated by org.testng.reporters.JUnitXMLReporter -->
<testsuite ignored="63" hostname="DESKTOP-SMCKNS5" failures="0" tests="18" name="Group1_Run" time="2.253" errors="0" timestamp="2025-12-02T17:03:53 IST">
  <testcase classname="com.Tests.SupplierMasterTest" name="@BeforeGroups loginGroup" time="1.448">
    <failure type="java.lang.Error" message="Unresolved compilation problems: 
	Cannot make a static reference to the non-static field driver
	Cannot make a static reference to the non-static field driver
	Cannot make a static reference to the non-static field driver
	Cannot make a static reference to the non-static field driver
	Cannot make a static reference to the non-static field driver
	Cannot make a static reference to the non-static field driver
	Cannot make a static reference to the non-static field driver
	Cannot make a static reference to the non-static field driver
	Cannot make a static reference to the non-static field driver
	Cannot make a static reference to the non-static field driver
	Cannot make a static reference to the non-static field driver
	Cannot make a static reference to the non-static field driver
	Cannot make a static reference to the non-static field driver
	Cannot make a static reference to the non-static field driver
	Cannot make a static reference to the non-static field driver
	Cannot make a static reference to the non-static field driver
	Cannot make a static reference to the non-static field driver
	Cannot make a static reference to the non-static field driver
	Cannot make a static reference to the non-static field driver
	Cannot make a static reference to the non-static field driver
	Cannot make a static reference to the non-static field driver
	Cannot make a static reference to the non-static field driver
	Cannot make a static reference to the non-static field driver
	Cannot make a static reference to the non-static field driver
	Cannot make a static reference to the non-static field driver
	Cannot make a static reference to the non-static field driver
	Cannot make a static reference to the non-static field driver
	Cannot make a static reference to the non-static field driver
	Cannot make a static reference to the non-static field driver
	Cannot make a static reference to the non-static field driver
	Cannot make a static reference to the non-static field driver
	Cannot make a static reference to the non-static field driver
	Cannot make a static reference to the non-static field driver
	Cannot make a static reference to the non-static field driver
	Cannot make a static reference to the non-static field driver
	Cannot make a static reference to the non-static field driver
	Cannot make a static reference to the non-static field driver
	Cannot make a static reference to the non-static field driver
	Cannot make a static reference to the non-static field driver
	Cannot make a static reference to the non-static field driver
	Cannot make a static reference to the non-static field driver
	Cannot make a static reference to the non-static field driver
	Cannot make a static reference to the non-static field driver
	Cannot make a static reference to the non-static field driver
	Cannot make a static reference to the non-static field driver
	Cannot make a static reference to the non-static field driver
	Cannot make a static reference to the non-static field driver
	Cannot make a static reference to the non-static field driver
	Cannot make a static reference to the non-static field driver
	Cannot make a static reference to the non-static field driver
	Cannot make a static reference to the non-static field driver
	Cannot make a static reference to the non-static field driver
	Cannot make a static reference to the non-static field driver
	Cannot make a static reference to the non-static field driver
	Cannot make a static reference to the non-static field driver
	Cannot make a static reference to the non-static field driver
	Cannot make a static reference to the non-static field driver
	Cannot make a static reference to the non-static field driver
	Cannot make a static reference to the non-static field driver
	Cannot make a static reference to the non-static field driver
	Cannot make a static reference to the non-static field driver
	Cannot make a static reference to the non-static field driver
	Cannot make a static reference to the non-static field driver
	Cannot make a static reference to the non-static field driver
	Cannot make a static reference to the non-static field driver
	Cannot make a static reference to the non-static field driver
	Cannot make a static reference to the non-static field driver
	Cannot make a static reference to the non-static field driver
	Cannot make a static reference to the non-static field driver
	Cannot make a static reference to the non-static field driver
	Cannot make a static reference to the non-static field driver
	Cannot make a static reference to the non-static field driver
	Cannot make a static reference to the non-static field driver
	Cannot make a static reference to the non-static field Base.driver
	Cannot make a static reference to the non-static field driver
	Cannot make a static reference to the non-static field driver
	Cannot make a static reference to the non-static field driver
	Cannot make a static reference to the non-static field driver
	Cannot make a static reference to the non-static field driver
	Cannot make a static reference to the non-static field driver
	Cannot make a static reference to the non-static field driver
	Cannot make a static reference to the non-static field driver
	Cannot make a static reference to the non-static field driver
	Cannot make a static reference to the non-static field driver
	Cannot make a static reference to the non-static field driver
	Cannot make a static reference to the non-static field driver
	Cannot make a static reference to the non-static field driver
	Cannot make a static reference to the non-static field driver
	Cannot make a static reference to the non-static field driver
	Cannot make a static reference to the non-static field driver
	Cannot make a static reference to the non-static field driver
	Cannot make a static reference to the non-static field driver
	Cannot make a static reference to the non-static field driver
	Cannot make a static reference to the non-static field Base.driver
	Cannot make a static reference to the non-static field driver
	Cannot make a static reference to the non-static field driver
	Cannot make a static reference to the non-static field driver
	Cannot make a static reference to the non-static field Base.driver
	Cannot make a static reference to the non-static field Base.driver
	Cannot make a static reference to the non-static field driver
">
      <![CDATA[java.lang.Error: Unresolved compilation problems: 
Cannot make a static reference to the non-static field driver
Cannot make a static reference to the non-static field driver
Cannot make a static reference to the non-static field driver
Cannot make a static reference to the non-static field driver
Cannot make a static reference to the non-static field driver
Cannot make a static reference to the non-static field driver
Cannot make a static reference to the non-static field driver
Cannot make a static reference to the non-static field driver
Cannot make a static reference to the non-static field driver
Cannot make a static reference to the non-static field driver
Cannot make a static reference to the non-static field driver
Cannot make a static reference to the non-static field driver
Cannot make a static reference to the non-static field driver
Cannot make a static reference to the non-static field driver
Cannot make a static reference to the non-static field driver
Cannot make a static reference to the non-static field driver
Cannot make a static reference to the non-static field driver
Cannot make a static reference to the non-static field driver
Cannot make a static reference to the non-static field driver
Cannot make a static reference to the non-static field driver
Cannot make a static reference to the non-static field driver
Cannot make a static reference to the non-static field driver
Cannot make a static reference to the non-static field driver
Cannot make a static reference to the non-static field driver
Cannot make a static reference to the non-static field driver
Cannot make a static reference to the non-static field driver
Cannot make a static reference to the non-static field driver
Cannot make a static reference to the non-static field driver
Cannot make a static reference to the non-static field driver
Cannot make a static reference to the non-static field driver
Cannot make a static reference to the non-static field driver
Cannot make a static reference to the non-static field driver
Cannot make a static reference to the non-static field driver
Cannot make a static reference to the non-static field driver
Cannot make a static reference to the non-static field driver
Cannot make a static reference to the non-static field driver
Cannot make a static reference to the non-static field driver
Cannot make a static reference to the non-static field driver
Cannot make a static reference to the non-static field driver
Cannot make a static reference to the non-static field driver
Cannot make a static reference to the non-static field driver
Cannot make a static reference to the non-static field driver
Cannot make a static reference to the non-static field driver
Cannot make a static reference to the non-static field driver
Cannot make a static reference to the non-static field driver
Cannot make a static reference to the non-static field driver
Cannot make a static reference to the non-static field driver
Cannot make a static reference to the non-static field driver
Cannot make a static reference to the non-static field driver
Cannot make a static reference to the non-static field driver
Cannot make a static reference to the non-static field driver
Cannot make a static reference to the non-static field driver
Cannot make a static reference to the non-static field driver
Cannot make a static reference to the non-static field driver
Cannot make a static reference to the non-static field driver
Cannot make a static reference to the non-static field driver
Cannot make a static reference to the non-static field driver
Cannot make a static reference to the non-static field driver
Cannot make a static reference to the non-static field driver
Cannot make a static reference to the non-static field driver
Cannot make a static reference to the non-static field driver
Cannot make a static reference to the non-static field driver
Cannot make a static reference to the non-static field driver
Cannot make a static reference to the non-static field driver
Cannot make a static reference to the non-static field driver
Cannot make a static reference to the non-static field driver
Cannot make a static reference to the non-static field driver
Cannot make a static reference to the non-static field driver
Cannot make a static reference to the non-static field driver
Cannot make a static reference to the non-static field driver
Cannot make a static reference to the non-static field driver
Cannot make a static reference to the non-static field driver
Cannot make a static reference to the non-static field driver
Cannot make a static reference to the non-static field Base.driver
Cannot make a static reference to the non-static field driver
Cannot make a static reference to the non-static field driver
Cannot make a static reference to the non-static field driver
Cannot make a static reference to the non-static field driver
Cannot make a static reference to the non-static field driver
Cannot make a static reference to the non-static field driver
Cannot make a static reference to the non-static field driver
Cannot make a static reference to the non-static field driver
Cannot make a static reference to the non-static field driver
Cannot make a static reference to the non-static field driver
Cannot make a static reference to the non-static field driver
Cannot make a static reference to the non-static field driver
Cannot make a static reference to the non-static field driver
Cannot make a static reference to the non-static field driver
Cannot make a static reference to the non-static field driver
Cannot make a static reference to the non-static field driver
Cannot make a static reference to the non-static field driver
Cannot make a static reference to the non-static field driver
Cannot make a static reference to the non-static field driver
Cannot make a static reference to the non-static field Base.driver
Cannot make a static reference to the non-static field driver
Cannot make a static reference to the non-static field driver
Cannot make a static reference to the non-static field driver
Cannot make a static reference to the non-static field Base.driver
Cannot make a static reference to the non-static field Base.driver
Cannot make a static reference to the non-static field driver

at quickTestPointMasterPage.QuickMasterPage.<init>(QuickMasterPage.java:80)
at com.Tests.SupplierMasterTest.loginGroup(SupplierMasterTest.java:57)
at java.base/java.util.concurrent.Executors$RunnableAdapter.call(Executors.java:572)
at java.base/java.util.concurrent.FutureTask.run(FutureTask.java:317)
at java.base/java.util.concurrent.ThreadPoolExecutor.runWorker(ThreadPoolExecutor.java:1144)
at java.base/java.util.concurrent.ThreadPoolExecutor$Worker.run(ThreadPoolExecutor.java:642)
at java.base/java.lang.Thread.run(Thread.java:1583)
... Removed 15 stack frames]]>
    </failure>
  </testcase> <!-- @BeforeGroups loginGroup -->
  <testcase classname="com.Tests.SupplierMasterTest" name="@BeforeGroups loginGroup" time="1.448">
    <failure type="java.lang.Error" message="Unresolved compilation problems: 
	Cannot make a static reference to the non-static field driver
	Cannot make a static reference to the non-static field driver
	Cannot make a static reference to the non-static field driver
	Cannot make a static reference to the non-static field driver
	Cannot make a static reference to the non-static field driver
	Cannot make a static reference to the non-static field driver
	Cannot make a static reference to the non-static field driver
	Cannot make a static reference to the non-static field driver
	Cannot make a static reference to the non-static field driver
	Cannot make a static reference to the non-static field driver
	Cannot make a static reference to the non-static field driver
	Cannot make a static reference to the non-static field driver
	Cannot make a static reference to the non-static field driver
	Cannot make a static reference to the non-static field driver
	Cannot make a static reference to the non-static field driver
	Cannot make a static reference to the non-static field driver
	Cannot make a static reference to the non-static field driver
	Cannot make a static reference to the non-static field driver
	Cannot make a static reference to the non-static field driver
	Cannot make a static reference to the non-static field driver
	Cannot make a static reference to the non-static field driver
	Cannot make a static reference to the non-static field driver
	Cannot make a static reference to the non-static field driver
	Cannot make a static reference to the non-static field driver
	Cannot make a static reference to the non-static field driver
	Cannot make a static reference to the non-static field driver
	Cannot make a static reference to the non-static field driver
	Cannot make a static reference to the non-static field driver
	Cannot make a static reference to the non-static field driver
	Cannot make a static reference to the non-static field driver
	Cannot make a static reference to the non-static field driver
	Cannot make a static reference to the non-static field driver
	Cannot make a static reference to the non-static field driver
	Cannot make a static reference to the non-static field driver
	Cannot make a static reference to the non-static field driver
	Cannot make a static reference to the non-static field driver
	Cannot make a static reference to the non-static field driver
	Cannot make a static reference to the non-static field driver
	Cannot make a static reference to the non-static field driver
	Cannot make a static reference to the non-static field driver
	Cannot make a static reference to the non-static field driver
	Cannot make a static reference to the non-static field driver
	Cannot make a static reference to the non-static field driver
	Cannot make a static reference to the non-static field driver
	Cannot make a static reference to the non-static field driver
	Cannot make a static reference to the non-static field driver
	Cannot make a static reference to the non-static field driver
	Cannot make a static reference to the non-static field driver
	Cannot make a static reference to the non-static field driver
	Cannot make a static reference to the non-static field driver
	Cannot make a static reference to the non-static field driver
	Cannot make a static reference to the non-static field driver
	Cannot make a static reference to the non-static field driver
	Cannot make a static reference to the non-static field driver
	Cannot make a static reference to the non-static field driver
	Cannot make a static reference to the non-static field driver
	Cannot make a static reference to the non-static field driver
	Cannot make a static reference to the non-static field driver
	Cannot make a static reference to the non-static field driver
	Cannot make a static reference to the non-static field driver
	Cannot make a static reference to the non-static field driver
	Cannot make a static reference to the non-static field driver
	Cannot make a static reference to the non-static field driver
	Cannot make a static reference to the non-static field driver
	Cannot make a static reference to the non-static field driver
	Cannot make a static reference to the non-static field driver
	Cannot make a static reference to the non-static field driver
	Cannot make a static reference to the non-static field driver
	Cannot make a static reference to the non-static field driver
	Cannot make a static reference to the non-static field driver
	Cannot make a static reference to the non-static field driver
	Cannot make a static reference to the non-static field driver
	Cannot make a static reference to the non-static field driver
	Cannot make a static reference to the non-static field Base.driver
	Cannot make a static reference to the non-static field driver
	Cannot make a static reference to the non-static field driver
	Cannot make a static reference to the non-static field driver
	Cannot make a static reference to the non-static field driver
	Cannot make a static reference to the non-static field driver
	Cannot make a static reference to the non-static field driver
	Cannot make a static reference to the non-static field driver
	Cannot make a static reference to the non-static field driver
	Cannot make a static reference to the non-static field driver
	Cannot make a static reference to the non-static field driver
	Cannot make a static reference to the non-static field driver
	Cannot make a static reference to the non-static field driver
	Cannot make a static reference to the non-static field driver
	Cannot make a static reference to the non-static field driver
	Cannot make a static reference to the non-static field driver
	Cannot make a static reference to the non-static field driver
	Cannot make a static reference to the non-static field driver
	Cannot make a static reference to the non-static field driver
	Cannot make a static reference to the non-static field driver
	Cannot make a static reference to the non-static field Base.driver
	Cannot make a static reference to the non-static field driver
	Cannot make a static reference to the non-static field driver
	Cannot make a static reference to the non-static field driver
	Cannot make a static reference to the non-static field Base.driver
	Cannot make a static reference to the non-static field Base.driver
	Cannot make a static reference to the non-static field driver
">
      <![CDATA[java.lang.Error: Unresolved compilation problems: 
Cannot make a static reference to the non-static field driver
Cannot make a static reference to the non-static field driver
Cannot make a static reference to the non-static field driver
Cannot make a static reference to the non-static field driver
Cannot make a static reference to the non-static field driver
Cannot make a static reference to the non-static field driver
Cannot make a static reference to the non-static field driver
Cannot make a static reference to the non-static field driver
Cannot make a static reference to the non-static field driver
Cannot make a static reference to the non-static field driver
Cannot make a static reference to the non-static field driver
Cannot make a static reference to the non-static field driver
Cannot make a static reference to the non-static field driver
Cannot make a static reference to the non-static field driver
Cannot make a static reference to the non-static field driver
Cannot make a static reference to the non-static field driver
Cannot make a static reference to the non-static field driver
Cannot make a static reference to the non-static field driver
Cannot make a static reference to the non-static field driver
Cannot make a static reference to the non-static field driver
Cannot make a static reference to the non-static field driver
Cannot make a static reference to the non-static field driver
Cannot make a static reference to the non-static field driver
Cannot make a static reference to the non-static field driver
Cannot make a static reference to the non-static field driver
Cannot make a static reference to the non-static field driver
Cannot make a static reference to the non-static field driver
Cannot make a static reference to the non-static field driver
Cannot make a static reference to the non-static field driver
Cannot make a static reference to the non-static field driver
Cannot make a static reference to the non-static field driver
Cannot make a static reference to the non-static field driver
Cannot make a static reference to the non-static field driver
Cannot make a static reference to the non-static field driver
Cannot make a static reference to the non-static field driver
Cannot make a static reference to the non-static field driver
Cannot make a static reference to the non-static field driver
Cannot make a static reference to the non-static field driver
Cannot make a static reference to the non-static field driver
Cannot make a static reference to the non-static field driver
Cannot make a static reference to the non-static field driver
Cannot make a static reference to the non-static field driver
Cannot make a static reference to the non-static field driver
Cannot make a static reference to the non-static field driver
Cannot make a static reference to the non-static field driver
Cannot make a static reference to the non-static field driver
Cannot make a static reference to the non-static field driver
Cannot make a static reference to the non-static field driver
Cannot make a static reference to the non-static field driver
Cannot make a static reference to the non-static field driver
Cannot make a static reference to the non-static field driver
Cannot make a static reference to the non-static field driver
Cannot make a static reference to the non-static field driver
Cannot make a static reference to the non-static field driver
Cannot make a static reference to the non-static field driver
Cannot make a static reference to the non-static field driver
Cannot make a static reference to the non-static field driver
Cannot make a static reference to the non-static field driver
Cannot make a static reference to the non-static field driver
Cannot make a static reference to the non-static field driver
Cannot make a static reference to the non-static field driver
Cannot make a static reference to the non-static field driver
Cannot make a static reference to the non-static field driver
Cannot make a static reference to the non-static field driver
Cannot make a static reference to the non-static field driver
Cannot make a static reference to the non-static field driver
Cannot make a static reference to the non-static field driver
Cannot make a static reference to the non-static field driver
Cannot make a static reference to the non-static field driver
Cannot make a static reference to the non-static field driver
Cannot make a static reference to the non-static field driver
Cannot make a static reference to the non-static field driver
Cannot make a static reference to the non-static field driver
Cannot make a static reference to the non-static field Base.driver
Cannot make a static reference to the non-static field driver
Cannot make a static reference to the non-static field driver
Cannot make a static reference to the non-static field driver
Cannot make a static reference to the non-static field driver
Cannot make a static reference to the non-static field driver
Cannot make a static reference to the non-static field driver
Cannot make a static reference to the non-static field driver
Cannot make a static reference to the non-static field driver
Cannot make a static reference to the non-static field driver
Cannot make a static reference to the non-static field driver
Cannot make a static reference to the non-static field driver
Cannot make a static reference to the non-static field driver
Cannot make a static reference to the non-static field driver
Cannot make a static reference to the non-static field driver
Cannot make a static reference to the non-static field driver
Cannot make a static reference to the non-static field driver
Cannot make a static reference to the non-static field driver
Cannot make a static reference to the non-static field driver
Cannot make a static reference to the non-static field driver
Cannot make a static reference to the non-static field Base.driver
Cannot make a static reference to the non-static field driver
Cannot make a static reference to the non-static field driver
Cannot make a static reference to the non-static field driver
Cannot make a static reference to the non-static field Base.driver
Cannot make a static reference to the non-static field Base.driver
Cannot make a static reference to the non-static field driver

at quickTestPointMasterPage.QuickMasterPage.<init>(QuickMasterPage.java:80)
at com.Tests.SupplierMasterTest.loginGroup(SupplierMasterTest.java:57)
at java.base/java.util.concurrent.Executors$RunnableAdapter.call(Executors.java:572)
at java.base/java.util.concurrent.FutureTask.run(FutureTask.java:317)
at java.base/java.util.concurrent.ThreadPoolExecutor.runWorker(ThreadPoolExecutor.java:1144)
at java.base/java.util.concurrent.ThreadPoolExecutor$Worker.run(ThreadPoolExecutor.java:642)
at java.base/java.lang.Thread.run(Thread.java:1583)
... Removed 15 stack frames]]>
    </failure>
  </testcase> <!-- @BeforeGroups loginGroup -->
  <testcase classname="com.Tests.ProcessMasterTest" name="@BeforeGroups loginGroup" time="0.0">
    <skipped/>
  </testcase> <!-- @BeforeGroups loginGroup -->
  <testcase classname="com.Tests.ProcessMasterTest" name="@BeforeGroups loginGroup" time="0.0">
    <skipped/>
  </testcase> <!-- @BeforeGroups loginGroup -->
  <testcase classname="com.Tests.SupplierMasterTest" name="@AfterGroups logoutGroup" time="0.0">
    <skipped/>
  </testcase> <!-- @AfterGroups logoutGroup -->
  <testcase classname="com.Tests.ProcessMasterTest" name="@AfterGroups logoutGroup" time="0.0">
    <skipped/>
  </testcase> <!-- @AfterGroups logoutGroup -->
  <testcase classname="com.Tests.SupplierMasterTest" name="@AfterGroups logoutGroup" time="0.0">
    <skipped/>
  </testcase> <!-- @AfterGroups logoutGroup -->
  <testcase classname="com.Tests.ProcessMasterTest" name="@AfterGroups logoutGroup" time="0.0">
    <skipped/>
  </testcase> <!-- @AfterGroups logoutGroup -->
  <testcase classname="com.Tests.ProcessMasterTest" name="TC_001verifyProcessDetailSaved" time="0.0">
    <skipped/>
  </testcase> <!-- TC_001verifyProcessDetailSaved -->
  <testcase classname="com.Tests.SupplierMasterTest" name="verifyEnterDataWithBusinessDomain" time="0.0">
    <skipped/>
  </testcase> <!-- verifyEnterDataWithBusinessDomain -->
  <testcase classname="com.Tests.ProcessMasterTest" name="TC_002VerifyErrorMessageShouldBeGeneratedWhenProcessRateIsMissing" time="0.0">
    <skipped/>
  </testcase> <!-- TC_002VerifyErrorMessageShouldBeGeneratedWhenProcessRateIsMissing -->
  <testcase classname="com.Tests.ProcessMasterTest" name="TC_003_verifyErrorMessageInCorrectValueInProcessRate" time="0.0">
    <skipped/>
  </testcase> <!-- TC_003_verifyErrorMessageInCorrectValueInProcessRate -->
  <testcase classname="com.Tests.SupplierMasterTest" name="verifyEnterDataWithBusinesssegment" time="0.0">
    <skipped/>
  </testcase> <!-- verifyEnterDataWithBusinesssegment -->
  <testcase classname="com.Tests.SupplierMasterTest" name="verifyDuplicateDataWithBusinessBomainissavedornot" time="0.0">
    <skipped/>
  </testcase> <!-- verifyDuplicateDataWithBusinessBomainissavedornot -->
  <testcase classname="com.Tests.SupplierMasterTest" name="verifyDuplicateDataWithBusinessSegmentSavedOrNot" time="0.0">
    <skipped/>
  </testcase> <!-- verifyDuplicateDataWithBusinessSegmentSavedOrNot -->
  <testcase classname="com.Tests.ProcessMasterTest" name="TC_004_verifyErrorMessageWhenEfficiencyIsMoreThan100" time="0.0">
    <skipped/>
  </testcase> <!-- TC_004_verifyErrorMessageWhenEfficiencyIsMoreThan100 -->
  <testcase classname="com.Tests.ProcessMasterTest" name="TC_005_verifyDateFieldsContainsTodaysDate" time="0.0">
    <skipped/>
  </testcase> <!-- TC_005_verifyDateFieldsContainsTodaysDate -->
  <testcase classname="com.Tests.SupplierMasterTest" name="verifyEditButtonIsWorkingOrNotWithBusinessDomain" time="0.0">
    <skipped/>
  </testcase> <!-- verifyEditButtonIsWorkingOrNotWithBusinessDomain -->
  <testcase classname="com.Tests.SupplierMasterTest" name="verifyBusinessDomainSegmentLengthtable" time="0.0">
    <skipped/>
  </testcase> <!-- verifyBusinessDomainSegmentLengthtable -->
  <testcase classname="com.Tests.SupplierMasterTest" name="verifyBusinessDomainSegmentLengthFOrFifty" time="0.0">
    <skipped/>
  </testcase> <!-- verifyBusinessDomainSegmentLengthFOrFifty -->
  <testcase classname="com.Tests.ProcessMasterTest" name="TC_007_verifyAddNewCustomerData" time="0.0">
    <skipped/>
  </testcase> <!-- TC_007_verifyAddNewCustomerData -->
  <testcase classname="com.Tests.ProcessMasterTest" name="TC_006_verifyResetButton" time="0.0">
    <skipped/>
  </testcase> <!-- TC_006_verifyResetButton -->
  <testcase classname="com.Tests.SupplierMasterTest" name="verifyNextButtonIsClickableOrNot" time="0.0">
    <skipped/>
  </testcase> <!-- verifyNextButtonIsClickableOrNot -->
  <testcase classname="com.Tests.ProcessMasterTest" name="TC_008_verifyExistingDataShouldBeSaveAsNewAfterEnterNewProcessDetails" time="0.0">
    <skipped/>
  </testcase> <!-- TC_008_verifyExistingDataShouldBeSaveAsNewAfterEnterNewProcessDetails -->
  <testcase classname="com.Tests.SupplierMasterTest" name="verifyBusinessDomainSegmentLengthFOrSeventyFive" time="0.0">
    <skipped/>
  </testcase> <!-- verifyBusinessDomainSegmentLengthFOrSeventyFive -->
  <testcase classname="com.Tests.SupplierMasterTest" name="verifyCostingCouldNotDeleteWithBusinessDOmain" time="0.0">
    <skipped/>
  </testcase> <!-- verifyCostingCouldNotDeleteWithBusinessDOmain -->
  <testcase classname="com.Tests.ProcessMasterTest" name="TC_031_verifyProcessMasterOpenInstantly" time="0.0">
    <ignored/>
  </testcase> <!-- TC_031_verifyProcessMasterOpenInstantly -->
  <testcase classname="com.Tests.ProcessMasterTest" name="TC_048_VerifyMandatoryFieldWithoutUnitDropdown" time="0.0">
    <ignored/>
  </testcase> <!-- TC_048_VerifyMandatoryFieldWithoutUnitDropdown -->
  <testcase classname="com.Tests.SupplierMasterTest" name="verifySupplierMasterDoesNotSaveWithoutSelectingSupplierLocation" time="0.0">
    <ignored/>
  </testcase> <!-- verifySupplierMasterDoesNotSaveWithoutSelectingSupplierLocation -->
  <testcase classname="com.Tests.ProcessMasterTest" name="TC_037_verifyEditSupplierDeltaProcess" time="0.0">
    <ignored/>
  </testcase> <!-- TC_037_verifyEditSupplierDeltaProcess -->
  <testcase classname="com.Tests.SupplierMasterTest" name="verifyNextButtonIsWorkingProperlyOrNot" time="0.0">
    <ignored/>
  </testcase> <!-- verifyNextButtonIsWorkingProperlyOrNot -->
  <testcase classname="com.Tests.ProcessMasterTest" name="TC_033_verifyNumberOfDeltaPopulationIsVerifiedToSupplierCheckbox" time="0.0">
    <ignored/>
  </testcase> <!-- TC_033_verifyNumberOfDeltaPopulationIsVerifiedToSupplierCheckbox -->
  <testcase classname="com.Tests.ProcessMasterTest" name="TC_051_verifyManualInstructionWhichExistAtRightSideOnTop" time="0.0">
    <ignored/>
  </testcase> <!-- TC_051_verifyManualInstructionWhichExistAtRightSideOnTop -->
  <testcase classname="com.Tests.ProcessMasterTest" name="TC_044_VerifyDefaultsInCustomerExportedProcessSheet" time="0.0">
    <ignored/>
  </testcase> <!-- TC_044_VerifyDefaultsInCustomerExportedProcessSheet -->
  <testcase classname="com.Tests.SupplierMasterTest" name="VerifyPopupDescriptionShouldBeThereWhenUserClickTheDeleteButton" time="0.0">
    <ignored/>
  </testcase> <!-- VerifyPopupDescriptionShouldBeThereWhenUserClickTheDeleteButton -->
  <testcase classname="com.Tests.ProcessMasterTest" name="TC_029_validateSaveButtonDisableAfterSuccessfullySave" time="0.0">
    <ignored/>
  </testcase> <!-- TC_029_validateSaveButtonDisableAfterSuccessfullySave -->
  <testcase classname="com.Tests.SupplierMasterTest" name="verifySaveDataWithInvalidEmailIdInCostingShouldNotBeSaved" time="0.0">
    <ignored/>
  </testcase> <!-- verifySaveDataWithInvalidEmailIdInCostingShouldNotBeSaved -->
  <testcase classname="com.Tests.SupplierMasterTest" name="verifySortingButtonIsWorkingInBusinessSegment" time="0.0">
    <ignored/>
  </testcase> <!-- verifySortingButtonIsWorkingInBusinessSegment -->
  <testcase classname="com.Tests.ProcessMasterTest" name="TC_009_verifyPopWhenUserClickExportButtonWithoutSelectingCustomerAndSupplier" time="0.0">
    <ignored/>
  </testcase> <!-- TC_009_verifyPopWhenUserClickExportButtonWithoutSelectingCustomerAndSupplier -->
  <testcase classname="com.Tests.ProcessMasterTest" name="TC_026_verifyNextButtonIsWorkingOrNot" time="0.0">
    <ignored/>
  </testcase> <!-- TC_026_verifyNextButtonIsWorkingOrNot -->
  <testcase classname="com.Tests.SupplierMasterTest" name="verifyTestSortingBySupplierName" time="0.0">
    <ignored/>
  </testcase> <!-- verifyTestSortingBySupplierName -->
  <testcase classname="com.Tests.ProcessMasterTest" name="TC_032_verifyInvalidCharacterEfficiencyShouldNotContain" time="0.0">
    <ignored/>
  </testcase> <!-- TC_032_verifyInvalidCharacterEfficiencyShouldNotContain -->
  <testcase classname="com.Tests.SupplierMasterTest" name="verifysupplierMasterDoesNotSaveWithoutSelectingBusinessDomain" time="0.0">
    <ignored/>
  </testcase> <!-- verifysupplierMasterDoesNotSaveWithoutSelectingBusinessDomain -->
  <testcase classname="com.Tests.ProcessMasterTest" name="TC_015_verifyPositiveEntryWithCustomerSpecificDeltaValidation" time="0.0">
    <ignored/>
  </testcase> <!-- TC_015_verifyPositiveEntryWithCustomerSpecificDeltaValidation -->
  <testcase classname="com.Tests.ProcessMasterTest" name="TC_042_verifyCustomerSelectedListAndNumberOfDeltaPopulation" time="0.0">
    <ignored/>
  </testcase> <!-- TC_042_verifyCustomerSelectedListAndNumberOfDeltaPopulation -->
  <testcase classname="com.Tests.ProcessMasterTest" name="TC_012_verifyExportFileAndValidateWithProcessName" time="0.0">
    <ignored/>
  </testcase> <!-- TC_012_verifyExportFileAndValidateWithProcessName -->
  <testcase classname="com.Tests.ProcessMasterTest" name="TC_034_verifySaveProcessWithSupplierSpecificDeltaOnly" time="0.0">
    <ignored/>
  </testcase> <!-- TC_034_verifySaveProcessWithSupplierSpecificDeltaOnly -->
  <testcase classname="com.Tests.ProcessMasterTest" name="TC_035_verifySaveProcessWithSupplierSpecificPositiveValueDeltaOnly" time="0.0">
    <ignored/>
  </testcase> <!-- TC_035_verifySaveProcessWithSupplierSpecificPositiveValueDeltaOnly -->
  <testcase classname="com.Tests.SupplierMasterTest" name="verifyUserDataSaveAsItIsInSupplierListOrNot" time="0.0">
    <ignored/>
  </testcase> <!-- verifyUserDataSaveAsItIsInSupplierListOrNot -->
  <testcase classname="com.Tests.ProcessMasterTest" name="TC_040_duplicateCustomerShouldNotSaveMultipleTimes" time="0.0">
    <ignored/>
  </testcase> <!-- TC_040_duplicateCustomerShouldNotSaveMultipleTimes -->
  <testcase classname="com.Tests.ProcessMasterTest" name="TC_043_VerifyDefaultsValuesShouldBeShowInExportedProcessSheetWithSupplier" time="0.0">
    <ignored/>
  </testcase> <!-- TC_043_VerifyDefaultsValuesShouldBeShowInExportedProcessSheetWithSupplier -->
  <testcase classname="com.Tests.SupplierMasterTest" name="verifySortingButtonIsWorkingInSupplierLocation" time="0.0">
    <ignored/>
  </testcase> <!-- verifySortingButtonIsWorkingInSupplierLocation -->
  <testcase classname="com.Tests.ProcessMasterTest" name="TC_017_verifyAllCheckboxesIsClicked" time="0.0">
    <ignored/>
  </testcase> <!-- TC_017_verifyAllCheckboxesIsClicked -->
  <testcase classname="com.Tests.ProcessMasterTest" name="TC_023_importExcelFileWithoutUnitDropdownShouldNotSaveWithSupplier" time="0.0">
    <ignored/>
  </testcase> <!-- TC_023_importExcelFileWithoutUnitDropdownShouldNotSaveWithSupplier -->
  <testcase classname="com.Tests.ProcessMasterTest" name="TC_028_validateIButtonInProcessMasterDisplaysTooltipHelpMessage01" time="0.0">
    <ignored/>
  </testcase> <!-- TC_028_validateIButtonInProcessMasterDisplaysTooltipHelpMessage01 -->
  <testcase classname="com.Tests.ProcessMasterTest" name="TC_020_verifyClickControlMasterForUnselectSaleCheckBoxToHideCustomerColumnFromProcessMasterPage" time="0.0">
    <ignored/>
  </testcase> <!-- TC_020_verifyClickControlMasterForUnselectSaleCheckBoxToHideCustomerColumnFromProcessMasterPage -->
  <testcase classname="com.Tests.SupplierMasterTest" name="verifyAfterClickingEditButtonAllDataEnterASWellInParticularBoxOrNot" time="0.0">
    <ignored/>
  </testcase> <!-- verifyAfterClickingEditButtonAllDataEnterASWellInParticularBoxOrNot -->
  <testcase classname="com.Tests.ProcessMasterTest" name="TC_024_verifyDropdownPlaceholderShouldBeShownSelectWithoutSelectingAnyValues" time="0.0">
    <ignored/>
  </testcase> <!-- TC_024_verifyDropdownPlaceholderShouldBeShownSelectWithoutSelectingAnyValues -->
  <testcase classname="com.Tests.ProcessMasterTest" name="TC_046_VerifymandatoryfieldsValidationOnSaveWithoutProcessName" time="0.0">
    <ignored/>
  </testcase> <!-- TC_046_VerifymandatoryfieldsValidationOnSaveWithoutProcessName -->
  <testcase classname="com.Tests.ProcessMasterTest" name="TC_016_verifyNegativeEntryWithCustomerSpecificDelta" time="0.0">
    <ignored/>
  </testcase> <!-- TC_016_verifyNegativeEntryWithCustomerSpecificDelta -->
  <testcase classname="com.Tests.ProcessMasterTest" name="TC_010_verifyProcessRateDoesNotContainMoreThanSixDigit" time="0.0">
    <ignored/>
  </testcase> <!-- TC_010_verifyProcessRateDoesNotContainMoreThanSixDigit -->
  <testcase classname="com.Tests.SupplierMasterTest" name="importnewexcelfile" time="0.0">
    <ignored/>
  </testcase> <!-- importnewexcelfile -->
  <testcase classname="com.Tests.ProcessMasterTest" name="TC_045_verifySaveAsNewSupplierDeltaProcess" time="0.0">
    <ignored/>
  </testcase> <!-- TC_045_verifySaveAsNewSupplierDeltaProcess -->
  <testcase classname="com.Tests.ProcessMasterTest" name="TC_036_verifySaveProcessWithSupplierSpecificNegativeValueDeltaOnly" time="0.0">
    <ignored/>
  </testcase> <!-- TC_036_verifySaveProcessWithSupplierSpecificNegativeValueDeltaOnly -->
  <testcase classname="com.Tests.SupplierMasterTest" name="VerifySupplierMasterDoesNotSaveWithoutSelectiongSupplierName" time="0.0">
    <ignored/>
  </testcase> <!-- VerifySupplierMasterDoesNotSaveWithoutSelectiongSupplierName -->
  <testcase classname="com.Tests.SupplierMasterTest" name="VerifyPopMessageForSpecialCharacterInSupplierCode" time="0.0">
    <ignored/>
  </testcase> <!-- VerifyPopMessageForSpecialCharacterInSupplierCode -->
  <testcase classname="com.Tests.SupplierMasterTest" name="VerifyPlaceholderNameIsVisibleOrnotWithoutAnyEntryForSupplierName" time="0.0">
    <ignored/>
  </testcase> <!-- VerifyPlaceholderNameIsVisibleOrnotWithoutAnyEntryForSupplierName -->
  <testcase classname="com.Tests.ProcessMasterTest" name="TC_039_duplicateProcessDoesNotSaveWithSameSupplierMultipleTimes" time="0.0">
    <ignored/>
  </testcase> <!-- TC_039_duplicateProcessDoesNotSaveWithSameSupplierMultipleTimes -->
  <testcase classname="com.Tests.ProcessMasterTest" name="TC_021_verifyClickUnselectSupplierCheckBoxInControlMasterToHideSupplierColumnFromProcessMasterPage" time="0.0">
    <ignored/>
  </testcase> <!-- TC_021_verifyClickUnselectSupplierCheckBoxInControlMasterToHideSupplierColumnFromProcessMasterPage -->
  <testcase classname="com.Tests.ProcessMasterTest" name="TC_025_verifyCloseButtonRedirectsToProcessMasterMainPage" time="0.0">
    <ignored/>
  </testcase> <!-- TC_025_verifyCloseButtonRedirectsToProcessMasterMainPage -->
  <testcase classname="com.Tests.SupplierMasterTest" name="VerifyEditAndRestButtonToCheckNewEntriesAreSavedOrNot" time="0.0">
    <ignored/>
  </testcase> <!-- VerifyEditAndRestButtonToCheckNewEntriesAreSavedOrNot -->
  <testcase classname="com.Tests.ProcessMasterTest" name="TC_049_VerifyMandatoryFieldWithoutRm" time="0.0">
    <ignored/>
  </testcase> <!-- TC_049_VerifyMandatoryFieldWithoutRm -->
  <testcase classname="com.Tests.ProcessMasterTest" name="TC_019_verifyImportNewDataWithCustomer" time="0.0">
    <ignored/>
  </testcase> <!-- TC_019_verifyImportNewDataWithCustomer -->
  <testcase classname="com.Tests.ProcessMasterTest" name="TC_038_verifyAddSupplierViaPopup" time="0.0">
    <ignored/>
  </testcase> <!-- TC_038_verifyAddSupplierViaPopup -->
  <testcase classname="com.Tests.SupplierMasterTest" name="VerifySupplierAllocationInOHPMaster" time="0.0">
    <ignored/>
  </testcase> <!-- VerifySupplierAllocationInOHPMaster -->
  <testcase classname="com.Tests.ProcessMasterTest" name="TC_041_verifyViewButtonWorkingWellOrNot" time="0.0">
    <ignored/>
  </testcase> <!-- TC_041_verifyViewButtonWorkingWellOrNot -->
  <testcase classname="com.Tests.SupplierMasterTest" name="verifyLengthTableInSupplierPage" time="0.0">
    <ignored/>
  </testcase> <!-- verifyLengthTableInSupplierPage -->
  <testcase classname="com.Tests.ProcessMasterTest" name="TC_011_verifyProcessRateContainSpecialCharacter" time="0.0">
    <ignored/>
  </testcase> <!-- TC_011_verifyProcessRateContainSpecialCharacter -->
  <testcase classname="com.Tests.ProcessMasterTest" name="TC_027_editCustomerSpecificProcessAndValidate" time="0.0">
    <ignored/>
  </testcase> <!-- TC_027_editCustomerSpecificProcessAndValidate -->
  <testcase classname="com.Tests.SupplierMasterTest" name="VerifyPlaceholderNameIsVisibleOrnotWithoutAnyEntryForSupplierLocation" time="0.0">
    <ignored/>
  </testcase> <!-- VerifyPlaceholderNameIsVisibleOrnotWithoutAnyEntryForSupplierLocation -->
  <testcase classname="com.Tests.ProcessMasterTest" name="TC_022_importExcelFileWithoutProcessNameWithSupplier" time="0.0">
    <ignored/>
  </testcase> <!-- TC_022_importExcelFileWithoutProcessNameWithSupplier -->
  <testcase classname="com.Tests.ProcessMasterTest" name="TC_030_verifyProcessListShouldNotDeleteRestrictionOnUsedProcess" time="0.0">
    <ignored/>
  </testcase> <!-- TC_030_verifyProcessListShouldNotDeleteRestrictionOnUsedProcess -->
  <testcase classname="com.Tests.ProcessMasterTest" name="TC_018_verifyImportNewDataWithSupplier" time="0.0">
    <ignored/>
  </testcase> <!-- TC_018_verifyImportNewDataWithSupplier -->
  <testcase classname="com.Tests.SupplierMasterTest" name="verifyPopUpWhenUserChooseInvalidPhoto" time="0.0">
    <ignored/>
  </testcase> <!-- verifyPopUpWhenUserChooseInvalidPhoto -->
  <testcase classname="com.Tests.ProcessMasterTest" name="TC_050_VerifySaveNewProcessWithoutSelectingSupplierAndCustomer" time="0.0">
    <ignored/>
  </testcase> <!-- TC_050_VerifySaveNewProcessWithoutSelectingSupplierAndCustomer -->
  <testcase classname="com.Tests.SupplierMasterTest" name="verifySortingButtonIsWorkingInBusinessDomain" time="0.0">
    <ignored/>
  </testcase> <!-- verifySortingButtonIsWorkingInBusinessDomain -->
  <testcase classname="com.Tests.SupplierMasterTest" name="VerifyPlaceholderNameIsVisibleOrnotWithoutAnyEntry" time="0.0">
    <ignored/>
  </testcase> <!-- VerifyPlaceholderNameIsVisibleOrnotWithoutAnyEntry -->
  <testcase classname="com.Tests.ProcessMasterTest" name="TC_047_VerifyMandatoryFieldValidationOnSaveWithoutProcessRate" time="0.0">
    <ignored/>
  </testcase> <!-- TC_047_VerifyMandatoryFieldValidationOnSaveWithoutProcessRate -->
  <testcase classname="com.Tests.SupplierMasterTest" name="verifyExportExcelFileAndValidateWithUIData" time="0.0">
    <ignored/>
  </testcase> <!-- verifyExportExcelFileAndValidateWithUIData -->
</testsuite> <!-- Group1_Run -->
