<?xml version="1.0" encoding="UTF-8"?>
<!-- Generated by org.testng.reporters.JUnitReportReporter -->
<testsuite hostname="DESKTOP-SMCKNS5" failures="1" tests="10" name="com.Tests.PartMasterDetailCostingRivisedTest" time="31.774" errors="0" timestamp="2025-11-25T11:52:10 IST" skipped="9">
  <testcase classname="com.Tests.PartMasterDetailCostingRivisedTest" name="TC_PM_DC_002_03validateEachMandatoryIndividually" time="31.774">
    <failure message="Special Product Category not found: High-Precision Electronics" type="java.lang.AssertionError">
      <![CDATA[java.lang.AssertionError: Special Product Category not found: High-Precision Electronics
at com.Pages.PartMasterPage.selectOnSpecialProductCategoryValuesByText(PartMasterPage.java:3242)
at com.Tests.PartMasterDetailCostingRivisedTest.TC_PM_DC_002_03validateEachMandatoryIndividually(PartMasterDetailCostingRivisedTest.java:282)
at java.base/jdk.internal.reflect.DirectMethodHandleAccessor.invoke(DirectMethodHandleAccessor.java:103)
at java.base/java.lang.reflect.Method.invoke(Method.java:580)
at org.testng.internal.invokers.MethodInvocationHelper.invokeMethod(MethodInvocationHelper.java:141)
at org.testng.internal.invokers.TestInvoker.invokeMethod(TestInvoker.java:687)
at org.testng.internal.invokers.TestInvoker.invokeTestMethod(TestInvoker.java:230)
at org.testng.internal.invokers.MethodRunner.runInSequence(MethodRunner.java:63)
at org.testng.internal.invokers.TestInvoker$MethodInvocationAgent.invoke(TestInvoker.java:995)
at org.testng.internal.invokers.TestInvoker.invokeTestMethods(TestInvoker.java:203)
at org.testng.internal.invokers.TestMethodWorker.invokeTestMethods(TestMethodWorker.java:154)
at org.testng.internal.invokers.TestMethodWorker.run(TestMethodWorker.java:134)
at java.base/java.util.ArrayList.forEach(ArrayList.java:1596)
at org.testng.TestRunner.privateRun(TestRunner.java:741)
at org.testng.TestRunner.run(TestRunner.java:616)
at org.testng.SuiteRunner.runTest(SuiteRunner.java:421)
at org.testng.SuiteRunner.runSequentially(SuiteRunner.java:413)
at org.testng.SuiteRunner.privateRun(SuiteRunner.java:373)
at org.testng.SuiteRunner.run(SuiteRunner.java:312)
at org.testng.SuiteRunnerWorker.runSuite(SuiteRunnerWorker.java:52)
at org.testng.SuiteRunnerWorker.run(SuiteRunnerWorker.java:95)
at org.testng.TestNG.runSuitesSequentially(TestNG.java:1274)
at org.testng.TestNG.runSuitesLocally(TestNG.java:1208)
at org.testng.TestNG.runSuites(TestNG.java:1112)
at org.testng.TestNG.run(TestNG.java:1079)
at org.testng.remote.AbstractRemoteTestNG.run(AbstractRemoteTestNG.java:115)
at org.testng.remote.RemoteTestNG.initAndRun(RemoteTestNG.java:293)
at org.testng.remote.RemoteTestNG.main(RemoteTestNG.java:91)
]]>
    </failure>
  </testcase> <!-- TC_PM_DC_002_03validateEachMandatoryIndividually -->
  <testcase classname="com.Tests.PartMasterDetailCostingRivisedTest" name="TC_PM_DC_82ValidateMixedManualAndBOPMasterRows">
    <skipped/>
  </testcase> <!-- TC_PM_DC_82ValidateMixedManualAndBOPMasterRows -->
  <testcase classname="com.Tests.PartMasterDetailCostingRivisedTest" name="TC_PM_DC_109ValidateProcurementMismatchRule">
    <skipped/>
  </testcase> <!-- TC_PM_DC_109ValidateProcurementMismatchRule -->
  <testcase classname="com.Tests.PartMasterDetailCostingRivisedTest" name="TC_PM_DC_104ValidateProcurementConditionalRulesMultipleSuppliers">
    <skipped/>
  </testcase> <!-- TC_PM_DC_104ValidateProcurementConditionalRulesMultipleSuppliers -->
  <testcase classname="com.Tests.PartMasterDetailCostingRivisedTest" name="TC_PM_DC_149_Procurement_AllSuppliers_GradesMatchCommodityMaster">
    <skipped/>
  </testcase> <!-- TC_PM_DC_149_Procurement_AllSuppliers_GradesMatchCommodityMaster -->
  <testcase classname="com.Tests.PartMasterDetailCostingRivisedTest" name="TC_PM_DC_054ValidateRMInputShapeDependentDropdownForForging">
    <skipped/>
  </testcase> <!-- TC_PM_DC_054ValidateRMInputShapeDependentDropdownForForging -->
  <testcase classname="com.Tests.PartMasterDetailCostingRivisedTest" name="TC_PM_DC_112ValidateConditionalformattingManualProcessNameenteredProcessNamegrayed">
    <skipped/>
  </testcase> <!-- TC_PM_DC_112ValidateConditionalformattingManualProcessNameenteredProcessNamegrayed -->
  <testcase classname="com.Tests.PartMasterDetailCostingRivisedTest" name="TC_PM_DC_053ValidateRMInputShapeDependentDropdown">
    <skipped/>
  </testcase> <!-- TC_PM_DC_053ValidateRMInputShapeDependentDropdown -->
  <testcase classname="com.Tests.PartMasterDetailCostingRivisedTest" name="TC_PM_DC_150_Sales_AllCustomers_GradesMatchCommodityMaster">
    <skipped/>
  </testcase> <!-- TC_PM_DC_150_Sales_AllCustomers_GradesMatchCommodityMaster -->
  <testcase classname="com.Tests.PartMasterDetailCostingRivisedTest" name="TC_PM_DC_111ValidateConditionalformattingProcessNamechosenManualProcessNamegrayed">
    <skipped/>
  </testcase> <!-- TC_PM_DC_111ValidateConditionalformattingProcessNamechosenManualProcessNamegrayed -->
</testsuite> <!-- com.Tests.PartMasterDetailCostingRivisedTest -->
