<?xml version="1.0" encoding="UTF-8"?>
<!-- Generated by org.testng.reporters.JUnitReportReporter -->
<testsuite hostname="DESKTOP-IM3N51S" failures="0" tests="6" name="com.Tests.CommodityDetailsTest" time="85.613" errors="0" timestamp="2025-10-16T16:09:47 IST" skipped="5">
  <testcase classname="com.Tests.CommodityDetailsTest" name="TC_COM_001_SaveANewCommodityGroup" time="85.613"/>
  <testcase classname="com.Tests.CommodityDetailsTest" name="TC_DI_006UserRightsSupplierAndCustomerVisibilityForSupplierVisibility">
    <skipped/>
  </testcase> <!-- TC_DI_006UserRightsSupplierAndCustomerVisibilityForSupplierVisibility -->
  <testcase classname="com.Tests.CommodityDetailsTest" name="TC_YRLY_011QuarterlyAndHalfYearlyCalculationsForRmAndScrapWithPossitiveNumberForDecimalMoreThanThreeDigit">
    <skipped/>
  </testcase> <!-- TC_YRLY_011QuarterlyAndHalfYearlyCalculationsForRmAndScrapWithPossitiveNumberForDecimalMoreThanThreeDigit -->
  <testcase classname="com.Tests.CommodityDetailsTest" name="TC_YRLY_013SpecificDeltaSupplierCustomerAllocationWithNegativeAndPossitiveBothForCustomerAllocation">
    <skipped/>
  </testcase> <!-- TC_YRLY_013SpecificDeltaSupplierCustomerAllocationWithNegativeAndPossitiveBothForCustomerAllocation -->
  <testcase classname="com.Tests.CommodityDetailsTest" name="TC_YRLY_008UserRightsReadOnlyAccessRestriction">
    <skipped/>
  </testcase> <!-- TC_YRLY_008UserRightsReadOnlyAccessRestriction -->
  <testcase classname="com.Tests.CommodityDetailsTest" name="TC_DI_006UserRightsSupplierAndCustomerVisibility">
    <skipped/>
  </testcase> <!-- TC_DI_006UserRightsSupplierAndCustomerVisibility -->
</testsuite> <!-- com.Tests.CommodityDetailsTest -->
