<?xml version="1.0" encoding="UTF-8"?>
<!-- Generated by org.testng.reporters.JUnitReportReporter -->
<testsuite hostname="DESKTOP-IM3N51S" failures="3" tests="28" name="com.Tests.CommodityGroupTest" time="1283.867" errors="1" timestamp="2025-09-11T15:53:52 IST" skipped="1">
  <testcase classname="com.Tests.CommodityGroupTest" name="TC_COM_001_SaveANewCommodityGroup" time="34.893"/>
  <testcase classname="com.Tests.CommodityGroupTest" name="TC_COM_002_Edit_And_Update_Existing_Commodity_Group" time="103.265">
    <failure message="Toast did not contain expected text. expected [true] but found [false]" type="java.lang.AssertionError">
      <![CDATA[java.lang.AssertionError: Toast did not contain expected text. expected [true] but found [false]
at org.testng.Assert.fail(Assert.java:111)
at org.testng.Assert.failNotEquals(Assert.java:1590)
at org.testng.Assert.assertTrue(Assert.java:57)
at com.Pages.CommoditygroupPage.editAndUpdateExistingEntry(CommoditygroupPage.java:188)
at com.Tests.CommodityGroupTest.TC_COM_002_Edit_And_Update_Existing_Commodity_Group(CommodityGroupTest.java:114)
at java.base/jdk.internal.reflect.DirectMethodHandleAccessor.invoke(DirectMethodHandleAccessor.java:103)
at java.base/java.lang.reflect.Method.invoke(Method.java:580)
at org.testng.internal.invokers.MethodInvocationHelper.invokeMethod(MethodInvocationHelper.java:141)
at org.testng.internal.invokers.TestInvoker.invokeMethod(TestInvoker.java:687)
at org.testng.internal.invokers.TestInvoker.invokeTestMethod(TestInvoker.java:230)
at org.testng.internal.invokers.MethodRunner.runInSequence(MethodRunner.java:63)
at org.testng.internal.invokers.TestInvoker$MethodInvocationAgent.invoke(TestInvoker.java:995)
at org.testng.internal.invokers.TestInvoker.invokeTestMethods(TestInvoker.java:203)
at org.testng.internal.invokers.TestMethodWorker.invokeTestMethods(TestMethodWorker.java:154)
at org.testng.internal.invokers.TestMethodWorker.run(TestMethodWorker.java:134)
at java.base/java.util.ArrayList.forEach(ArrayList.java:1597)
at org.testng.TestRunner.privateRun(TestRunner.java:741)
at org.testng.TestRunner.run(TestRunner.java:616)
at org.testng.SuiteRunner.runTest(SuiteRunner.java:421)
at org.testng.SuiteRunner.runSequentially(SuiteRunner.java:413)
at org.testng.SuiteRunner.privateRun(SuiteRunner.java:373)
at org.testng.SuiteRunner.run(SuiteRunner.java:312)
at org.testng.SuiteRunnerWorker.runSuite(SuiteRunnerWorker.java:52)
at org.testng.SuiteRunnerWorker.run(SuiteRunnerWorker.java:95)
at org.testng.TestNG.runSuitesSequentially(TestNG.java:1274)
at org.testng.TestNG.runSuitesLocally(TestNG.java:1208)
at org.testng.TestNG.runSuites(TestNG.java:1112)
at org.testng.TestNG.run(TestNG.java:1079)
at org.testng.remote.AbstractRemoteTestNG.run(AbstractRemoteTestNG.java:115)
at org.testng.remote.RemoteTestNG.initAndRun(RemoteTestNG.java:293)
at org.testng.remote.RemoteTestNG.main(RemoteTestNG.java:91)
]]>
    </failure>
  </testcase> <!-- TC_COM_002_Edit_And_Update_Existing_Commodity_Group -->
  <testcase classname="com.Tests.CommodityGroupTest" name="TC_COM_003_Save_As_NewForCommodityGroup" time="104.897"/>
  <testcase classname="com.Tests.CommodityGroupTest" name="TC_COM_004_DuplicateSpecificGradeAcrossGroupsValidation" time="84.909"/>
  <testcase classname="com.Tests.CommodityGroupTest" name="TC_COM_019PostImportViewTableValidation" time="98.959"/>
  <testcase classname="com.Tests.CommodityGroupTest" name="TC_COM_005_FieldEntryValidationForSpecialCharactersAndNumerics1" time="31.744">
    <failure message="❌ Validation message mismatch for special character. expected [true] but found [false]" type="java.lang.AssertionError">
      <![CDATA[java.lang.AssertionError: ❌ Validation message mismatch for special character. expected [true] but found [false]
at org.testng.Assert.fail(Assert.java:111)
at org.testng.Assert.failNotEquals(Assert.java:1590)
at org.testng.Assert.assertTrue(Assert.java:57)
at com.Pages.CommoditygroupPage.specialcharacterInGroupclassfication(CommoditygroupPage.java:421)
at com.Tests.CommodityGroupTest.TC_COM_005_FieldEntryValidationForSpecialCharactersAndNumerics1(CommodityGroupTest.java:196)
at java.base/jdk.internal.reflect.DirectMethodHandleAccessor.invoke(DirectMethodHandleAccessor.java:103)
at java.base/java.lang.reflect.Method.invoke(Method.java:580)
at org.testng.internal.invokers.MethodInvocationHelper.invokeMethod(MethodInvocationHelper.java:141)
at org.testng.internal.invokers.TestInvoker.invokeMethod(TestInvoker.java:687)
at org.testng.internal.invokers.TestInvoker.invokeTestMethod(TestInvoker.java:230)
at org.testng.internal.invokers.MethodRunner.runInSequence(MethodRunner.java:63)
at org.testng.internal.invokers.TestInvoker$MethodInvocationAgent.invoke(TestInvoker.java:995)
at org.testng.internal.invokers.TestInvoker.invokeTestMethods(TestInvoker.java:203)
at org.testng.internal.invokers.TestMethodWorker.invokeTestMethods(TestMethodWorker.java:154)
at org.testng.internal.invokers.TestMethodWorker.run(TestMethodWorker.java:134)
at java.base/java.util.ArrayList.forEach(ArrayList.java:1597)
at org.testng.TestRunner.privateRun(TestRunner.java:741)
at org.testng.TestRunner.run(TestRunner.java:616)
at org.testng.SuiteRunner.runTest(SuiteRunner.java:421)
at org.testng.SuiteRunner.runSequentially(SuiteRunner.java:413)
at org.testng.SuiteRunner.privateRun(SuiteRunner.java:373)
at org.testng.SuiteRunner.run(SuiteRunner.java:312)
at org.testng.SuiteRunnerWorker.runSuite(SuiteRunnerWorker.java:52)
at org.testng.SuiteRunnerWorker.run(SuiteRunnerWorker.java:95)
at org.testng.TestNG.runSuitesSequentially(TestNG.java:1274)
at org.testng.TestNG.runSuitesLocally(TestNG.java:1208)
at org.testng.TestNG.runSuites(TestNG.java:1112)
at org.testng.TestNG.run(TestNG.java:1079)
at org.testng.remote.AbstractRemoteTestNG.run(AbstractRemoteTestNG.java:115)
at org.testng.remote.RemoteTestNG.initAndRun(RemoteTestNG.java:293)
at org.testng.remote.RemoteTestNG.main(RemoteTestNG.java:91)
]]>
    </failure>
  </testcase> <!-- TC_COM_005_FieldEntryValidationForSpecialCharactersAndNumerics1 -->
  <testcase classname="com.Tests.CommodityGroupTest" name="TC_COM_006_TableViewSortingFunctionality" time="46.884"/>
  <testcase classname="com.Tests.CommodityGroupTest" name="TC_COM_008_CheckPaginationInViewTable" time="16.931"/>
  <testcase classname="com.Tests.CommodityGroupTest" name="TC_COM_009_SearchFunctionalityInViewTable" time="34.533"/>
  <testcase classname="com.Tests.CommodityGroupTest" name="TC_COM_010_BackToTopButtonFunctionality" time="19.252"/>
  <testcase classname="com.Tests.CommodityGroupTest" name="TC_COM_011_ValidateSaveWithNumericalAndSymbolDataInCommodityGroupField1" time="40.227"/>
  <testcase classname="com.Tests.CommodityGroupTest" name="TC_COM_011_ValidateSaveWithNumericalAndSymbolDataInCommodityGroupField" time="26.941">
    <failure message="❌ Validation failed: Expected message not found in toast.
Expected: Special Character Are Not Allowed In Group Classification
Actual: Special Character not allowed. expected [true] but found [false]" type="java.lang.AssertionError">
      <![CDATA[java.lang.AssertionError: ❌ Validation failed: Expected message not found in toast.
Expected: Special Character Are Not Allowed In Group Classification
Actual: Special Character not allowed. expected [true] but found [false]
at org.testng.Assert.fail(Assert.java:111)
at org.testng.Assert.failNotEquals(Assert.java:1590)
at org.testng.Assert.assertTrue(Assert.java:57)
at com.Pages.CommoditygroupPage.verifysaveInvalidDataIncommoditgroup(CommoditygroupPage.java:1999)
at com.Tests.CommodityGroupTest.TC_COM_011_ValidateSaveWithNumericalAndSymbolDataInCommodityGroupField(CommodityGroupTest.java:286)
at java.base/jdk.internal.reflect.DirectMethodHandleAccessor.invoke(DirectMethodHandleAccessor.java:103)
at java.base/java.lang.reflect.Method.invoke(Method.java:580)
at org.testng.internal.invokers.MethodInvocationHelper.invokeMethod(MethodInvocationHelper.java:141)
at org.testng.internal.invokers.TestInvoker.invokeMethod(TestInvoker.java:687)
at org.testng.internal.invokers.TestInvoker.invokeTestMethod(TestInvoker.java:230)
at org.testng.internal.invokers.MethodRunner.runInSequence(MethodRunner.java:63)
at org.testng.internal.invokers.TestInvoker$MethodInvocationAgent.invoke(TestInvoker.java:995)
at org.testng.internal.invokers.TestInvoker.invokeTestMethods(TestInvoker.java:203)
at org.testng.internal.invokers.TestMethodWorker.invokeTestMethods(TestMethodWorker.java:154)
at org.testng.internal.invokers.TestMethodWorker.run(TestMethodWorker.java:134)
at java.base/java.util.ArrayList.forEach(ArrayList.java:1597)
at org.testng.TestRunner.privateRun(TestRunner.java:741)
at org.testng.TestRunner.run(TestRunner.java:616)
at org.testng.SuiteRunner.runTest(SuiteRunner.java:421)
at org.testng.SuiteRunner.runSequentially(SuiteRunner.java:413)
at org.testng.SuiteRunner.privateRun(SuiteRunner.java:373)
at org.testng.SuiteRunner.run(SuiteRunner.java:312)
at org.testng.SuiteRunnerWorker.runSuite(SuiteRunnerWorker.java:52)
at org.testng.SuiteRunnerWorker.run(SuiteRunnerWorker.java:95)
at org.testng.TestNG.runSuitesSequentially(TestNG.java:1274)
at org.testng.TestNG.runSuitesLocally(TestNG.java:1208)
at org.testng.TestNG.runSuites(TestNG.java:1112)
at org.testng.TestNG.run(TestNG.java:1079)
at org.testng.remote.AbstractRemoteTestNG.run(AbstractRemoteTestNG.java:115)
at org.testng.remote.RemoteTestNG.initAndRun(RemoteTestNG.java:293)
at org.testng.remote.RemoteTestNG.main(RemoteTestNG.java:91)
]]>
    </failure>
  </testcase> <!-- TC_COM_011_ValidateSaveWithNumericalAndSymbolDataInCommodityGroupField -->
  <testcase classname="com.Tests.CommodityGroupTest" name="TC_COM_013_AutoPopulateDensityValueForExistingGroupClassification" time="36.353"/>
  <testcase classname="com.Tests.CommodityGroupTest" name="TC_COM_017_ManualEntryInExportedFile" time="29.805"/>
  <testcase classname="com.Tests.CommodityGroupTest" name="TC_COM_017_ManualEntryInExportedFileVerifyDataDataHasBeenSavedOrNot" time="63.621"/>
  <testcase classname="com.Tests.CommodityGroupTest" name="TC_COM_021_ValidatePromptOnSuccessfulSave" time="35.912"/>
  <testcase classname="com.Tests.CommodityGroupTest" name="TC_COM_022_ValidatePromptForDuplicateCommodity" time="36.069"/>
  <testcase classname="com.Tests.CommodityGroupTest" name="TC_COM_023_ValidatePromptOnDeleteFailureDueToDependency" time="22.326"/>
  <testcase classname="com.Tests.CommodityGroupTest" name="TC_COM_024_ValidatePromptOnSuccessfulDelete" time="34.894"/>
  <testcase classname="com.Tests.CommodityGroupTest" name="TC_COM_025_ValidatePromptOnSuccessfulUpdate" time="33.070"/>
  <testcase classname="com.Tests.CommodityGroupTest" name="TC_COM_027_PromptOnMissingMandatoryFields" time="42.737"/>
  <testcase classname="com.Tests.CommodityGroupTest" name="TC_COM_031_ValidateDensityValueAppearsInViewTable" time="34.871"/>
  <testcase classname="com.Tests.CommodityGroupTest" name="TC_COM_032_ResetButtonFunctionalityAfterEdit" time="20.215"/>
  <testcase classname="com.Tests.CommodityGroupTest" name="TC_COM_028_ValidatePromptOnSuccessfulExport" time="18.599"/>
  <testcase classname="com.Tests.CommodityGroupTest" name="TC_COM_030_ImportFileValidationForMissingColumns" time="92.653"/>
  <testcase classname="com.Tests.CommodityGroupTest" name="TC_COM_018_ExportDataPasteValidationPrompt" time="88.562"/>
  <testcase classname="com.Tests.CommodityGroupTest" name="TC_COM_035_UserRightsValidationReadOnly" time="50.745">
    <error message="Expected condition failed: waiting for element to be clickable: By.xpath: //ul[@class=&#039;jstree-children&#039;]/li[3]/ul/descendant::a[2]/i (tried for 25 second(s) with 500 milliseconds interval)
Build info: version: &#039;4.25.0&#039;, revision: &#039;8a8aea2337&#039;
System info: os.name: &#039;Windows 10&#039;, os.arch: &#039;amd64&#039;, os.version: &#039;10.0&#039;, java.version: &#039;23.0.2&#039;
Driver info: org.openqa.selenium.chrome.ChromeDriver
Capabilities {acceptInsecureCerts: false, browserName: chrome, browserVersion: 140.0.7339.81, chrome: {chromedriverVersion: 140.0.7339.82 (bc93617e21c3..., userDataDir: C:\Users\Admin\AppData\Loca...}, fedcm:accounts: true, goog:chromeOptions: {debuggerAddress: localhost:57897}, networkConnectionEnabled: false, pageLoadStrategy: normal, platformName: windows, proxy: Proxy(), se:cdp: ws://localhost:57897/devtoo..., se:cdpVersion: 140.0.7339.81, setWindowRect: true, strictFileInteractability: false, timeouts: {implicit: 0, pageLoad: 300000, script: 30000}, unhandledPromptBehavior: dismiss and notify, webauthn:extension:credBlob: true, webauthn:extension:largeBlob: true, webauthn:extension:minPinLength: true, webauthn:extension:prf: true, webauthn:virtualAuthenticators: true}
Session ID: 21bfcd1a30d9679f28ee7a1bd6018718" type="org.openqa.selenium.TimeoutException">
      <![CDATA[org.openqa.selenium.TimeoutException: Expected condition failed: waiting for element to be clickable: By.xpath: //ul[@class='jstree-children']/li[3]/ul/descendant::a[2]/i (tried for 25 second(s) with 500 milliseconds interval)
Build info: version: '4.25.0', revision: '8a8aea2337'
System info: os.name: 'Windows 10', os.arch: 'amd64', os.version: '10.0', java.version: '23.0.2'
Driver info: org.openqa.selenium.chrome.ChromeDriver
Capabilities {acceptInsecureCerts: false, browserName: chrome, browserVersion: 140.0.7339.81, chrome: {chromedriverVersion: 140.0.7339.82 (bc93617e21c3..., userDataDir: C:\Users\Admin\AppData\Loca...}, fedcm:accounts: true, goog:chromeOptions: {debuggerAddress: localhost:57897}, networkConnectionEnabled: false, pageLoadStrategy: normal, platformName: windows, proxy: Proxy(), se:cdp: ws://localhost:57897/devtoo..., se:cdpVersion: 140.0.7339.81, setWindowRect: true, strictFileInteractability: false, timeouts: {implicit: 0, pageLoad: 300000, script: 30000}, unhandledPromptBehavior: dismiss and notify, webauthn:extension:credBlob: true, webauthn:extension:largeBlob: true, webauthn:extension:minPinLength: true, webauthn:extension:prf: true, webauthn:virtualAuthenticators: true}
Session ID: 21bfcd1a30d9679f28ee7a1bd6018718
at org.openqa.selenium.support.ui.WebDriverWait.timeoutException(WebDriverWait.java:84)
at org.openqa.selenium.support.ui.FluentWait.until(FluentWait.java:228)
at com.helper.Base.clickOnElement(Base.java:230)
at com.Pages.ControlMasterPage.VerifyClickingForUnselectWriteAuthorityForCommodityGroup(ControlMasterPage.java:288)
at com.Tests.CommodityGroupTest.TC_COM_035_UserRightsValidationReadOnly(CommodityGroupTest.java:793)
at java.base/jdk.internal.reflect.DirectMethodHandleAccessor.invoke(DirectMethodHandleAccessor.java:103)
at java.base/java.lang.reflect.Method.invoke(Method.java:580)
at org.testng.internal.invokers.MethodInvocationHelper.invokeMethod(MethodInvocationHelper.java:141)
at org.testng.internal.invokers.TestInvoker.invokeMethod(TestInvoker.java:687)
at org.testng.internal.invokers.TestInvoker.invokeTestMethod(TestInvoker.java:230)
at org.testng.internal.invokers.MethodRunner.runInSequence(MethodRunner.java:63)
at org.testng.internal.invokers.TestInvoker$MethodInvocationAgent.invoke(TestInvoker.java:995)
at org.testng.internal.invokers.TestInvoker.invokeTestMethods(TestInvoker.java:203)
at org.testng.internal.invokers.TestMethodWorker.invokeTestMethods(TestMethodWorker.java:154)
at org.testng.internal.invokers.TestMethodWorker.run(TestMethodWorker.java:134)
at java.base/java.util.ArrayList.forEach(ArrayList.java:1597)
at org.testng.TestRunner.privateRun(TestRunner.java:741)
at org.testng.TestRunner.run(TestRunner.java:616)
at org.testng.SuiteRunner.runTest(SuiteRunner.java:421)
at org.testng.SuiteRunner.runSequentially(SuiteRunner.java:413)
at org.testng.SuiteRunner.privateRun(SuiteRunner.java:373)
at org.testng.SuiteRunner.run(SuiteRunner.java:312)
at org.testng.SuiteRunnerWorker.runSuite(SuiteRunnerWorker.java:52)
at org.testng.SuiteRunnerWorker.run(SuiteRunnerWorker.java:95)
at org.testng.TestNG.runSuitesSequentially(TestNG.java:1274)
at org.testng.TestNG.runSuitesLocally(TestNG.java:1208)
at org.testng.TestNG.runSuites(TestNG.java:1112)
at org.testng.TestNG.run(TestNG.java:1079)
at org.testng.remote.AbstractRemoteTestNG.run(AbstractRemoteTestNG.java:115)
at org.testng.remote.RemoteTestNG.initAndRun(RemoteTestNG.java:293)
at org.testng.remote.RemoteTestNG.main(RemoteTestNG.java:91)
]]>
    </error>
  </testcase> <!-- TC_COM_035_UserRightsValidationReadOnly -->
  <testcase classname="com.Tests.CommodityGroupTest" name="TC_COM_034_SAASAddSameCommodityForDifferentClients">
    <skipped/>
  </testcase> <!-- TC_COM_034_SAASAddSameCommodityForDifferentClients -->
</testsuite> <!-- com.Tests.CommodityGroupTest -->
