<?xml version="1.0" encoding="UTF-8"?>
<!-- Generated by org.testng.reporters.JUnitReportReporter -->
<testsuite hostname="DESKTOP-SMCKNS5" failures="0" tests="34" name="com.Tests.SupplierMasterTest" time="4.451" errors="3" timestamp="2025-12-02T17:03:54 IST" skipped="31">
  <testcase classname="com.Tests.SupplierMasterTest" name="loginGroup" time="1.450">
    <error message="Unresolved compilation problems: 
	Cannot make a static reference to the non-static field driver
	Cannot make a static reference to the non-static field driver
	Cannot make a static reference to the non-static field driver
	Cannot make a static reference to the non-static field driver
	Cannot make a static reference to the non-static field driver
	Cannot make a static reference to the non-static field driver
	Cannot make a static reference to the non-static field driver
	Cannot make a static reference to the non-static field driver
	Cannot make a static reference to the non-static field driver
	Cannot make a static reference to the non-static field driver
	Cannot make a static reference to the non-static field driver
	Cannot make a static reference to the non-static field driver
	Cannot make a static reference to the non-static field driver
	Cannot make a static reference to the non-static field driver
	Cannot make a static reference to the non-static field driver
	Cannot make a static reference to the non-static field driver
	Cannot make a static reference to the non-static field driver
	Cannot make a static reference to the non-static field driver
	Cannot make a static reference to the non-static field driver
	Cannot make a static reference to the non-static field driver
	Cannot make a static reference to the non-static field driver
	Cannot make a static reference to the non-static field driver
	Cannot make a static reference to the non-static field driver
	Cannot make a static reference to the non-static field driver
	Cannot make a static reference to the non-static field driver
	Cannot make a static reference to the non-static field driver
	Cannot make a static reference to the non-static field driver
	Cannot make a static reference to the non-static field driver
	Cannot make a static reference to the non-static field driver
	Cannot make a static reference to the non-static field driver
	Cannot make a static reference to the non-static field driver
	Cannot make a static reference to the non-static field driver
	Cannot make a static reference to the non-static field driver
	Cannot make a static reference to the non-static field driver
	Cannot make a static reference to the non-static field driver
	Cannot make a static reference to the non-static field driver
	Cannot make a static reference to the non-static field driver
	Cannot make a static reference to the non-static field driver
	Cannot make a static reference to the non-static field driver
	Cannot make a static reference to the non-static field driver
	Cannot make a static reference to the non-static field driver
	Cannot make a static reference to the non-static field driver
	Cannot make a static reference to the non-static field driver
	Cannot make a static reference to the non-static field driver
	Cannot make a static reference to the non-static field driver
	Cannot make a static reference to the non-static field driver
	Cannot make a static reference to the non-static field driver
	Cannot make a static reference to the non-static field driver
	Cannot make a static reference to the non-static field driver
	Cannot make a static reference to the non-static field driver
	Cannot make a static reference to the non-static field driver
	Cannot make a static reference to the non-static field driver
	Cannot make a static reference to the non-static field driver
	Cannot make a static reference to the non-static field driver
	Cannot make a static reference to the non-static field driver
	Cannot make a static reference to the non-static field driver
	Cannot make a static reference to the non-static field driver
	Cannot make a static reference to the non-static field driver
	Cannot make a static reference to the non-static field driver
	Cannot make a static reference to the non-static field driver
	Cannot make a static reference to the non-static field driver
	Cannot make a static reference to the non-static field driver
	Cannot make a static reference to the non-static field driver
	Cannot make a static reference to the non-static field driver
	Cannot make a static reference to the non-static field driver
	Cannot make a static reference to the non-static field driver
	Cannot make a static reference to the non-static field driver
	Cannot make a static reference to the non-static field driver
	Cannot make a static reference to the non-static field driver
	Cannot make a static reference to the non-static field driver
	Cannot make a static reference to the non-static field driver
	Cannot make a static reference to the non-static field driver
	Cannot make a static reference to the non-static field driver
	Cannot make a static reference to the non-static field Base.driver
	Cannot make a static reference to the non-static field driver
	Cannot make a static reference to the non-static field driver
	Cannot make a static reference to the non-static field driver
	Cannot make a static reference to the non-static field driver
	Cannot make a static reference to the non-static field driver
	Cannot make a static reference to the non-static field driver
	Cannot make a static reference to the non-static field driver
	Cannot make a static reference to the non-static field driver
	Cannot make a static reference to the non-static field driver
	Cannot make a static reference to the non-static field driver
	Cannot make a static reference to the non-static field driver
	Cannot make a static reference to the non-static field driver
	Cannot make a static reference to the non-static field driver
	Cannot make a static reference to the non-static field driver
	Cannot make a static reference to the non-static field driver
	Cannot make a static reference to the non-static field driver
	Cannot make a static reference to the non-static field driver
	Cannot make a static reference to the non-static field driver
	Cannot make a static reference to the non-static field driver
	Cannot make a static reference to the non-static field Base.driver
	Cannot make a static reference to the non-static field driver
	Cannot make a static reference to the non-static field driver
	Cannot make a static reference to the non-static field driver
	Cannot make a static reference to the non-static field Base.driver
	Cannot make a static reference to the non-static field Base.driver
	Cannot make a static reference to the non-static field driver
" type="java.lang.Error">
      <![CDATA[java.lang.Error: Unresolved compilation problems: 
Cannot make a static reference to the non-static field driver
Cannot make a static reference to the non-static field driver
Cannot make a static reference to the non-static field driver
Cannot make a static reference to the non-static field driver
Cannot make a static reference to the non-static field driver
Cannot make a static reference to the non-static field driver
Cannot make a static reference to the non-static field driver
Cannot make a static reference to the non-static field driver
Cannot make a static reference to the non-static field driver
Cannot make a static reference to the non-static field driver
Cannot make a static reference to the non-static field driver
Cannot make a static reference to the non-static field driver
Cannot make a static reference to the non-static field driver
Cannot make a static reference to the non-static field driver
Cannot make a static reference to the non-static field driver
Cannot make a static reference to the non-static field driver
Cannot make a static reference to the non-static field driver
Cannot make a static reference to the non-static field driver
Cannot make a static reference to the non-static field driver
Cannot make a static reference to the non-static field driver
Cannot make a static reference to the non-static field driver
Cannot make a static reference to the non-static field driver
Cannot make a static reference to the non-static field driver
Cannot make a static reference to the non-static field driver
Cannot make a static reference to the non-static field driver
Cannot make a static reference to the non-static field driver
Cannot make a static reference to the non-static field driver
Cannot make a static reference to the non-static field driver
Cannot make a static reference to the non-static field driver
Cannot make a static reference to the non-static field driver
Cannot make a static reference to the non-static field driver
Cannot make a static reference to the non-static field driver
Cannot make a static reference to the non-static field driver
Cannot make a static reference to the non-static field driver
Cannot make a static reference to the non-static field driver
Cannot make a static reference to the non-static field driver
Cannot make a static reference to the non-static field driver
Cannot make a static reference to the non-static field driver
Cannot make a static reference to the non-static field driver
Cannot make a static reference to the non-static field driver
Cannot make a static reference to the non-static field driver
Cannot make a static reference to the non-static field driver
Cannot make a static reference to the non-static field driver
Cannot make a static reference to the non-static field driver
Cannot make a static reference to the non-static field driver
Cannot make a static reference to the non-static field driver
Cannot make a static reference to the non-static field driver
Cannot make a static reference to the non-static field driver
Cannot make a static reference to the non-static field driver
Cannot make a static reference to the non-static field driver
Cannot make a static reference to the non-static field driver
Cannot make a static reference to the non-static field driver
Cannot make a static reference to the non-static field driver
Cannot make a static reference to the non-static field driver
Cannot make a static reference to the non-static field driver
Cannot make a static reference to the non-static field driver
Cannot make a static reference to the non-static field driver
Cannot make a static reference to the non-static field driver
Cannot make a static reference to the non-static field driver
Cannot make a static reference to the non-static field driver
Cannot make a static reference to the non-static field driver
Cannot make a static reference to the non-static field driver
Cannot make a static reference to the non-static field driver
Cannot make a static reference to the non-static field driver
Cannot make a static reference to the non-static field driver
Cannot make a static reference to the non-static field driver
Cannot make a static reference to the non-static field driver
Cannot make a static reference to the non-static field driver
Cannot make a static reference to the non-static field driver
Cannot make a static reference to the non-static field driver
Cannot make a static reference to the non-static field driver
Cannot make a static reference to the non-static field driver
Cannot make a static reference to the non-static field driver
Cannot make a static reference to the non-static field Base.driver
Cannot make a static reference to the non-static field driver
Cannot make a static reference to the non-static field driver
Cannot make a static reference to the non-static field driver
Cannot make a static reference to the non-static field driver
Cannot make a static reference to the non-static field driver
Cannot make a static reference to the non-static field driver
Cannot make a static reference to the non-static field driver
Cannot make a static reference to the non-static field driver
Cannot make a static reference to the non-static field driver
Cannot make a static reference to the non-static field driver
Cannot make a static reference to the non-static field driver
Cannot make a static reference to the non-static field driver
Cannot make a static reference to the non-static field driver
Cannot make a static reference to the non-static field driver
Cannot make a static reference to the non-static field driver
Cannot make a static reference to the non-static field driver
Cannot make a static reference to the non-static field driver
Cannot make a static reference to the non-static field driver
Cannot make a static reference to the non-static field driver
Cannot make a static reference to the non-static field Base.driver
Cannot make a static reference to the non-static field driver
Cannot make a static reference to the non-static field driver
Cannot make a static reference to the non-static field driver
Cannot make a static reference to the non-static field Base.driver
Cannot make a static reference to the non-static field Base.driver
Cannot make a static reference to the non-static field driver

at quickTestPointMasterPage.QuickMasterPage.<init>(QuickMasterPage.java:80)
at com.Tests.SupplierMasterTest.loginGroup(SupplierMasterTest.java:57)
at java.base/jdk.internal.reflect.DirectMethodHandleAccessor.invoke(DirectMethodHandleAccessor.java:103)
at java.base/java.lang.reflect.Method.invoke(Method.java:580)
at org.testng.internal.invokers.MethodInvocationHelper.invokeMethod(MethodInvocationHelper.java:141)
at org.testng.internal.invokers.MethodInvocationHelper.invokeMethodConsideringTimeout(MethodInvocationHelper.java:71)
at org.testng.internal.invokers.ConfigInvoker.invokeConfigurationMethod(ConfigInvoker.java:400)
at org.testng.internal.invokers.ConfigInvoker.invokeConfigurations(ConfigInvoker.java:333)
at org.testng.internal.invokers.ConfigInvoker.invokeBeforeGroupsConfigurations(ConfigInvoker.java:183)
at org.testng.internal.invokers.TestInvoker.invokeMethod(TestInvoker.java:596)
at org.testng.internal.invokers.TestInvoker.invokeTestMethod(TestInvoker.java:230)
at org.testng.internal.invokers.MethodRunner.runInSequence(MethodRunner.java:63)
at org.testng.internal.invokers.TestInvoker$MethodInvocationAgent.invoke(TestInvoker.java:995)
at org.testng.internal.invokers.TestInvoker.invokeTestMethods(TestInvoker.java:203)
at org.testng.internal.invokers.TestMethodWorker.invokeTestMethods(TestMethodWorker.java:154)
at org.testng.internal.invokers.TestMethodWorker.run(TestMethodWorker.java:134)
at java.base/java.util.concurrent.Executors$RunnableAdapter.call(Executors.java:572)
at java.base/java.util.concurrent.FutureTask.run(FutureTask.java:317)
at org.testng.internal.thread.graph.TestNGFutureTask.run(TestNGFutureTask.java:22)
at java.base/java.util.concurrent.ThreadPoolExecutor.runWorker(ThreadPoolExecutor.java:1144)
at java.base/java.util.concurrent.ThreadPoolExecutor$Worker.run(ThreadPoolExecutor.java:642)
at java.base/java.lang.Thread.run(Thread.java:1583)
]]>
    </error>
  </testcase> <!-- loginGroup -->
  <testcase classname="com.Tests.SupplierMasterTest" name="loginGroup" time="1.450">
    <error message="Unresolved compilation problems: 
	Cannot make a static reference to the non-static field driver
	Cannot make a static reference to the non-static field driver
	Cannot make a static reference to the non-static field driver
	Cannot make a static reference to the non-static field driver
	Cannot make a static reference to the non-static field driver
	Cannot make a static reference to the non-static field driver
	Cannot make a static reference to the non-static field driver
	Cannot make a static reference to the non-static field driver
	Cannot make a static reference to the non-static field driver
	Cannot make a static reference to the non-static field driver
	Cannot make a static reference to the non-static field driver
	Cannot make a static reference to the non-static field driver
	Cannot make a static reference to the non-static field driver
	Cannot make a static reference to the non-static field driver
	Cannot make a static reference to the non-static field driver
	Cannot make a static reference to the non-static field driver
	Cannot make a static reference to the non-static field driver
	Cannot make a static reference to the non-static field driver
	Cannot make a static reference to the non-static field driver
	Cannot make a static reference to the non-static field driver
	Cannot make a static reference to the non-static field driver
	Cannot make a static reference to the non-static field driver
	Cannot make a static reference to the non-static field driver
	Cannot make a static reference to the non-static field driver
	Cannot make a static reference to the non-static field driver
	Cannot make a static reference to the non-static field driver
	Cannot make a static reference to the non-static field driver
	Cannot make a static reference to the non-static field driver
	Cannot make a static reference to the non-static field driver
	Cannot make a static reference to the non-static field driver
	Cannot make a static reference to the non-static field driver
	Cannot make a static reference to the non-static field driver
	Cannot make a static reference to the non-static field driver
	Cannot make a static reference to the non-static field driver
	Cannot make a static reference to the non-static field driver
	Cannot make a static reference to the non-static field driver
	Cannot make a static reference to the non-static field driver
	Cannot make a static reference to the non-static field driver
	Cannot make a static reference to the non-static field driver
	Cannot make a static reference to the non-static field driver
	Cannot make a static reference to the non-static field driver
	Cannot make a static reference to the non-static field driver
	Cannot make a static reference to the non-static field driver
	Cannot make a static reference to the non-static field driver
	Cannot make a static reference to the non-static field driver
	Cannot make a static reference to the non-static field driver
	Cannot make a static reference to the non-static field driver
	Cannot make a static reference to the non-static field driver
	Cannot make a static reference to the non-static field driver
	Cannot make a static reference to the non-static field driver
	Cannot make a static reference to the non-static field driver
	Cannot make a static reference to the non-static field driver
	Cannot make a static reference to the non-static field driver
	Cannot make a static reference to the non-static field driver
	Cannot make a static reference to the non-static field driver
	Cannot make a static reference to the non-static field driver
	Cannot make a static reference to the non-static field driver
	Cannot make a static reference to the non-static field driver
	Cannot make a static reference to the non-static field driver
	Cannot make a static reference to the non-static field driver
	Cannot make a static reference to the non-static field driver
	Cannot make a static reference to the non-static field driver
	Cannot make a static reference to the non-static field driver
	Cannot make a static reference to the non-static field driver
	Cannot make a static reference to the non-static field driver
	Cannot make a static reference to the non-static field driver
	Cannot make a static reference to the non-static field driver
	Cannot make a static reference to the non-static field driver
	Cannot make a static reference to the non-static field driver
	Cannot make a static reference to the non-static field driver
	Cannot make a static reference to the non-static field driver
	Cannot make a static reference to the non-static field driver
	Cannot make a static reference to the non-static field driver
	Cannot make a static reference to the non-static field Base.driver
	Cannot make a static reference to the non-static field driver
	Cannot make a static reference to the non-static field driver
	Cannot make a static reference to the non-static field driver
	Cannot make a static reference to the non-static field driver
	Cannot make a static reference to the non-static field driver
	Cannot make a static reference to the non-static field driver
	Cannot make a static reference to the non-static field driver
	Cannot make a static reference to the non-static field driver
	Cannot make a static reference to the non-static field driver
	Cannot make a static reference to the non-static field driver
	Cannot make a static reference to the non-static field driver
	Cannot make a static reference to the non-static field driver
	Cannot make a static reference to the non-static field driver
	Cannot make a static reference to the non-static field driver
	Cannot make a static reference to the non-static field driver
	Cannot make a static reference to the non-static field driver
	Cannot make a static reference to the non-static field driver
	Cannot make a static reference to the non-static field driver
	Cannot make a static reference to the non-static field driver
	Cannot make a static reference to the non-static field Base.driver
	Cannot make a static reference to the non-static field driver
	Cannot make a static reference to the non-static field driver
	Cannot make a static reference to the non-static field driver
	Cannot make a static reference to the non-static field Base.driver
	Cannot make a static reference to the non-static field Base.driver
	Cannot make a static reference to the non-static field driver
" type="java.lang.Error">
      <![CDATA[java.lang.Error: Unresolved compilation problems: 
Cannot make a static reference to the non-static field driver
Cannot make a static reference to the non-static field driver
Cannot make a static reference to the non-static field driver
Cannot make a static reference to the non-static field driver
Cannot make a static reference to the non-static field driver
Cannot make a static reference to the non-static field driver
Cannot make a static reference to the non-static field driver
Cannot make a static reference to the non-static field driver
Cannot make a static reference to the non-static field driver
Cannot make a static reference to the non-static field driver
Cannot make a static reference to the non-static field driver
Cannot make a static reference to the non-static field driver
Cannot make a static reference to the non-static field driver
Cannot make a static reference to the non-static field driver
Cannot make a static reference to the non-static field driver
Cannot make a static reference to the non-static field driver
Cannot make a static reference to the non-static field driver
Cannot make a static reference to the non-static field driver
Cannot make a static reference to the non-static field driver
Cannot make a static reference to the non-static field driver
Cannot make a static reference to the non-static field driver
Cannot make a static reference to the non-static field driver
Cannot make a static reference to the non-static field driver
Cannot make a static reference to the non-static field driver
Cannot make a static reference to the non-static field driver
Cannot make a static reference to the non-static field driver
Cannot make a static reference to the non-static field driver
Cannot make a static reference to the non-static field driver
Cannot make a static reference to the non-static field driver
Cannot make a static reference to the non-static field driver
Cannot make a static reference to the non-static field driver
Cannot make a static reference to the non-static field driver
Cannot make a static reference to the non-static field driver
Cannot make a static reference to the non-static field driver
Cannot make a static reference to the non-static field driver
Cannot make a static reference to the non-static field driver
Cannot make a static reference to the non-static field driver
Cannot make a static reference to the non-static field driver
Cannot make a static reference to the non-static field driver
Cannot make a static reference to the non-static field driver
Cannot make a static reference to the non-static field driver
Cannot make a static reference to the non-static field driver
Cannot make a static reference to the non-static field driver
Cannot make a static reference to the non-static field driver
Cannot make a static reference to the non-static field driver
Cannot make a static reference to the non-static field driver
Cannot make a static reference to the non-static field driver
Cannot make a static reference to the non-static field driver
Cannot make a static reference to the non-static field driver
Cannot make a static reference to the non-static field driver
Cannot make a static reference to the non-static field driver
Cannot make a static reference to the non-static field driver
Cannot make a static reference to the non-static field driver
Cannot make a static reference to the non-static field driver
Cannot make a static reference to the non-static field driver
Cannot make a static reference to the non-static field driver
Cannot make a static reference to the non-static field driver
Cannot make a static reference to the non-static field driver
Cannot make a static reference to the non-static field driver
Cannot make a static reference to the non-static field driver
Cannot make a static reference to the non-static field driver
Cannot make a static reference to the non-static field driver
Cannot make a static reference to the non-static field driver
Cannot make a static reference to the non-static field driver
Cannot make a static reference to the non-static field driver
Cannot make a static reference to the non-static field driver
Cannot make a static reference to the non-static field driver
Cannot make a static reference to the non-static field driver
Cannot make a static reference to the non-static field driver
Cannot make a static reference to the non-static field driver
Cannot make a static reference to the non-static field driver
Cannot make a static reference to the non-static field driver
Cannot make a static reference to the non-static field driver
Cannot make a static reference to the non-static field Base.driver
Cannot make a static reference to the non-static field driver
Cannot make a static reference to the non-static field driver
Cannot make a static reference to the non-static field driver
Cannot make a static reference to the non-static field driver
Cannot make a static reference to the non-static field driver
Cannot make a static reference to the non-static field driver
Cannot make a static reference to the non-static field driver
Cannot make a static reference to the non-static field driver
Cannot make a static reference to the non-static field driver
Cannot make a static reference to the non-static field driver
Cannot make a static reference to the non-static field driver
Cannot make a static reference to the non-static field driver
Cannot make a static reference to the non-static field driver
Cannot make a static reference to the non-static field driver
Cannot make a static reference to the non-static field driver
Cannot make a static reference to the non-static field driver
Cannot make a static reference to the non-static field driver
Cannot make a static reference to the non-static field driver
Cannot make a static reference to the non-static field driver
Cannot make a static reference to the non-static field Base.driver
Cannot make a static reference to the non-static field driver
Cannot make a static reference to the non-static field driver
Cannot make a static reference to the non-static field driver
Cannot make a static reference to the non-static field Base.driver
Cannot make a static reference to the non-static field Base.driver
Cannot make a static reference to the non-static field driver

at quickTestPointMasterPage.QuickMasterPage.<init>(QuickMasterPage.java:80)
at com.Tests.SupplierMasterTest.loginGroup(SupplierMasterTest.java:57)
at java.base/jdk.internal.reflect.DirectMethodHandleAccessor.invoke(DirectMethodHandleAccessor.java:103)
at java.base/java.lang.reflect.Method.invoke(Method.java:580)
at org.testng.internal.invokers.MethodInvocationHelper.invokeMethod(MethodInvocationHelper.java:141)
at org.testng.internal.invokers.MethodInvocationHelper.invokeMethodConsideringTimeout(MethodInvocationHelper.java:71)
at org.testng.internal.invokers.ConfigInvoker.invokeConfigurationMethod(ConfigInvoker.java:400)
at org.testng.internal.invokers.ConfigInvoker.invokeConfigurations(ConfigInvoker.java:333)
at org.testng.internal.invokers.ConfigInvoker.invokeBeforeGroupsConfigurations(ConfigInvoker.java:183)
at org.testng.internal.invokers.TestInvoker.invokeMethod(TestInvoker.java:596)
at org.testng.internal.invokers.TestInvoker.invokeTestMethod(TestInvoker.java:230)
at org.testng.internal.invokers.MethodRunner.runInSequence(MethodRunner.java:63)
at org.testng.internal.invokers.TestInvoker$MethodInvocationAgent.invoke(TestInvoker.java:995)
at org.testng.internal.invokers.TestInvoker.invokeTestMethods(TestInvoker.java:203)
at org.testng.internal.invokers.TestMethodWorker.invokeTestMethods(TestMethodWorker.java:154)
at org.testng.internal.invokers.TestMethodWorker.run(TestMethodWorker.java:134)
at java.base/java.util.concurrent.Executors$RunnableAdapter.call(Executors.java:572)
at java.base/java.util.concurrent.FutureTask.run(FutureTask.java:317)
at org.testng.internal.thread.graph.TestNGFutureTask.run(TestNGFutureTask.java:22)
at java.base/java.util.concurrent.ThreadPoolExecutor.runWorker(ThreadPoolExecutor.java:1144)
at java.base/java.util.concurrent.ThreadPoolExecutor$Worker.run(ThreadPoolExecutor.java:642)
at java.base/java.lang.Thread.run(Thread.java:1583)
]]>
    </error>
  </testcase> <!-- loginGroup -->
  <testcase classname="com.Tests.SupplierMasterTest" name="loginGroup" time="1.453">
    <error message="Unresolved compilation problems: 
	Cannot make a static reference to the non-static field driver
	Cannot make a static reference to the non-static field driver
	Cannot make a static reference to the non-static field driver
	Cannot make a static reference to the non-static field driver
	Cannot make a static reference to the non-static field driver
	Cannot make a static reference to the non-static field driver
	Cannot make a static reference to the non-static field driver
	Cannot make a static reference to the non-static field driver
	Cannot make a static reference to the non-static field driver
	Cannot make a static reference to the non-static field driver
	Cannot make a static reference to the non-static field driver
	Cannot make a static reference to the non-static field driver
	Cannot make a static reference to the non-static field driver
	Cannot make a static reference to the non-static field driver
	Cannot make a static reference to the non-static field driver
	Cannot make a static reference to the non-static field driver
	Cannot make a static reference to the non-static field driver
	Cannot make a static reference to the non-static field driver
	Cannot make a static reference to the non-static field driver
	Cannot make a static reference to the non-static field driver
	Cannot make a static reference to the non-static field driver
	Cannot make a static reference to the non-static field driver
	Cannot make a static reference to the non-static field driver
	Cannot make a static reference to the non-static field driver
	Cannot make a static reference to the non-static field driver
	Cannot make a static reference to the non-static field driver
	Cannot make a static reference to the non-static field driver
	Cannot make a static reference to the non-static field driver
	Cannot make a static reference to the non-static field driver
	Cannot make a static reference to the non-static field driver
	Cannot make a static reference to the non-static field driver
	Cannot make a static reference to the non-static field driver
	Cannot make a static reference to the non-static field driver
	Cannot make a static reference to the non-static field driver
	Cannot make a static reference to the non-static field driver
	Cannot make a static reference to the non-static field driver
	Cannot make a static reference to the non-static field driver
	Cannot make a static reference to the non-static field driver
	Cannot make a static reference to the non-static field driver
	Cannot make a static reference to the non-static field driver
	Cannot make a static reference to the non-static field driver
	Cannot make a static reference to the non-static field driver
	Cannot make a static reference to the non-static field driver
	Cannot make a static reference to the non-static field driver
	Cannot make a static reference to the non-static field driver
	Cannot make a static reference to the non-static field driver
	Cannot make a static reference to the non-static field driver
	Cannot make a static reference to the non-static field driver
	Cannot make a static reference to the non-static field driver
	Cannot make a static reference to the non-static field driver
	Cannot make a static reference to the non-static field driver
	Cannot make a static reference to the non-static field driver
	Cannot make a static reference to the non-static field driver
	Cannot make a static reference to the non-static field driver
	Cannot make a static reference to the non-static field driver
	Cannot make a static reference to the non-static field driver
	Cannot make a static reference to the non-static field driver
	Cannot make a static reference to the non-static field driver
	Cannot make a static reference to the non-static field driver
	Cannot make a static reference to the non-static field driver
	Cannot make a static reference to the non-static field driver
	Cannot make a static reference to the non-static field driver
	Cannot make a static reference to the non-static field driver
	Cannot make a static reference to the non-static field driver
	Cannot make a static reference to the non-static field driver
	Cannot make a static reference to the non-static field driver
	Cannot make a static reference to the non-static field driver
	Cannot make a static reference to the non-static field driver
	Cannot make a static reference to the non-static field driver
	Cannot make a static reference to the non-static field driver
	Cannot make a static reference to the non-static field driver
	Cannot make a static reference to the non-static field driver
	Cannot make a static reference to the non-static field driver
	Cannot make a static reference to the non-static field Base.driver
	Cannot make a static reference to the non-static field driver
	Cannot make a static reference to the non-static field driver
	Cannot make a static reference to the non-static field driver
	Cannot make a static reference to the non-static field driver
	Cannot make a static reference to the non-static field driver
	Cannot make a static reference to the non-static field driver
	Cannot make a static reference to the non-static field driver
	Cannot make a static reference to the non-static field driver
	Cannot make a static reference to the non-static field driver
	Cannot make a static reference to the non-static field driver
	Cannot make a static reference to the non-static field driver
	Cannot make a static reference to the non-static field driver
	Cannot make a static reference to the non-static field driver
	Cannot make a static reference to the non-static field driver
	Cannot make a static reference to the non-static field driver
	Cannot make a static reference to the non-static field driver
	Cannot make a static reference to the non-static field driver
	Cannot make a static reference to the non-static field driver
	Cannot make a static reference to the non-static field driver
	Cannot make a static reference to the non-static field Base.driver
	Cannot make a static reference to the non-static field driver
	Cannot make a static reference to the non-static field driver
	Cannot make a static reference to the non-static field driver
	Cannot make a static reference to the non-static field Base.driver
	Cannot make a static reference to the non-static field Base.driver
	Cannot make a static reference to the non-static field driver
" type="java.lang.Error">
      <![CDATA[java.lang.Error: Unresolved compilation problems: 
Cannot make a static reference to the non-static field driver
Cannot make a static reference to the non-static field driver
Cannot make a static reference to the non-static field driver
Cannot make a static reference to the non-static field driver
Cannot make a static reference to the non-static field driver
Cannot make a static reference to the non-static field driver
Cannot make a static reference to the non-static field driver
Cannot make a static reference to the non-static field driver
Cannot make a static reference to the non-static field driver
Cannot make a static reference to the non-static field driver
Cannot make a static reference to the non-static field driver
Cannot make a static reference to the non-static field driver
Cannot make a static reference to the non-static field driver
Cannot make a static reference to the non-static field driver
Cannot make a static reference to the non-static field driver
Cannot make a static reference to the non-static field driver
Cannot make a static reference to the non-static field driver
Cannot make a static reference to the non-static field driver
Cannot make a static reference to the non-static field driver
Cannot make a static reference to the non-static field driver
Cannot make a static reference to the non-static field driver
Cannot make a static reference to the non-static field driver
Cannot make a static reference to the non-static field driver
Cannot make a static reference to the non-static field driver
Cannot make a static reference to the non-static field driver
Cannot make a static reference to the non-static field driver
Cannot make a static reference to the non-static field driver
Cannot make a static reference to the non-static field driver
Cannot make a static reference to the non-static field driver
Cannot make a static reference to the non-static field driver
Cannot make a static reference to the non-static field driver
Cannot make a static reference to the non-static field driver
Cannot make a static reference to the non-static field driver
Cannot make a static reference to the non-static field driver
Cannot make a static reference to the non-static field driver
Cannot make a static reference to the non-static field driver
Cannot make a static reference to the non-static field driver
Cannot make a static reference to the non-static field driver
Cannot make a static reference to the non-static field driver
Cannot make a static reference to the non-static field driver
Cannot make a static reference to the non-static field driver
Cannot make a static reference to the non-static field driver
Cannot make a static reference to the non-static field driver
Cannot make a static reference to the non-static field driver
Cannot make a static reference to the non-static field driver
Cannot make a static reference to the non-static field driver
Cannot make a static reference to the non-static field driver
Cannot make a static reference to the non-static field driver
Cannot make a static reference to the non-static field driver
Cannot make a static reference to the non-static field driver
Cannot make a static reference to the non-static field driver
Cannot make a static reference to the non-static field driver
Cannot make a static reference to the non-static field driver
Cannot make a static reference to the non-static field driver
Cannot make a static reference to the non-static field driver
Cannot make a static reference to the non-static field driver
Cannot make a static reference to the non-static field driver
Cannot make a static reference to the non-static field driver
Cannot make a static reference to the non-static field driver
Cannot make a static reference to the non-static field driver
Cannot make a static reference to the non-static field driver
Cannot make a static reference to the non-static field driver
Cannot make a static reference to the non-static field driver
Cannot make a static reference to the non-static field driver
Cannot make a static reference to the non-static field driver
Cannot make a static reference to the non-static field driver
Cannot make a static reference to the non-static field driver
Cannot make a static reference to the non-static field driver
Cannot make a static reference to the non-static field driver
Cannot make a static reference to the non-static field driver
Cannot make a static reference to the non-static field driver
Cannot make a static reference to the non-static field driver
Cannot make a static reference to the non-static field driver
Cannot make a static reference to the non-static field Base.driver
Cannot make a static reference to the non-static field driver
Cannot make a static reference to the non-static field driver
Cannot make a static reference to the non-static field driver
Cannot make a static reference to the non-static field driver
Cannot make a static reference to the non-static field driver
Cannot make a static reference to the non-static field driver
Cannot make a static reference to the non-static field driver
Cannot make a static reference to the non-static field driver
Cannot make a static reference to the non-static field driver
Cannot make a static reference to the non-static field driver
Cannot make a static reference to the non-static field driver
Cannot make a static reference to the non-static field driver
Cannot make a static reference to the non-static field driver
Cannot make a static reference to the non-static field driver
Cannot make a static reference to the non-static field driver
Cannot make a static reference to the non-static field driver
Cannot make a static reference to the non-static field driver
Cannot make a static reference to the non-static field driver
Cannot make a static reference to the non-static field driver
Cannot make a static reference to the non-static field Base.driver
Cannot make a static reference to the non-static field driver
Cannot make a static reference to the non-static field driver
Cannot make a static reference to the non-static field driver
Cannot make a static reference to the non-static field Base.driver
Cannot make a static reference to the non-static field Base.driver
Cannot make a static reference to the non-static field driver

at quickTestPointMasterPage.QuickMasterPage.<init>(QuickMasterPage.java:80)
at com.Tests.SupplierMasterTest.loginGroup(SupplierMasterTest.java:57)
at java.base/jdk.internal.reflect.DirectMethodHandleAccessor.invoke(DirectMethodHandleAccessor.java:103)
at java.base/java.lang.reflect.Method.invoke(Method.java:580)
at org.testng.internal.invokers.MethodInvocationHelper.invokeMethod(MethodInvocationHelper.java:141)
at org.testng.internal.invokers.MethodInvocationHelper.invokeMethodConsideringTimeout(MethodInvocationHelper.java:71)
at org.testng.internal.invokers.ConfigInvoker.invokeConfigurationMethod(ConfigInvoker.java:400)
at org.testng.internal.invokers.ConfigInvoker.invokeConfigurations(ConfigInvoker.java:333)
at org.testng.internal.invokers.ConfigInvoker.invokeBeforeGroupsConfigurations(ConfigInvoker.java:183)
at org.testng.internal.invokers.TestInvoker.invokeMethod(TestInvoker.java:596)
at org.testng.internal.invokers.TestInvoker.invokeTestMethod(TestInvoker.java:230)
at org.testng.internal.invokers.MethodRunner.runInSequence(MethodRunner.java:63)
at org.testng.internal.invokers.TestInvoker$MethodInvocationAgent.invoke(TestInvoker.java:995)
at org.testng.internal.invokers.TestInvoker.invokeTestMethods(TestInvoker.java:203)
at org.testng.internal.invokers.TestMethodWorker.invokeTestMethods(TestMethodWorker.java:154)
at org.testng.internal.invokers.TestMethodWorker.run(TestMethodWorker.java:134)
at java.base/java.util.concurrent.Executors$RunnableAdapter.call(Executors.java:572)
at java.base/java.util.concurrent.FutureTask.run(FutureTask.java:317)
at org.testng.internal.thread.graph.TestNGFutureTask.run(TestNGFutureTask.java:22)
at java.base/java.util.concurrent.ThreadPoolExecutor.runWorker(ThreadPoolExecutor.java:1144)
at java.base/java.util.concurrent.ThreadPoolExecutor$Worker.run(ThreadPoolExecutor.java:642)
at java.base/java.lang.Thread.run(Thread.java:1583)
]]>
    </error>
  </testcase> <!-- loginGroup -->
  <testcase classname="com.Tests.SupplierMasterTest" name="verifyEnterDataWithBusinessDomain" time="0.002">
    <skipped/>
  </testcase> <!-- verifyEnterDataWithBusinessDomain -->
  <testcase classname="com.Tests.SupplierMasterTest" name="verifyEnterDataWithBusinesssegment" time="0.004">
    <skipped/>
  </testcase> <!-- verifyEnterDataWithBusinesssegment -->
  <testcase classname="com.Tests.SupplierMasterTest" name="verifyDuplicateDataWithBusinessBomainissavedornot" time="0.004">
    <skipped/>
  </testcase> <!-- verifyDuplicateDataWithBusinessBomainissavedornot -->
  <testcase classname="com.Tests.SupplierMasterTest" name="verifyDuplicateDataWithBusinessSegmentSavedOrNot" time="0.003">
    <skipped/>
  </testcase> <!-- verifyDuplicateDataWithBusinessSegmentSavedOrNot -->
  <testcase classname="com.Tests.SupplierMasterTest" name="verifyEditButtonIsWorkingOrNotWithBusinessDomain" time="0.005">
    <skipped/>
  </testcase> <!-- verifyEditButtonIsWorkingOrNotWithBusinessDomain -->
  <testcase classname="com.Tests.SupplierMasterTest" name="verifyBusinessDomainSegmentLengthtable" time="0.002">
    <skipped/>
  </testcase> <!-- verifyBusinessDomainSegmentLengthtable -->
  <testcase classname="com.Tests.SupplierMasterTest" name="verifyBusinessDomainSegmentLengthFOrFifty" time="0.004">
    <skipped/>
  </testcase> <!-- verifyBusinessDomainSegmentLengthFOrFifty -->
  <testcase classname="com.Tests.SupplierMasterTest" name="verifyBusinessDomainSegmentLengthFOrSeventyFive" time="0.004">
    <skipped/>
  </testcase> <!-- verifyBusinessDomainSegmentLengthFOrSeventyFive -->
  <testcase classname="com.Tests.SupplierMasterTest" name="verifyNextButtonIsClickableOrNot" time="0.001">
    <skipped/>
  </testcase> <!-- verifyNextButtonIsClickableOrNot -->
  <testcase classname="com.Tests.SupplierMasterTest" name="verifyCostingCouldNotDeleteWithBusinessDOmain" time="0.000">
    <skipped/>
  </testcase> <!-- verifyCostingCouldNotDeleteWithBusinessDOmain -->
  <testcase classname="com.Tests.SupplierMasterTest" name="verifySaveDataWithInvalidEmailIdInCostingShouldNotBeSaved" time="0.006">
    <skipped/>
  </testcase> <!-- verifySaveDataWithInvalidEmailIdInCostingShouldNotBeSaved -->
  <testcase classname="com.Tests.SupplierMasterTest" name="verifyUserDataSaveAsItIsInSupplierListOrNot" time="0.003">
    <skipped/>
  </testcase> <!-- verifyUserDataSaveAsItIsInSupplierListOrNot -->
  <testcase classname="com.Tests.SupplierMasterTest" name="VerifyPlaceholderNameIsVisibleOrnotWithoutAnyEntryForSupplierName" time="0.003">
    <skipped/>
  </testcase> <!-- VerifyPlaceholderNameIsVisibleOrnotWithoutAnyEntryForSupplierName -->
  <testcase classname="com.Tests.SupplierMasterTest" name="VerifyPlaceholderNameIsVisibleOrnotWithoutAnyEntryForSupplierLocation" time="0.002">
    <skipped/>
  </testcase> <!-- VerifyPlaceholderNameIsVisibleOrnotWithoutAnyEntryForSupplierLocation -->
  <testcase classname="com.Tests.SupplierMasterTest" name="VerifyPlaceholderNameIsVisibleOrnotWithoutAnyEntry" time="0.005">
    <skipped/>
  </testcase> <!-- VerifyPlaceholderNameIsVisibleOrnotWithoutAnyEntry -->
  <testcase classname="com.Tests.SupplierMasterTest" name="VerifyEditAndRestButtonToCheckNewEntriesAreSavedOrNot" time="0.004">
    <skipped/>
  </testcase> <!-- VerifyEditAndRestButtonToCheckNewEntriesAreSavedOrNot -->
  <testcase classname="com.Tests.SupplierMasterTest" name="verifyAfterClickingEditButtonAllDataEnterASWellInParticularBoxOrNot" time="0.001">
    <skipped/>
  </testcase> <!-- verifyAfterClickingEditButtonAllDataEnterASWellInParticularBoxOrNot -->
  <testcase classname="com.Tests.SupplierMasterTest" name="VerifyPopMessageForSpecialCharacterInSupplierCode" time="0.002">
    <skipped/>
  </testcase> <!-- VerifyPopMessageForSpecialCharacterInSupplierCode -->
  <testcase classname="com.Tests.SupplierMasterTest" name="verifyLengthTableInSupplierPage" time="0.001">
    <skipped/>
  </testcase> <!-- verifyLengthTableInSupplierPage -->
  <testcase classname="com.Tests.SupplierMasterTest" name="verifyPopUpWhenUserChooseInvalidPhoto" time="0.002">
    <skipped/>
  </testcase> <!-- verifyPopUpWhenUserChooseInvalidPhoto -->
  <testcase classname="com.Tests.SupplierMasterTest" name="verifyNextButtonIsWorkingProperlyOrNot" time="0.003">
    <skipped/>
  </testcase> <!-- verifyNextButtonIsWorkingProperlyOrNot -->
  <testcase classname="com.Tests.SupplierMasterTest" name="verifyTestSortingBySupplierName" time="0.011">
    <skipped/>
  </testcase> <!-- verifyTestSortingBySupplierName -->
  <testcase classname="com.Tests.SupplierMasterTest" name="verifySortingButtonIsWorkingInSupplierLocation" time="0.001">
    <skipped/>
  </testcase> <!-- verifySortingButtonIsWorkingInSupplierLocation -->
  <testcase classname="com.Tests.SupplierMasterTest" name="verifySortingButtonIsWorkingInBusinessDomain" time="0.001">
    <skipped/>
  </testcase> <!-- verifySortingButtonIsWorkingInBusinessDomain -->
  <testcase classname="com.Tests.SupplierMasterTest" name="verifySortingButtonIsWorkingInBusinessSegment" time="0.004">
    <skipped/>
  </testcase> <!-- verifySortingButtonIsWorkingInBusinessSegment -->
  <testcase classname="com.Tests.SupplierMasterTest" name="verifyExportExcelFileAndValidateWithUIData" time="0.005">
    <skipped/>
  </testcase> <!-- verifyExportExcelFileAndValidateWithUIData -->
  <testcase classname="com.Tests.SupplierMasterTest" name="importnewexcelfile" time="0.002">
    <skipped/>
  </testcase> <!-- importnewexcelfile -->
  <testcase classname="com.Tests.SupplierMasterTest" name="VerifySupplierAllocationInOHPMaster" time="0.003">
    <skipped/>
  </testcase> <!-- VerifySupplierAllocationInOHPMaster -->
  <testcase classname="com.Tests.SupplierMasterTest" name="VerifySupplierMasterDoesNotSaveWithoutSelectiongSupplierName" time="0.001">
    <skipped/>
  </testcase> <!-- VerifySupplierMasterDoesNotSaveWithoutSelectiongSupplierName -->
  <testcase classname="com.Tests.SupplierMasterTest" name="verifySupplierMasterDoesNotSaveWithoutSelectingSupplierLocation" time="0.009">
    <skipped/>
  </testcase> <!-- verifySupplierMasterDoesNotSaveWithoutSelectingSupplierLocation -->
  <testcase classname="com.Tests.SupplierMasterTest" name="verifysupplierMasterDoesNotSaveWithoutSelectingBusinessDomain" time="0.000">
    <skipped/>
  </testcase> <!-- verifysupplierMasterDoesNotSaveWithoutSelectingBusinessDomain -->
</testsuite> <!-- com.Tests.SupplierMasterTest -->
